Started by user [8mha:////4No/f6glFmRLX5ebmbIECRV1UilxYmCDUZVMEFB74V00AAAApB+LCAAAAAAAAP9b85aBtbiIQTGjNKU4P08vOT+vOD8nVc83PyU1x6OyILUoJzMv2y+/JJUBAhiZGBgqihhk0NSjKDWzXb3RdlLBUSYGJk8GtpzUvPSSDB8G5tKinBIGIZ+sxLJE/ZzEvHT94JKizLx0a6BxUmjGOUNodHsLgAzhEgZJ/dLi1CL9xNzMvFSHgsyKxJzM/LxUoOZcAA0R/WrOAAAA[0mamine@pixalione.com
Obtained Jenkinsfile from 560c813d8698575847685139f1890898a0b405f9
Running in Durability level: MAX_SURVIVABILITY
Loading library rdpixalione/config-server@master
Attempting to resolve master from remote references...
 > git --version # timeout=10
using GIT_ASKPASS to set credentials 
 > git ls-remote -h -t https://AminePix@bitbucket.org/rdpixalione/config-server.git # timeout=10
Found match: refs/heads/master revision 166100e9059142d90cbe7ae99d1ad2f8274c15b2
 > git rev-parse --is-inside-work-tree # timeout=10
Fetching changes from the remote Git repository
 > git config remote.origin.url https://AminePix@bitbucket.org/rdpixalione/config-server.git # timeout=10
Fetching without tags
Fetching upstream changes from https://AminePix@bitbucket.org/rdpixalione/config-server.git
 > git --version # timeout=10
using GIT_ASKPASS to set credentials 
 > git fetch --no-tags --progress https://AminePix@bitbucket.org/rdpixalione/config-server.git +refs/heads/*:refs/remotes/origin/*
Checking out Revision 166100e9059142d90cbe7ae99d1ad2f8274c15b2 (master)
 > git config core.sparsecheckout # timeout=10
 > git checkout -f 166100e9059142d90cbe7ae99d1ad2f8274c15b2
Commit message: " Update Config"
 > git rev-list --no-walk 166100e9059142d90cbe7ae99d1ad2f8274c15b2 # timeout=10
[Bitbucket] Notifying commit build result
[8mha:////4M0V9PLP6zVz+MKemnNnnAazoay+mPDPpiBaS17KUDe5AAAAaB+LCAAAAAAAAP9b85aBtbiIwTG/KF0vKzUvOzOvODlTryCnNB3I0ivPL8pOy8kv18vKT9JLzs8rzs9J1QuHCgaV5jlDhPzyS1IZIICRiYGhoohBKqM0pTg/D64Hh8ICAFt0h+h/AAAA[0m[Pipeline] node
Running on [8mha:////4K4MzFhT6D5/R1Js31HuD01X05fxR9+Xs/55mWynmuoQAAAAnh+LCAAAAAAAAP9b85aBtbiIQTGjNKU4P08vOT+vOD8nVc83PyU1x6OyILUoJzMv2y+/JJUBAhiZGBgqihhk0NSjKDWzXb3RdlLBUSYGJk8GtpzUvPSSDB8G5tKinBIGIZ+sxLJE/ZzEvHT94JKizLx0a6BxUmjGOUNodHsLgAz2EgZh/eT83ILSktQifY3cxGIgrakPAHib2iPIAAAA[0mJenkins in /var/jenkins_home/workspace/robottxtservice_master-ETL2XKAMIY3Y7BITJJG6N6FNWIVCHQM3WT5JAWC6CJ7XZXSK2RCA
[8mha:////4M0V9PLP6zVz+MKemnNnnAazoay+mPDPpiBaS17KUDe5AAAAaB+LCAAAAAAAAP9b85aBtbiIwTG/KF0vKzUvOzOvODlTryCnNB3I0ivPL8pOy8kv18vKT9JLzs8rzs9J1QuHCgaV5jlDhPzyS1IZIICRiYGhoohBKqM0pTg/D64Hh8ICAFt0h+h/AAAA[0m[Pipeline] {
[8mha:////4M0V9PLP6zVz+MKemnNnnAazoay+mPDPpiBaS17KUDe5AAAAaB+LCAAAAAAAAP9b85aBtbiIwTG/KF0vKzUvOzOvODlTryCnNB3I0ivPL8pOy8kv18vKT9JLzs8rzs9J1QuHCgaV5jlDhPzyS1IZIICRiYGhoohBKqM0pTg/D64Hh8ICAFt0h+h/AAAA[0m[Pipeline] deleteDir
[8mha:////4M0V9PLP6zVz+MKemnNnnAazoay+mPDPpiBaS17KUDe5AAAAaB+LCAAAAAAAAP9b85aBtbiIwTG/KF0vKzUvOzOvODlTryCnNB3I0ivPL8pOy8kv18vKT9JLzs8rzs9J1QuHCgaV5jlDhPzyS1IZIICRiYGhoohBKqM0pTg/D64Hh8ICAFt0h+h/AAAA[0m[Pipeline] stage
[8mha:////4M0V9PLP6zVz+MKemnNnnAazoay+mPDPpiBaS17KUDe5AAAAaB+LCAAAAAAAAP9b85aBtbiIwTG/KF0vKzUvOzOvODlTryCnNB3I0ivPL8pOy8kv18vKT9JLzs8rzs9J1QuHCgaV5jlDhPzyS1IZIICRiYGhoohBKqM0pTg/D64Hh8ICAFt0h+h/AAAA[0m[Pipeline] { (Clone)
[8mha:////4M0V9PLP6zVz+MKemnNnnAazoay+mPDPpiBaS17KUDe5AAAAaB+LCAAAAAAAAP9b85aBtbiIwTG/KF0vKzUvOzOvODlTryCnNB3I0ivPL8pOy8kv18vKT9JLzs8rzs9J1QuHCgaV5jlDhPzyS1IZIICRiYGhoohBKqM0pTg/D64Hh8ICAFt0h+h/AAAA[0m[Pipeline] checkout
Cloning the remote Git repository
Cloning with configured refspecs honoured and without tags
Cloning repository https://bitbucket.org/rdpixalione/robottxtservice.git
 > git init /var/jenkins_home/workspace/robottxtservice_master-ETL2XKAMIY3Y7BITJJG6N6FNWIVCHQM3WT5JAWC6CJ7XZXSK2RCA # timeout=10
Fetching upstream changes from https://bitbucket.org/rdpixalione/robottxtservice.git
 > git --version # timeout=10
using GIT_ASKPASS to set credentials Bitbucket server credentials
 > git fetch --no-tags --progress https://bitbucket.org/rdpixalione/robottxtservice.git +refs/heads/master:refs/remotes/origin/master
 > git config remote.origin.url https://bitbucket.org/rdpixalione/robottxtservice.git # timeout=10
 > git config --add remote.origin.fetch +refs/heads/master:refs/remotes/origin/master # timeout=10
 > git config remote.origin.url https://bitbucket.org/rdpixalione/robottxtservice.git # timeout=10
Fetching without tags
Fetching upstream changes from https://bitbucket.org/rdpixalione/robottxtservice.git
using GIT_ASKPASS to set credentials Bitbucket server credentials
 > git fetch --no-tags --progress https://bitbucket.org/rdpixalione/robottxtservice.git +refs/heads/master:refs/remotes/origin/master
Checking out Revision 560c813d8698575847685139f1890898a0b405f9 (master)
 > git config core.sparsecheckout # timeout=10
 > git checkout -f 560c813d8698575847685139f1890898a0b405f9
Commit message: " Delete Makefile"
 > git rev-list --no-walk 560c813d8698575847685139f1890898a0b405f9 # timeout=10
[Bitbucket] Notifying commit build result
[8mha:////4M0V9PLP6zVz+MKemnNnnAazoay+mPDPpiBaS17KUDe5AAAAaB+LCAAAAAAAAP9b85aBtbiIwTG/KF0vKzUvOzOvODlTryCnNB3I0ivPL8pOy8kv18vKT9JLzs8rzs9J1QuHCgaV5jlDhPzyS1IZIICRiYGhoohBKqM0pTg/D64Hh8ICAFt0h+h/AAAA[0m[Pipeline] }
[8mha:////4M0V9PLP6zVz+MKemnNnnAazoay+mPDPpiBaS17KUDe5AAAAaB+LCAAAAAAAAP9b85aBtbiIwTG/KF0vKzUvOzOvODlTryCnNB3I0ivPL8pOy8kv18vKT9JLzs8rzs9J1QuHCgaV5jlDhPzyS1IZIICRiYGhoohBKqM0pTg/D64Hh8ICAFt0h+h/AAAA[0m[Pipeline] // stage
[8mha:////4M0V9PLP6zVz+MKemnNnnAazoay+mPDPpiBaS17KUDe5AAAAaB+LCAAAAAAAAP9b85aBtbiIwTG/KF0vKzUvOzOvODlTryCnNB3I0ivPL8pOy8kv18vKT9JLzs8rzs9J1QuHCgaV5jlDhPzyS1IZIICRiYGhoohBKqM0pTg/D64Hh8ICAFt0h+h/AAAA[0m[Pipeline] stage
[8mha:////4M0V9PLP6zVz+MKemnNnnAazoay+mPDPpiBaS17KUDe5AAAAaB+LCAAAAAAAAP9b85aBtbiIwTG/KF0vKzUvOzOvODlTryCnNB3I0ivPL8pOy8kv18vKT9JLzs8rzs9J1QuHCgaV5jlDhPzyS1IZIICRiYGhoohBKqM0pTg/D64Hh8ICAFt0h+h/AAAA[0m[Pipeline] { (Build)
[8mha:////4M0V9PLP6zVz+MKemnNnnAazoay+mPDPpiBaS17KUDe5AAAAaB+LCAAAAAAAAP9b85aBtbiIwTG/KF0vKzUvOzOvODlTryCnNB3I0ivPL8pOy8kv18vKT9JLzs8rzs9J1QuHCgaV5jlDhPzyS1IZIICRiYGhoohBKqM0pTg/D64Hh8ICAFt0h+h/AAAA[0m[Pipeline] echo
Compiling and Building...
[8mha:////4M0V9PLP6zVz+MKemnNnnAazoay+mPDPpiBaS17KUDe5AAAAaB+LCAAAAAAAAP9b85aBtbiIwTG/KF0vKzUvOzOvODlTryCnNB3I0ivPL8pOy8kv18vKT9JLzs8rzs9J1QuHCgaV5jlDhPzyS1IZIICRiYGhoohBKqM0pTg/D64Hh8ICAFt0h+h/AAAA[0m[Pipeline] sh
[robottxtservice_master-ETL2XKAMIY3Y7BITJJG6N6FNWIVCHQM3WT5JAWC6CJ7XZXSK2RCA] Running shell script
+ mvn compile
[INFO] Scanning for projects...
[INFO]                                                                         
[INFO] ------------------------------------------------------------------------
[INFO] Building robottxt 0.0.1-SNAPSHOT
[INFO] ------------------------------------------------------------------------
[INFO] 
[INFO] --- maven-resources-plugin:2.6:resources (default-resources) @ robottxt ---
[INFO] Using 'UTF-8' encoding to copy filtered resources.
[INFO] Copying 2 resources
[INFO] Copying 0 resource
[INFO] 
[INFO] --- maven-compiler-plugin:3.1:compile (default-compile) @ robottxt ---
[INFO] Changes detected - recompiling the module!
[INFO] Compiling 25 source files to /var/jenkins_home/workspace/robottxtservice_master-ETL2XKAMIY3Y7BITJJG6N6FNWIVCHQM3WT5JAWC6CJ7XZXSK2RCA/target/classes
[INFO] ------------------------------------------------------------------------
[INFO] BUILD SUCCESS
[INFO] ------------------------------------------------------------------------
[INFO] Total time: 2.565 s
[INFO] Finished at: 2018-04-19T07:36:12+00:00
[INFO] Final Memory: 30M/572M
[INFO] ------------------------------------------------------------------------
[8mha:////4M0V9PLP6zVz+MKemnNnnAazoay+mPDPpiBaS17KUDe5AAAAaB+LCAAAAAAAAP9b85aBtbiIwTG/KF0vKzUvOzOvODlTryCnNB3I0ivPL8pOy8kv18vKT9JLzs8rzs9J1QuHCgaV5jlDhPzyS1IZIICRiYGhoohBKqM0pTg/D64Hh8ICAFt0h+h/AAAA[0m[Pipeline] }
[8mha:////4M0V9PLP6zVz+MKemnNnnAazoay+mPDPpiBaS17KUDe5AAAAaB+LCAAAAAAAAP9b85aBtbiIwTG/KF0vKzUvOzOvODlTryCnNB3I0ivPL8pOy8kv18vKT9JLzs8rzs9J1QuHCgaV5jlDhPzyS1IZIICRiYGhoohBKqM0pTg/D64Hh8ICAFt0h+h/AAAA[0m[Pipeline] // stage
[8mha:////4M0V9PLP6zVz+MKemnNnnAazoay+mPDPpiBaS17KUDe5AAAAaB+LCAAAAAAAAP9b85aBtbiIwTG/KF0vKzUvOzOvODlTryCnNB3I0ivPL8pOy8kv18vKT9JLzs8rzs9J1QuHCgaV5jlDhPzyS1IZIICRiYGhoohBKqM0pTg/D64Hh8ICAFt0h+h/AAAA[0m[Pipeline] stage
[8mha:////4M0V9PLP6zVz+MKemnNnnAazoay+mPDPpiBaS17KUDe5AAAAaB+LCAAAAAAAAP9b85aBtbiIwTG/KF0vKzUvOzOvODlTryCnNB3I0ivPL8pOy8kv18vKT9JLzs8rzs9J1QuHCgaV5jlDhPzyS1IZIICRiYGhoohBKqM0pTg/D64Hh8ICAFt0h+h/AAAA[0m[Pipeline] { (Tests)
[8mha:////4M0V9PLP6zVz+MKemnNnnAazoay+mPDPpiBaS17KUDe5AAAAaB+LCAAAAAAAAP9b85aBtbiIwTG/KF0vKzUvOzOvODlTryCnNB3I0ivPL8pOy8kv18vKT9JLzs8rzs9J1QuHCgaV5jlDhPzyS1IZIICRiYGhoohBKqM0pTg/D64Hh8ICAFt0h+h/AAAA[0m[Pipeline] parallel
[8mha:////4M0V9PLP6zVz+MKemnNnnAazoay+mPDPpiBaS17KUDe5AAAAaB+LCAAAAAAAAP9b85aBtbiIwTG/KF0vKzUvOzOvODlTryCnNB3I0ivPL8pOy8kv18vKT9JLzs8rzs9J1QuHCgaV5jlDhPzyS1IZIICRiYGhoohBKqM0pTg/D64Hh8ICAFt0h+h/AAAA[0m[Pipeline] [Test and Build] { (Branch: Test and Build)
[8mha:////4M0V9PLP6zVz+MKemnNnnAazoay+mPDPpiBaS17KUDe5AAAAaB+LCAAAAAAAAP9b85aBtbiIwTG/KF0vKzUvOzOvODlTryCnNB3I0ivPL8pOy8kv18vKT9JLzs8rzs9J1QuHCgaV5jlDhPzyS1IZIICRiYGhoohBKqM0pTg/D64Hh8ICAFt0h+h/AAAA[0m[Pipeline] [Test with Sonar] { (Branch: Test with Sonar)
[8mha:////4M0V9PLP6zVz+MKemnNnnAazoay+mPDPpiBaS17KUDe5AAAAaB+LCAAAAAAAAP9b85aBtbiIwTG/KF0vKzUvOzOvODlTryCnNB3I0ivPL8pOy8kv18vKT9JLzs8rzs9J1QuHCgaV5jlDhPzyS1IZIICRiYGhoohBKqM0pTg/D64Hh8ICAFt0h+h/AAAA[0m[Pipeline] [Test and Build] echo
[Test and Build] Testing...
[8mha:////4M0V9PLP6zVz+MKemnNnnAazoay+mPDPpiBaS17KUDe5AAAAaB+LCAAAAAAAAP9b85aBtbiIwTG/KF0vKzUvOzOvODlTryCnNB3I0ivPL8pOy8kv18vKT9JLzs8rzs9J1QuHCgaV5jlDhPzyS1IZIICRiYGhoohBKqM0pTg/D64Hh8ICAFt0h+h/AAAA[0m[Pipeline] [Test and Build] sh
[Test and Build] [robottxtservice_master-ETL2XKAMIY3Y7BITJJG6N6FNWIVCHQM3WT5JAWC6CJ7XZXSK2RCA] Running shell script
[8mha:////4M0V9PLP6zVz+MKemnNnnAazoay+mPDPpiBaS17KUDe5AAAAaB+LCAAAAAAAAP9b85aBtbiIwTG/KF0vKzUvOzOvODlTryCnNB3I0ivPL8pOy8kv18vKT9JLzs8rzs9J1QuHCgaV5jlDhPzyS1IZIICRiYGhoohBKqM0pTg/D64Hh8ICAFt0h+h/AAAA[0m[Pipeline] [Test with Sonar] echo
[Test with Sonar] Testing With Sonar Server ...
[8mha:////4M0V9PLP6zVz+MKemnNnnAazoay+mPDPpiBaS17KUDe5AAAAaB+LCAAAAAAAAP9b85aBtbiIwTG/KF0vKzUvOzOvODlTryCnNB3I0ivPL8pOy8kv18vKT9JLzs8rzs9J1QuHCgaV5jlDhPzyS1IZIICRiYGhoohBKqM0pTg/D64Hh8ICAFt0h+h/AAAA[0m[Pipeline] [Test with Sonar] sh
[Test and Build] + mvn test
[Test with Sonar] [robottxtservice_master-ETL2XKAMIY3Y7BITJJG6N6FNWIVCHQM3WT5JAWC6CJ7XZXSK2RCA] Running shell script
[Test with Sonar] + mvn sonar:sonar -Dsonar.host.url=http://213.32.75.99:9000 -Dsonar.login=4f71b9d7d33b0f4e07d40d3acc7c26dad5e95fdc
[Test and Build] [INFO] Scanning for projects...
[Test and Build] [INFO]                                                                         
[Test and Build] [INFO] ------------------------------------------------------------------------
[Test and Build] [INFO] Building robottxt 0.0.1-SNAPSHOT
[Test and Build] [INFO] ------------------------------------------------------------------------
[Test with Sonar] [INFO] Scanning for projects...
[Test and Build] [INFO] 
[Test and Build] [INFO] --- maven-resources-plugin:2.6:resources (default-resources) @ robottxt ---
[Test and Build] [INFO] Using 'UTF-8' encoding to copy filtered resources.
[Test and Build] [INFO] Copying 2 resources
[Test and Build] [INFO] Copying 0 resource
[Test and Build] [INFO] 
[Test and Build] [INFO] --- maven-compiler-plugin:3.1:compile (default-compile) @ robottxt ---
[Test and Build] [INFO] Nothing to compile - all classes are up to date
[Test and Build] [INFO] 
[Test and Build] [INFO] --- maven-resources-plugin:2.6:testResources (default-testResources) @ robottxt ---
[Test and Build] [INFO] Using 'UTF-8' encoding to copy filtered resources.
[Test and Build] [INFO] skip non existing resourceDirectory /var/jenkins_home/workspace/robottxtservice_master-ETL2XKAMIY3Y7BITJJG6N6FNWIVCHQM3WT5JAWC6CJ7XZXSK2RCA/src/test/resources
[Test and Build] [INFO] 
[Test and Build] [INFO] --- maven-compiler-plugin:3.1:testCompile (default-testCompile) @ robottxt ---
[Test and Build] [INFO] Changes detected - recompiling the module!
[Test and Build] [INFO] Compiling 6 source files to /var/jenkins_home/workspace/robottxtservice_master-ETL2XKAMIY3Y7BITJJG6N6FNWIVCHQM3WT5JAWC6CJ7XZXSK2RCA/target/test-classes
[Test with Sonar] [INFO]                                                                         
[Test with Sonar] [INFO] ------------------------------------------------------------------------
[Test with Sonar] [INFO] Building robottxt 0.0.1-SNAPSHOT
[Test with Sonar] [INFO] ------------------------------------------------------------------------
[Test with Sonar] [INFO] 
[Test with Sonar] [INFO] --- sonar-maven-plugin:3.4.0.905:sonar (default-cli) @ robottxt ---
[Test and Build] [INFO] 
[Test and Build] [INFO] --- maven-surefire-plugin:2.18.1:test (default-test) @ robottxt ---
[Test and Build] [INFO] Surefire report directory: /var/jenkins_home/workspace/robottxtservice_master-ETL2XKAMIY3Y7BITJJG6N6FNWIVCHQM3WT5JAWC6CJ7XZXSK2RCA/target/surefire-reports
[Test and Build] 
[Test and Build] -------------------------------------------------------
[Test and Build]  T E S T S
[Test and Build] -------------------------------------------------------
[Test with Sonar] [INFO] User cache: /root/.sonar/cache
[Test with Sonar] [INFO] SonarQube version: 7.0.0
[Test with Sonar] [INFO] Default locale: "en", source code encoding: "UTF-8"
[Test with Sonar] [INFO] Publish mode
[Test and Build] 07:36:17.365 [main] DEBUG org.springframework.test.context.junit4.SpringJUnit4ClassRunner - SpringJUnit4ClassRunner constructor called with [class com.pixalione.monetoring.v2.RobotsTxtApplicationTest]
[Test and Build] 07:36:17.372 [main] DEBUG org.springframework.test.context.BootstrapUtils - Instantiating CacheAwareContextLoaderDelegate from class [org.springframework.test.context.cache.DefaultCacheAwareContextLoaderDelegate]
[Test and Build] 07:36:17.389 [main] DEBUG org.springframework.test.context.BootstrapUtils - Instantiating BootstrapContext using constructor [public org.springframework.test.context.support.DefaultBootstrapContext(java.lang.Class,org.springframework.test.context.CacheAwareContextLoaderDelegate)]
[Test and Build] 07:36:17.445 [main] DEBUG org.springframework.test.context.BootstrapUtils - Instantiating TestContextBootstrapper for test class [com.pixalione.monetoring.v2.RobotsTxtApplicationTest] from class [org.springframework.boot.test.context.SpringBootTestContextBootstrapper]
[Test and Build] 07:36:17.460 [main] INFO org.springframework.boot.test.context.SpringBootTestContextBootstrapper - Neither @ContextConfiguration nor @ContextHierarchy found for test class [com.pixalione.monetoring.v2.RobotsTxtApplicationTest], using SpringBootContextLoader
[Test and Build] 07:36:17.465 [main] DEBUG org.springframework.test.context.support.AbstractContextLoader - Did not detect default resource location for test class [com.pixalione.monetoring.v2.RobotsTxtApplicationTest]: class path resource [com/pixalione/monetoring/v2/RobotsTxtApplicationTest-context.xml] does not exist
[Test and Build] 07:36:17.466 [main] DEBUG org.springframework.test.context.support.AbstractContextLoader - Did not detect default resource location for test class [com.pixalione.monetoring.v2.RobotsTxtApplicationTest]: class path resource [com/pixalione/monetoring/v2/RobotsTxtApplicationTestContext.groovy] does not exist
[Test and Build] 07:36:17.466 [main] INFO org.springframework.test.context.support.AbstractContextLoader - Could not detect default resource locations for test class [com.pixalione.monetoring.v2.RobotsTxtApplicationTest]: no resource found for suffixes {-context.xml, Context.groovy}.
[Test and Build] 07:36:17.467 [main] INFO org.springframework.test.context.support.AnnotationConfigContextLoaderUtils - Could not detect default configuration classes for test class [com.pixalione.monetoring.v2.RobotsTxtApplicationTest]: RobotsTxtApplicationTest does not declare any static, non-private, non-final, nested classes annotated with @Configuration.
[Test and Build] 07:36:17.512 [main] DEBUG org.springframework.test.context.support.ActiveProfilesUtils - Could not find an 'annotation declaring class' for annotation type [org.springframework.test.context.ActiveProfiles] and class [com.pixalione.monetoring.v2.RobotsTxtApplicationTest]
[Test and Build] 07:36:17.524 [main] DEBUG org.springframework.core.env.StandardEnvironment - Adding [systemProperties] PropertySource with lowest search precedence
[Test and Build] 07:36:17.525 [main] DEBUG org.springframework.core.env.StandardEnvironment - Adding [systemEnvironment] PropertySource with lowest search precedence
[Test and Build] 07:36:17.526 [main] DEBUG org.springframework.core.env.StandardEnvironment - Initialized StandardEnvironment with PropertySources [systemProperties,systemEnvironment]
[Test and Build] 07:36:17.568 [main] DEBUG org.springframework.core.io.support.PathMatchingResourcePatternResolver - Resolved classpath location [com/pixalione/monetoring/v2/] to resources [URL [file:/var/jenkins_home/workspace/robottxtservice_master-ETL2XKAMIY3Y7BITJJG6N6FNWIVCHQM3WT5JAWC6CJ7XZXSK2RCA/target/test-classes/com/pixalione/monetoring/v2/], URL [file:/var/jenkins_home/workspace/robottxtservice_master-ETL2XKAMIY3Y7BITJJG6N6FNWIVCHQM3WT5JAWC6CJ7XZXSK2RCA/target/classes/com/pixalione/monetoring/v2/]]
[Test and Build] 07:36:17.569 [main] DEBUG org.springframework.core.io.support.PathMatchingResourcePatternResolver - Looking for matching resources in directory tree [/var/jenkins_home/workspace/robottxtservice_master-ETL2XKAMIY3Y7BITJJG6N6FNWIVCHQM3WT5JAWC6CJ7XZXSK2RCA/target/test-classes/com/pixalione/monetoring/v2]
[Test and Build] 07:36:17.569 [main] DEBUG org.springframework.core.io.support.PathMatchingResourcePatternResolver - Searching directory [/var/jenkins_home/workspace/robottxtservice_master-ETL2XKAMIY3Y7BITJJG6N6FNWIVCHQM3WT5JAWC6CJ7XZXSK2RCA/target/test-classes/com/pixalione/monetoring/v2] for files matching pattern [/var/jenkins_home/workspace/robottxtservice_master-ETL2XKAMIY3Y7BITJJG6N6FNWIVCHQM3WT5JAWC6CJ7XZXSK2RCA/target/test-classes/com/pixalione/monetoring/v2/*.class]
[Test and Build] 07:36:17.594 [main] DEBUG org.springframework.core.io.support.PathMatchingResourcePatternResolver - Looking for matching resources in directory tree [/var/jenkins_home/workspace/robottxtservice_master-ETL2XKAMIY3Y7BITJJG6N6FNWIVCHQM3WT5JAWC6CJ7XZXSK2RCA/target/classes/com/pixalione/monetoring/v2]
[Test and Build] 07:36:17.594 [main] DEBUG org.springframework.core.io.support.PathMatchingResourcePatternResolver - Searching directory [/var/jenkins_home/workspace/robottxtservice_master-ETL2XKAMIY3Y7BITJJG6N6FNWIVCHQM3WT5JAWC6CJ7XZXSK2RCA/target/classes/com/pixalione/monetoring/v2] for files matching pattern [/var/jenkins_home/workspace/robottxtservice_master-ETL2XKAMIY3Y7BITJJG6N6FNWIVCHQM3WT5JAWC6CJ7XZXSK2RCA/target/classes/com/pixalione/monetoring/v2/*.class]
[Test and Build] 07:36:17.596 [main] DEBUG org.springframework.core.io.support.PathMatchingResourcePatternResolver - Resolved location pattern [classpath*:com/pixalione/monetoring/v2/*.class] to resources [file [/var/jenkins_home/workspace/robottxtservice_master-ETL2XKAMIY3Y7BITJJG6N6FNWIVCHQM3WT5JAWC6CJ7XZXSK2RCA/target/test-classes/com/pixalione/monetoring/v2/RobotsTxtApplicationTest.class], file [/var/jenkins_home/workspace/robottxtservice_master-ETL2XKAMIY3Y7BITJJG6N6FNWIVCHQM3WT5JAWC6CJ7XZXSK2RCA/target/classes/com/pixalione/monetoring/v2/RobotsTxtApplication.class]]
[Test and Build] 07:36:17.679 [main] DEBUG org.springframework.context.annotation.ClassPathScanningCandidateComponentProvider - Identified candidate component class: file [/var/jenkins_home/workspace/robottxtservice_master-ETL2XKAMIY3Y7BITJJG6N6FNWIVCHQM3WT5JAWC6CJ7XZXSK2RCA/target/classes/com/pixalione/monetoring/v2/RobotsTxtApplication.class]
[Test and Build] 07:36:17.681 [main] INFO org.springframework.boot.test.context.SpringBootTestContextBootstrapper - Found @SpringBootConfiguration com.pixalione.monetoring.v2.RobotsTxtApplication for test class com.pixalione.monetoring.v2.RobotsTxtApplicationTest
[Test and Build] 07:36:17.685 [main] DEBUG org.springframework.boot.test.context.SpringBootTestContextBootstrapper - @TestExecutionListeners is not present for class [com.pixalione.monetoring.v2.RobotsTxtApplicationTest]: using defaults.
[Test and Build] 07:36:17.688 [main] INFO org.springframework.boot.test.context.SpringBootTestContextBootstrapper - Loaded default TestExecutionListener class names from location [META-INF/spring.factories]: [org.springframework.boot.test.mock.mockito.MockitoTestExecutionListener, org.springframework.boot.test.mock.mockito.ResetMocksTestExecutionListener, org.springframework.boot.test.autoconfigure.restdocs.RestDocsTestExecutionListener, org.springframework.boot.test.autoconfigure.web.client.MockRestServiceServerResetTestExecutionListener, org.springframework.boot.test.autoconfigure.web.servlet.MockMvcPrintOnlyOnFailureTestExecutionListener, org.springframework.boot.test.autoconfigure.web.servlet.WebDriverTestExecutionListener, org.springframework.test.context.web.ServletTestExecutionListener, org.springframework.test.context.support.DirtiesContextBeforeModesTestExecutionListener, org.springframework.test.context.support.DependencyInjectionTestExecutionListener, org.springframework.test.context.support.DirtiesContextTestExecutionListener, org.springframework.test.context.transaction.TransactionalTestExecutionListener, org.springframework.test.context.jdbc.SqlScriptsTestExecutionListener]
[Test and Build] 07:36:17.709 [main] INFO org.springframework.boot.test.context.SpringBootTestContextBootstrapper - Using TestExecutionListeners: [org.springframework.test.context.web.ServletTestExecutionListener@2d127a61, org.springframework.test.context.support.DirtiesContextBeforeModesTestExecutionListener@2bbaf4f0, org.springframework.boot.test.autoconfigure.SpringBootDependencyInjectionTestExecutionListener@11c20519, org.springframework.test.context.support.DirtiesContextTestExecutionListener@70beb599, org.springframework.test.context.transaction.TransactionalTestExecutionListener@4e41089d, org.springframework.test.context.jdbc.SqlScriptsTestExecutionListener@32a068d1, org.springframework.boot.test.autoconfigure.web.servlet.MockMvcPrintOnlyOnFailureTestExecutionListener@33cb5951, org.springframework.boot.test.autoconfigure.restdocs.RestDocsTestExecutionListener@365c30cc, org.springframework.boot.test.mock.mockito.ResetMocksTestExecutionListener@701fc37a, org.springframework.boot.test.autoconfigure.web.servlet.WebDriverTestExecutionListener@4148db48, org.springframework.boot.test.autoconfigure.web.client.MockRestServiceServerResetTestExecutionListener@282003e1, org.springframework.boot.test.mock.mockito.MockitoTestExecutionListener@7fad8c79]
[Test and Build] 07:36:17.712 [main] DEBUG org.springframework.test.context.junit4.SpringJUnit4ClassRunner - SpringJUnit4ClassRunner constructor called with [class com.pixalione.monetoring.v2.Robots.Core.RobotParserLogicTest]
[Test and Build] 07:36:17.712 [main] DEBUG org.springframework.test.context.BootstrapUtils - Instantiating CacheAwareContextLoaderDelegate from class [org.springframework.test.context.cache.DefaultCacheAwareContextLoaderDelegate]
[Test and Build] 07:36:17.713 [main] DEBUG org.springframework.test.context.BootstrapUtils - Instantiating BootstrapContext using constructor [public org.springframework.test.context.support.DefaultBootstrapContext(java.lang.Class,org.springframework.test.context.CacheAwareContextLoaderDelegate)]
[Test and Build] 07:36:17.713 [main] DEBUG org.springframework.test.context.BootstrapUtils - Instantiating TestContextBootstrapper for test class [com.pixalione.monetoring.v2.Robots.Core.RobotParserLogicTest] from class [org.springframework.boot.test.context.SpringBootTestContextBootstrapper]
[Test and Build] 07:36:17.714 [main] INFO org.springframework.boot.test.context.SpringBootTestContextBootstrapper - Neither @ContextConfiguration nor @ContextHierarchy found for test class [com.pixalione.monetoring.v2.Robots.Core.RobotParserLogicTest], using SpringBootContextLoader
[Test and Build] 07:36:17.714 [main] DEBUG org.springframework.test.context.support.AbstractContextLoader - Did not detect default resource location for test class [com.pixalione.monetoring.v2.Robots.Core.RobotParserLogicTest]: class path resource [com/pixalione/monetoring/v2/Robots/Core/RobotParserLogicTest-context.xml] does not exist
[Test and Build] 07:36:17.714 [main] DEBUG org.springframework.test.context.support.AbstractContextLoader - Did not detect default resource location for test class [com.pixalione.monetoring.v2.Robots.Core.RobotParserLogicTest]: class path resource [com/pixalione/monetoring/v2/Robots/Core/RobotParserLogicTestContext.groovy] does not exist
[Test and Build] 07:36:17.715 [main] INFO org.springframework.test.context.support.AbstractContextLoader - Could not detect default resource locations for test class [com.pixalione.monetoring.v2.Robots.Core.RobotParserLogicTest]: no resource found for suffixes {-context.xml, Context.groovy}.
[Test and Build] 07:36:17.715 [main] INFO org.springframework.test.context.support.AnnotationConfigContextLoaderUtils - Could not detect default configuration classes for test class [com.pixalione.monetoring.v2.Robots.Core.RobotParserLogicTest]: RobotParserLogicTest does not declare any static, non-private, non-final, nested classes annotated with @Configuration.
[Test and Build] 07:36:17.722 [main] DEBUG org.springframework.test.context.support.ActiveProfilesUtils - Could not find an 'annotation declaring class' for annotation type [org.springframework.test.context.ActiveProfiles] and class [com.pixalione.monetoring.v2.Robots.Core.RobotParserLogicTest]
[Test and Build] 07:36:17.722 [main] DEBUG org.springframework.core.env.StandardEnvironment - Adding [systemProperties] PropertySource with lowest search precedence
[Test and Build] 07:36:17.722 [main] DEBUG org.springframework.core.env.StandardEnvironment - Adding [systemEnvironment] PropertySource with lowest search precedence
[Test and Build] 07:36:17.722 [main] DEBUG org.springframework.core.env.StandardEnvironment - Initialized StandardEnvironment with PropertySources [systemProperties,systemEnvironment]
[Test and Build] 07:36:17.723 [main] DEBUG org.springframework.core.io.support.PathMatchingResourcePatternResolver - Resolved classpath location [com/pixalione/monetoring/v2/Robots/Core/] to resources [URL [file:/var/jenkins_home/workspace/robottxtservice_master-ETL2XKAMIY3Y7BITJJG6N6FNWIVCHQM3WT5JAWC6CJ7XZXSK2RCA/target/test-classes/com/pixalione/monetoring/v2/Robots/Core/], URL [file:/var/jenkins_home/workspace/robottxtservice_master-ETL2XKAMIY3Y7BITJJG6N6FNWIVCHQM3WT5JAWC6CJ7XZXSK2RCA/target/classes/com/pixalione/monetoring/v2/Robots/Core/]]
[Test and Build] 07:36:17.723 [main] DEBUG org.springframework.core.io.support.PathMatchingResourcePatternResolver - Looking for matching resources in directory tree [/var/jenkins_home/workspace/robottxtservice_master-ETL2XKAMIY3Y7BITJJG6N6FNWIVCHQM3WT5JAWC6CJ7XZXSK2RCA/target/test-classes/com/pixalione/monetoring/v2/Robots/Core]
[Test and Build] 07:36:17.723 [main] DEBUG org.springframework.core.io.support.PathMatchingResourcePatternResolver - Searching directory [/var/jenkins_home/workspace/robottxtservice_master-ETL2XKAMIY3Y7BITJJG6N6FNWIVCHQM3WT5JAWC6CJ7XZXSK2RCA/target/test-classes/com/pixalione/monetoring/v2/Robots/Core] for files matching pattern [/var/jenkins_home/workspace/robottxtservice_master-ETL2XKAMIY3Y7BITJJG6N6FNWIVCHQM3WT5JAWC6CJ7XZXSK2RCA/target/test-classes/com/pixalione/monetoring/v2/Robots/Core/*.class]
[Test and Build] 07:36:17.724 [main] DEBUG org.springframework.core.io.support.PathMatchingResourcePatternResolver - Looking for matching resources in directory tree [/var/jenkins_home/workspace/robottxtservice_master-ETL2XKAMIY3Y7BITJJG6N6FNWIVCHQM3WT5JAWC6CJ7XZXSK2RCA/target/classes/com/pixalione/monetoring/v2/Robots/Core]
[Test and Build] 07:36:17.724 [main] DEBUG org.springframework.core.io.support.PathMatchingResourcePatternResolver - Searching directory [/var/jenkins_home/workspace/robottxtservice_master-ETL2XKAMIY3Y7BITJJG6N6FNWIVCHQM3WT5JAWC6CJ7XZXSK2RCA/target/classes/com/pixalione/monetoring/v2/Robots/Core] for files matching pattern [/var/jenkins_home/workspace/robottxtservice_master-ETL2XKAMIY3Y7BITJJG6N6FNWIVCHQM3WT5JAWC6CJ7XZXSK2RCA/target/classes/com/pixalione/monetoring/v2/Robots/Core/*.class]
[Test and Build] 07:36:17.725 [main] DEBUG org.springframework.core.io.support.PathMatchingResourcePatternResolver - Resolved location pattern [classpath*:com/pixalione/monetoring/v2/Robots/Core/*.class] to resources [file [/var/jenkins_home/workspace/robottxtservice_master-ETL2XKAMIY3Y7BITJJG6N6FNWIVCHQM3WT5JAWC6CJ7XZXSK2RCA/target/test-classes/com/pixalione/monetoring/v2/Robots/Core/RobotParserLogicTest.class], file [/var/jenkins_home/workspace/robottxtservice_master-ETL2XKAMIY3Y7BITJJG6N6FNWIVCHQM3WT5JAWC6CJ7XZXSK2RCA/target/classes/com/pixalione/monetoring/v2/Robots/Core/RobotParserLogic.class], file [/var/jenkins_home/workspace/robottxtservice_master-ETL2XKAMIY3Y7BITJJG6N6FNWIVCHQM3WT5JAWC6CJ7XZXSK2RCA/target/classes/com/pixalione/monetoring/v2/Robots/Core/RobotsUtils.class], file [/var/jenkins_home/workspace/robottxtservice_master-ETL2XKAMIY3Y7BITJJG6N6FNWIVCHQM3WT5JAWC6CJ7XZXSK2RCA/target/classes/com/pixalione/monetoring/v2/Robots/Core/RulesUtils.class], file [/var/jenkins_home/workspace/robottxtservice_master-ETL2XKAMIY3Y7BITJJG6N6FNWIVCHQM3WT5JAWC6CJ7XZXSK2RCA/target/classes/com/pixalione/monetoring/v2/Robots/Core/SiteMapParserLogic.class], file [/var/jenkins_home/workspace/robottxtservice_master-ETL2XKAMIY3Y7BITJJG6N6FNWIVCHQM3WT5JAWC6CJ7XZXSK2RCA/target/classes/com/pixalione/monetoring/v2/Robots/Core/UserAgentParserLogic.class], file [/var/jenkins_home/workspace/robottxtservice_master-ETL2XKAMIY3Y7BITJJG6N6FNWIVCHQM3WT5JAWC6CJ7XZXSK2RCA/target/classes/com/pixalione/monetoring/v2/Robots/Core/UserAgentUtils.class]]
[Test and Build] 07:36:17.730 [main] DEBUG org.springframework.core.io.support.PathMatchingResourcePatternResolver - Resolved classpath location [com/pixalione/monetoring/v2/Robots/] to resources [URL [file:/var/jenkins_home/workspace/robottxtservice_master-ETL2XKAMIY3Y7BITJJG6N6FNWIVCHQM3WT5JAWC6CJ7XZXSK2RCA/target/test-classes/com/pixalione/monetoring/v2/Robots/], URL [file:/var/jenkins_home/workspace/robottxtservice_master-ETL2XKAMIY3Y7BITJJG6N6FNWIVCHQM3WT5JAWC6CJ7XZXSK2RCA/target/classes/com/pixalione/monetoring/v2/Robots/]]
[Test and Build] 07:36:17.730 [main] DEBUG org.springframework.core.io.support.PathMatchingResourcePatternResolver - Looking for matching resources in directory tree [/var/jenkins_home/workspace/robottxtservice_master-ETL2XKAMIY3Y7BITJJG6N6FNWIVCHQM3WT5JAWC6CJ7XZXSK2RCA/target/test-classes/com/pixalione/monetoring/v2/Robots]
[Test and Build] 07:36:17.730 [main] DEBUG org.springframework.core.io.support.PathMatchingResourcePatternResolver - Searching directory [/var/jenkins_home/workspace/robottxtservice_master-ETL2XKAMIY3Y7BITJJG6N6FNWIVCHQM3WT5JAWC6CJ7XZXSK2RCA/target/test-classes/com/pixalione/monetoring/v2/Robots] for files matching pattern [/var/jenkins_home/workspace/robottxtservice_master-ETL2XKAMIY3Y7BITJJG6N6FNWIVCHQM3WT5JAWC6CJ7XZXSK2RCA/target/test-classes/com/pixalione/monetoring/v2/Robots/*.class]
[Test and Build] 07:36:17.731 [main] DEBUG org.springframework.core.io.support.PathMatchingResourcePatternResolver - Looking for matching resources in directory tree [/var/jenkins_home/workspace/robottxtservice_master-ETL2XKAMIY3Y7BITJJG6N6FNWIVCHQM3WT5JAWC6CJ7XZXSK2RCA/target/classes/com/pixalione/monetoring/v2/Robots]
[Test and Build] 07:36:17.731 [main] DEBUG org.springframework.core.io.support.PathMatchingResourcePatternResolver - Searching directory [/var/jenkins_home/workspace/robottxtservice_master-ETL2XKAMIY3Y7BITJJG6N6FNWIVCHQM3WT5JAWC6CJ7XZXSK2RCA/target/classes/com/pixalione/monetoring/v2/Robots] for files matching pattern [/var/jenkins_home/workspace/robottxtservice_master-ETL2XKAMIY3Y7BITJJG6N6FNWIVCHQM3WT5JAWC6CJ7XZXSK2RCA/target/classes/com/pixalione/monetoring/v2/Robots/*.class]
[Test and Build] 07:36:17.733 [main] DEBUG org.springframework.core.io.support.PathMatchingResourcePatternResolver - Resolved location pattern [classpath*:com/pixalione/monetoring/v2/Robots/*.class] to resources []
[Test and Build] 07:36:17.735 [main] DEBUG org.springframework.core.io.support.PathMatchingResourcePatternResolver - Resolved classpath location [com/pixalione/monetoring/v2/] to resources [URL [file:/var/jenkins_home/workspace/robottxtservice_master-ETL2XKAMIY3Y7BITJJG6N6FNWIVCHQM3WT5JAWC6CJ7XZXSK2RCA/target/test-classes/com/pixalione/monetoring/v2/], URL [file:/var/jenkins_home/workspace/robottxtservice_master-ETL2XKAMIY3Y7BITJJG6N6FNWIVCHQM3WT5JAWC6CJ7XZXSK2RCA/target/classes/com/pixalione/monetoring/v2/]]
[Test and Build] 07:36:17.735 [main] DEBUG org.springframework.core.io.support.PathMatchingResourcePatternResolver - Looking for matching resources in directory tree [/var/jenkins_home/workspace/robottxtservice_master-ETL2XKAMIY3Y7BITJJG6N6FNWIVCHQM3WT5JAWC6CJ7XZXSK2RCA/target/test-classes/com/pixalione/monetoring/v2]
[Test and Build] 07:36:17.735 [main] DEBUG org.springframework.core.io.support.PathMatchingResourcePatternResolver - Searching directory [/var/jenkins_home/workspace/robottxtservice_master-ETL2XKAMIY3Y7BITJJG6N6FNWIVCHQM3WT5JAWC6CJ7XZXSK2RCA/target/test-classes/com/pixalione/monetoring/v2] for files matching pattern [/var/jenkins_home/workspace/robottxtservice_master-ETL2XKAMIY3Y7BITJJG6N6FNWIVCHQM3WT5JAWC6CJ7XZXSK2RCA/target/test-classes/com/pixalione/monetoring/v2/*.class]
[Test and Build] 07:36:17.736 [main] DEBUG org.springframework.core.io.support.PathMatchingResourcePatternResolver - Looking for matching resources in directory tree [/var/jenkins_home/workspace/robottxtservice_master-ETL2XKAMIY3Y7BITJJG6N6FNWIVCHQM3WT5JAWC6CJ7XZXSK2RCA/target/classes/com/pixalione/monetoring/v2]
[Test and Build] 07:36:17.736 [main] DEBUG org.springframework.core.io.support.PathMatchingResourcePatternResolver - Searching directory [/var/jenkins_home/workspace/robottxtservice_master-ETL2XKAMIY3Y7BITJJG6N6FNWIVCHQM3WT5JAWC6CJ7XZXSK2RCA/target/classes/com/pixalione/monetoring/v2] for files matching pattern [/var/jenkins_home/workspace/robottxtservice_master-ETL2XKAMIY3Y7BITJJG6N6FNWIVCHQM3WT5JAWC6CJ7XZXSK2RCA/target/classes/com/pixalione/monetoring/v2/*.class]
[Test and Build] 07:36:17.736 [main] DEBUG org.springframework.core.io.support.PathMatchingResourcePatternResolver - Resolved location pattern [classpath*:com/pixalione/monetoring/v2/*.class] to resources [file [/var/jenkins_home/workspace/robottxtservice_master-ETL2XKAMIY3Y7BITJJG6N6FNWIVCHQM3WT5JAWC6CJ7XZXSK2RCA/target/test-classes/com/pixalione/monetoring/v2/RobotsTxtApplicationTest.class], file [/var/jenkins_home/workspace/robottxtservice_master-ETL2XKAMIY3Y7BITJJG6N6FNWIVCHQM3WT5JAWC6CJ7XZXSK2RCA/target/classes/com/pixalione/monetoring/v2/RobotsTxtApplication.class]]
[Test and Build] 07:36:17.738 [main] DEBUG org.springframework.context.annotation.ClassPathScanningCandidateComponentProvider - Identified candidate component class: file [/var/jenkins_home/workspace/robottxtservice_master-ETL2XKAMIY3Y7BITJJG6N6FNWIVCHQM3WT5JAWC6CJ7XZXSK2RCA/target/classes/com/pixalione/monetoring/v2/RobotsTxtApplication.class]
[Test and Build] 07:36:17.738 [main] INFO org.springframework.boot.test.context.SpringBootTestContextBootstrapper - Found @SpringBootConfiguration com.pixalione.monetoring.v2.RobotsTxtApplication for test class com.pixalione.monetoring.v2.Robots.Core.RobotParserLogicTest
[Test and Build] 07:36:17.740 [main] DEBUG org.springframework.boot.test.context.SpringBootTestContextBootstrapper - @TestExecutionListeners is not present for class [com.pixalione.monetoring.v2.Robots.Core.RobotParserLogicTest]: using defaults.
[Test and Build] 07:36:17.744 [main] INFO org.springframework.boot.test.context.SpringBootTestContextBootstrapper - Loaded default TestExecutionListener class names from location [META-INF/spring.factories]: [org.springframework.boot.test.mock.mockito.MockitoTestExecutionListener, org.springframework.boot.test.mock.mockito.ResetMocksTestExecutionListener, org.springframework.boot.test.autoconfigure.restdocs.RestDocsTestExecutionListener, org.springframework.boot.test.autoconfigure.web.client.MockRestServiceServerResetTestExecutionListener, org.springframework.boot.test.autoconfigure.web.servlet.MockMvcPrintOnlyOnFailureTestExecutionListener, org.springframework.boot.test.autoconfigure.web.servlet.WebDriverTestExecutionListener, org.springframework.test.context.web.ServletTestExecutionListener, org.springframework.test.context.support.DirtiesContextBeforeModesTestExecutionListener, org.springframework.test.context.support.DependencyInjectionTestExecutionListener, org.springframework.test.context.support.DirtiesContextTestExecutionListener, org.springframework.test.context.transaction.TransactionalTestExecutionListener, org.springframework.test.context.jdbc.SqlScriptsTestExecutionListener]
[Test and Build] 07:36:17.750 [main] INFO org.springframework.boot.test.context.SpringBootTestContextBootstrapper - Using TestExecutionListeners: [org.springframework.test.context.web.ServletTestExecutionListener@709ba3fb, org.springframework.test.context.support.DirtiesContextBeforeModesTestExecutionListener@3d36e4cd, org.springframework.boot.test.autoconfigure.SpringBootDependencyInjectionTestExecutionListener@6a472554, org.springframework.test.context.support.DirtiesContextTestExecutionListener@7ff2a664, org.springframework.test.context.transaction.TransactionalTestExecutionListener@525b461a, org.springframework.test.context.jdbc.SqlScriptsTestExecutionListener@58c1c010, org.springframework.boot.test.autoconfigure.web.servlet.MockMvcPrintOnlyOnFailureTestExecutionListener@b7f23d9, org.springframework.boot.test.autoconfigure.restdocs.RestDocsTestExecutionListener@61d47554, org.springframework.boot.test.mock.mockito.ResetMocksTestExecutionListener@69b794e2, org.springframework.boot.test.autoconfigure.web.servlet.WebDriverTestExecutionListener@3f200884, org.springframework.boot.test.autoconfigure.web.client.MockRestServiceServerResetTestExecutionListener@4d339552, org.springframework.boot.test.mock.mockito.MockitoTestExecutionListener@f0f2775]
[Test and Build] 07:36:17.752 [main] DEBUG org.springframework.test.annotation.ProfileValueUtils - Retrieved @ProfileValueSourceConfiguration [null] for test class [com.pixalione.monetoring.v2.RobotsTxtApplicationTest]
[Test and Build] 07:36:17.753 [main] DEBUG org.springframework.test.annotation.ProfileValueUtils - Retrieved ProfileValueSource type [class org.springframework.test.annotation.SystemProfileValueSource] for class [com.pixalione.monetoring.v2.RobotsTxtApplicationTest]
[Test and Build] 07:36:17.754 [main] DEBUG org.springframework.test.annotation.ProfileValueUtils - Retrieved @ProfileValueSourceConfiguration [null] for test class [com.pixalione.monetoring.v2.Robots.Core.RobotParserLogicTest]
[Test and Build] 07:36:17.754 [main] DEBUG org.springframework.test.annotation.ProfileValueUtils - Retrieved ProfileValueSource type [class org.springframework.test.annotation.SystemProfileValueSource] for class [com.pixalione.monetoring.v2.Robots.Core.RobotParserLogicTest]
[Test and Build] Running com.pixalione.monetoring.v2.RobotsTxtApplicationTest
[Test and Build] 07:36:17.758 [main] DEBUG org.springframework.test.context.junit4.SpringJUnit4ClassRunner - SpringJUnit4ClassRunner constructor called with [class com.pixalione.monetoring.v2.RobotsTxtApplicationTest]
[Test and Build] 07:36:17.758 [main] DEBUG org.springframework.test.context.BootstrapUtils - Instantiating CacheAwareContextLoaderDelegate from class [org.springframework.test.context.cache.DefaultCacheAwareContextLoaderDelegate]
[Test and Build] 07:36:17.758 [main] DEBUG org.springframework.test.context.BootstrapUtils - Instantiating BootstrapContext using constructor [public org.springframework.test.context.support.DefaultBootstrapContext(java.lang.Class,org.springframework.test.context.CacheAwareContextLoaderDelegate)]
[Test and Build] 07:36:17.759 [main] DEBUG org.springframework.test.context.BootstrapUtils - Instantiating TestContextBootstrapper for test class [com.pixalione.monetoring.v2.RobotsTxtApplicationTest] from class [org.springframework.boot.test.context.SpringBootTestContextBootstrapper]
[Test and Build] 07:36:17.760 [main] INFO org.springframework.boot.test.context.SpringBootTestContextBootstrapper - Neither @ContextConfiguration nor @ContextHierarchy found for test class [com.pixalione.monetoring.v2.RobotsTxtApplicationTest], using SpringBootContextLoader
[Test and Build] 07:36:17.760 [main] DEBUG org.springframework.test.context.support.AbstractContextLoader - Did not detect default resource location for test class [com.pixalione.monetoring.v2.RobotsTxtApplicationTest]: class path resource [com/pixalione/monetoring/v2/RobotsTxtApplicationTest-context.xml] does not exist
[Test and Build] 07:36:17.764 [main] DEBUG org.springframework.test.context.support.AbstractContextLoader - Did not detect default resource location for test class [com.pixalione.monetoring.v2.RobotsTxtApplicationTest]: class path resource [com/pixalione/monetoring/v2/RobotsTxtApplicationTestContext.groovy] does not exist
[Test and Build] 07:36:17.764 [main] INFO org.springframework.test.context.support.AbstractContextLoader - Could not detect default resource locations for test class [com.pixalione.monetoring.v2.RobotsTxtApplicationTest]: no resource found for suffixes {-context.xml, Context.groovy}.
[Test and Build] 07:36:17.764 [main] INFO org.springframework.test.context.support.AnnotationConfigContextLoaderUtils - Could not detect default configuration classes for test class [com.pixalione.monetoring.v2.RobotsTxtApplicationTest]: RobotsTxtApplicationTest does not declare any static, non-private, non-final, nested classes annotated with @Configuration.
[Test and Build] 07:36:17.769 [main] DEBUG org.springframework.test.context.support.ActiveProfilesUtils - Could not find an 'annotation declaring class' for annotation type [org.springframework.test.context.ActiveProfiles] and class [com.pixalione.monetoring.v2.RobotsTxtApplicationTest]
[Test and Build] 07:36:17.769 [main] DEBUG org.springframework.core.env.StandardEnvironment - Adding [systemProperties] PropertySource with lowest search precedence
[Test and Build] 07:36:17.769 [main] DEBUG org.springframework.core.env.StandardEnvironment - Adding [systemEnvironment] PropertySource with lowest search precedence
[Test and Build] 07:36:17.770 [main] DEBUG org.springframework.core.env.StandardEnvironment - Initialized StandardEnvironment with PropertySources [systemProperties,systemEnvironment]
[Test and Build] 07:36:17.770 [main] INFO org.springframework.boot.test.context.SpringBootTestContextBootstrapper - Found @SpringBootConfiguration com.pixalione.monetoring.v2.RobotsTxtApplication for test class com.pixalione.monetoring.v2.RobotsTxtApplicationTest
[Test and Build] 07:36:17.772 [main] DEBUG org.springframework.boot.test.context.SpringBootTestContextBootstrapper - @TestExecutionListeners is not present for class [com.pixalione.monetoring.v2.RobotsTxtApplicationTest]: using defaults.
[Test and Build] 07:36:17.774 [main] INFO org.springframework.boot.test.context.SpringBootTestContextBootstrapper - Loaded default TestExecutionListener class names from location [META-INF/spring.factories]: [org.springframework.boot.test.mock.mockito.MockitoTestExecutionListener, org.springframework.boot.test.mock.mockito.ResetMocksTestExecutionListener, org.springframework.boot.test.autoconfigure.restdocs.RestDocsTestExecutionListener, org.springframework.boot.test.autoconfigure.web.client.MockRestServiceServerResetTestExecutionListener, org.springframework.boot.test.autoconfigure.web.servlet.MockMvcPrintOnlyOnFailureTestExecutionListener, org.springframework.boot.test.autoconfigure.web.servlet.WebDriverTestExecutionListener, org.springframework.test.context.web.ServletTestExecutionListener, org.springframework.test.context.support.DirtiesContextBeforeModesTestExecutionListener, org.springframework.test.context.support.DependencyInjectionTestExecutionListener, org.springframework.test.context.support.DirtiesContextTestExecutionListener, org.springframework.test.context.transaction.TransactionalTestExecutionListener, org.springframework.test.context.jdbc.SqlScriptsTestExecutionListener]
[Test and Build] 07:36:17.781 [main] INFO org.springframework.boot.test.context.SpringBootTestContextBootstrapper - Using TestExecutionListeners: [org.springframework.test.context.web.ServletTestExecutionListener@5ea434c8, org.springframework.test.context.support.DirtiesContextBeforeModesTestExecutionListener@3bbc39f8, org.springframework.boot.test.autoconfigure.SpringBootDependencyInjectionTestExecutionListener@4ae3c1cd, org.springframework.test.context.support.DirtiesContextTestExecutionListener@29f69090, org.springframework.test.context.transaction.TransactionalTestExecutionListener@568bf312, org.springframework.test.context.jdbc.SqlScriptsTestExecutionListener@ca263c2, org.springframework.boot.test.autoconfigure.web.servlet.MockMvcPrintOnlyOnFailureTestExecutionListener@589b3632, org.springframework.boot.test.autoconfigure.restdocs.RestDocsTestExecutionListener@45f45fa1, org.springframework.boot.test.mock.mockito.ResetMocksTestExecutionListener@4c6e276e, org.springframework.boot.test.autoconfigure.web.servlet.WebDriverTestExecutionListener@534df152, org.springframework.boot.test.autoconfigure.web.client.MockRestServiceServerResetTestExecutionListener@52e677af, org.springframework.boot.test.mock.mockito.MockitoTestExecutionListener@35083305]
[Test and Build] 07:36:17.782 [main] DEBUG org.springframework.test.annotation.ProfileValueUtils - Retrieved @ProfileValueSourceConfiguration [null] for test class [com.pixalione.monetoring.v2.RobotsTxtApplicationTest]
[Test and Build] 07:36:17.782 [main] DEBUG org.springframework.test.annotation.ProfileValueUtils - Retrieved ProfileValueSource type [class org.springframework.test.annotation.SystemProfileValueSource] for class [com.pixalione.monetoring.v2.RobotsTxtApplicationTest]
[Test and Build] 07:36:17.782 [main] DEBUG org.springframework.test.annotation.ProfileValueUtils - Retrieved @ProfileValueSourceConfiguration [null] for test class [com.pixalione.monetoring.v2.RobotsTxtApplicationTest]
[Test and Build] 07:36:17.783 [main] DEBUG org.springframework.test.annotation.ProfileValueUtils - Retrieved ProfileValueSource type [class org.springframework.test.annotation.SystemProfileValueSource] for class [com.pixalione.monetoring.v2.RobotsTxtApplicationTest]
[Test and Build] 07:36:17.788 [main] DEBUG org.springframework.test.context.support.AbstractDirtiesContextTestExecutionListener - Before test class: context [DefaultTestContext@2893de87 testClass = RobotsTxtApplicationTest, testInstance = [null], testMethod = [null], testException = [null], mergedContextConfiguration = [WebMergedContextConfiguration@55ca8de8 testClass = RobotsTxtApplicationTest, locations = '{}', classes = '{class com.pixalione.monetoring.v2.RobotsTxtApplication}', contextInitializerClasses = '[]', activeProfiles = '{}', propertySourceLocations = '{}', propertySourceProperties = '{org.springframework.boot.test.context.SpringBootTestContextBootstrapper=true}', contextCustomizers = set[org.springframework.boot.test.context.SpringBootTestContextCustomizer@2b2948e2, org.springframework.boot.test.context.filter.ExcludeFilterContextCustomizer@3b0143d3, org.springframework.boot.test.mock.mockito.MockitoContextCustomizer@0, org.springframework.boot.test.autoconfigure.properties.PropertyMappingContextCustomizer@0, org.springframework.boot.test.autoconfigure.web.servlet.WebDriverContextCustomizerFactory$Customizer@79be0360], resourceBasePath = 'src/main/webapp', contextLoader = 'org.springframework.boot.test.context.SpringBootContextLoader', parent = [null]]], class annotated with @DirtiesContext [false] with mode [null].
[Test and Build] 07:36:17.789 [main] DEBUG org.springframework.test.annotation.ProfileValueUtils - Retrieved @ProfileValueSourceConfiguration [null] for test class [com.pixalione.monetoring.v2.RobotsTxtApplicationTest]
[Test and Build] 07:36:17.789 [main] DEBUG org.springframework.test.annotation.ProfileValueUtils - Retrieved ProfileValueSource type [class org.springframework.test.annotation.SystemProfileValueSource] for class [com.pixalione.monetoring.v2.RobotsTxtApplicationTest]
[Test with Sonar] [INFO] Load global settings
[Test with Sonar] [INFO] Load global settings (done) | time=111ms
[Test with Sonar] [INFO] Server id: AWLNpaenYXGBWF_7PvT0
[Test with Sonar] [INFO] User cache: /root/.sonar/cache
[Test with Sonar] [INFO] Load plugins index
[Test with Sonar] [INFO] Load plugins index (done) | time=72ms
[Test with Sonar] [INFO] Load/download plugins
[Test with Sonar] [INFO] Load/download plugins (done) | time=24ms
[Test and Build] 07:36:17.904 [main] DEBUG org.springframework.core.env.StandardEnvironment - Adding [systemProperties] PropertySource with lowest search precedence
[Test and Build] 07:36:17.904 [main] DEBUG org.springframework.core.env.StandardEnvironment - Adding [systemEnvironment] PropertySource with lowest search precedence
[Test and Build] 07:36:17.905 [main] DEBUG org.springframework.core.env.StandardEnvironment - Initialized StandardEnvironment with PropertySources [systemProperties,systemEnvironment]
[Test and Build] 07:36:17.906 [main] DEBUG org.springframework.test.context.support.TestPropertySourceUtils - Adding inlined properties to environment: {spring.jmx.enabled=false, org.springframework.boot.test.context.SpringBootTestContextBootstrapper=true, server.port=-1}
[Test and Build] 07:36:17.906 [main] DEBUG org.springframework.core.env.StandardEnvironment - Adding [Inlined Test Properties] PropertySource with highest search precedence
[Test and Build] 
[Test and Build]   .   ____          _            __ _ _
[Test and Build]  /\\ / ___'_ __ _ _(_)_ __  __ _ \ \ \ \
[Test and Build] ( ( )\___ | '_ | '_| | '_ \/ _` | \ \ \ \
[Test and Build]  \\/  ___)| |_)| | | | | || (_| |  ) ) ) )
[Test and Build]   '  |____| .__|_| |_|_| |_\__, | / / / /
[Test and Build]  =========|_|==============|___/=/_/_/_/
[Test and Build]  :: Spring Boot ::        (v1.4.3.RELEASE)
[Test and Build] 
[Test and Build] 2018-04-19 07:36:18.586  INFO 19749 --- [           main] c.p.m.v2.RobotsTxtApplicationTest        : Starting RobotsTxtApplicationTest on 58305515bd83 with PID 19749 (started by root in /var/jenkins_home/workspace/robottxtservice_master-ETL2XKAMIY3Y7BITJJG6N6FNWIVCHQM3WT5JAWC6CJ7XZXSK2RCA)
[Test and Build] 2018-04-19 07:36:18.588  INFO 19749 --- [           main] c.p.m.v2.RobotsTxtApplicationTest        : No active profile set, falling back to default profiles: default
[Test and Build] 2018-04-19 07:36:18.650  INFO 19749 --- [           main] o.s.w.c.s.GenericWebApplicationContext   : Refreshing org.springframework.web.context.support.GenericWebApplicationContext@4bd31064: startup date [Thu Apr 19 07:36:18 UTC 2018]; root of context hierarchy
[Test with Sonar] [INFO] Process project properties
[Test with Sonar] [INFO] Load project repositories
[Test with Sonar] [INFO] Load project repositories (done) | time=379ms
[Test with Sonar] [INFO] Load quality profiles
[Test with Sonar] [INFO] Load quality profiles (done) | time=40ms
[Test with Sonar] [INFO] Load active rules
[Test with Sonar] [INFO] Load active rules (done) | time=530ms
[Test with Sonar] [INFO] Load metrics repository
[Test with Sonar] [INFO] Load metrics repository (done) | time=25ms
[Test with Sonar] [INFO] Project key: com.pixalione.monetoring.v2:robottxt
[Test with Sonar] [INFO] -------------  Scan robottxt
[Test with Sonar] [INFO] Load server rules
[Test with Sonar] [INFO] Load server rules (done) | time=53ms
[Test with Sonar] [INFO] Base dir: /var/jenkins_home/workspace/robottxtservice_master-ETL2XKAMIY3Y7BITJJG6N6FNWIVCHQM3WT5JAWC6CJ7XZXSK2RCA
[Test with Sonar] [INFO] Working dir: /var/jenkins_home/workspace/robottxtservice_master-ETL2XKAMIY3Y7BITJJG6N6FNWIVCHQM3WT5JAWC6CJ7XZXSK2RCA/target/sonar
[Test with Sonar] [INFO] Source paths: pom.xml, src/main/java
[Test with Sonar] [INFO] Test paths: src/test/java
[Test with Sonar] [INFO] Source encoding: UTF-8, default locale: en
[Test with Sonar] [INFO] Index files
[Test with Sonar] [INFO] 32 files indexed
[Test with Sonar] [INFO] Quality profile for java: Sonar way
[Test with Sonar] [INFO] Quality profile for xml: Sonar way
[Test and Build] 2018-04-19 07:36:19.965  INFO 19749 --- [           main] o.s.b.f.s.DefaultListableBeanFactory     : Overriding bean definition for bean 'mongo' with a different definition: replacing [Root bean: class [null]; scope=; abstract=false; lazyInit=false; autowireMode=3; dependencyCheck=0; autowireCandidate=true; primary=false; factoryBeanName=mongoConfig; factoryMethodName=mongo; initMethodName=null; destroyMethodName=(inferred); defined in class path resource [com/pixalione/monetoring/v2/Robots/Config/MongoConfig.class]] with [Root bean: class [null]; scope=; abstract=false; lazyInit=false; autowireMode=3; dependencyCheck=0; autowireCandidate=true; primary=false; factoryBeanName=org.springframework.boot.autoconfigure.mongo.MongoAutoConfiguration; factoryMethodName=mongo; initMethodName=null; destroyMethodName=(inferred); defined in class path resource [org/springframework/boot/autoconfigure/mongo/MongoAutoConfiguration.class]]
[Test with Sonar] [INFO] Sensor JavaSquidSensor [java]
[Test with Sonar] [INFO] Configured Java source version (sonar.java.source): 8
[Test and Build] 2018-04-19 07:36:21.063  INFO 19749 --- [           main] org.mongodb.driver.cluster               : Cluster created with settings {hosts=[213.32.75.99:27017], mode=MULTIPLE, requiredClusterType=UNKNOWN, serverSelectionTimeout='30000 ms', maxWaitQueueSize=500}
[Test and Build] 2018-04-19 07:36:21.063  INFO 19749 --- [           main] org.mongodb.driver.cluster               : Adding discovered server 213.32.75.99:27017 to client view of cluster
[Test and Build] 2018-04-19 07:36:21.374  INFO 19749 --- [.32.75.99:27017] org.mongodb.driver.connection            : Opened connection [connectionId{localValue:1, serverValue:732}] to 213.32.75.99:27017
[Test and Build] 2018-04-19 07:36:21.383  INFO 19749 --- [.32.75.99:27017] org.mongodb.driver.cluster               : Monitor thread successfully connected to server with description ServerDescription{address=213.32.75.99:27017, type=STANDALONE, state=CONNECTED, ok=true, version=ServerVersion{versionList=[3, 4, 14]}, minWireVersion=0, maxWireVersion=5, maxDocumentSize=16777216, logicalSessionTimeoutMinutes=null, roundTripTimeNanos=1206267}
[Test and Build] 2018-04-19 07:36:21.386  INFO 19749 --- [.32.75.99:27017] org.mongodb.driver.cluster               : Discovered cluster type of STANDALONE
[Test and Build] 2018-04-19 07:36:21.598  INFO 19749 --- [           main] org.mongodb.driver.connection            : Opened connection [connectionId{localValue:2, serverValue:733}] to 213.32.75.99:27017
[Test with Sonar] [INFO] JavaClasspath initialization
[Test with Sonar] [INFO] JavaClasspath initialization (done) | time=31ms
[Test with Sonar] [INFO] JavaTestClasspath initialization
[Test with Sonar] [INFO] JavaTestClasspath initialization (done) | time=4ms
[Test with Sonar] [INFO] Java Main Files AST scan
[Test with Sonar] [INFO] 25 source files to be analyzed
[Test and Build] 2018-04-19 07:36:22.336  INFO 19749 --- [           main] s.w.s.m.m.a.RequestMappingHandlerMapping : Mapped "{[/parseRobotTxt],methods=[GET]}" onto public com.pixalione.monetoring.v2.Robots.Models.Robot com.pixalione.monetoring.v2.Robots.Controller.RobotTxtController.parseRobotTxt(int,int,java.lang.String,java.lang.String,boolean,boolean)
[Test and Build] 2018-04-19 07:36:22.339  INFO 19749 --- [           main] s.w.s.m.m.a.RequestMappingHandlerMapping : Mapped "{[/parseRobotTxts],methods=[POST]}" onto public java.util.Collection<com.pixalione.monetoring.v2.Robots.Models.Robot> com.pixalione.monetoring.v2.Robots.Controller.RobotTxtController.parseRobotsTxts(java.util.Set<java.lang.String>,int,int,java.lang.String,boolean,boolean)
[Test and Build] 2018-04-19 07:36:22.344  INFO 19749 --- [           main] s.w.s.m.m.a.RequestMappingHandlerMapping : Mapped "{[/isAllowed],methods=[GET]}" onto public boolean com.pixalione.monetoring.v2.Robots.Controller.RulesController.isAllowed(int,int,java.lang.String,java.lang.String,java.lang.String)
[Test and Build] 2018-04-19 07:36:22.347  INFO 19749 --- [           main] s.w.s.m.m.a.RequestMappingHandlerMapping : Mapped "{[/parseSiteMaps],methods=[GET]}" onto public java.util.Set<com.pixalione.monetoring.v2.Robots.Models.SiteMap> com.pixalione.monetoring.v2.Robots.Controller.SiteMapController.getSiteMaps(int,int,java.lang.String,java.lang.String,boolean,boolean)
[Test and Build] 2018-04-19 07:36:22.347  INFO 19749 --- [           main] s.w.s.m.m.a.RequestMappingHandlerMapping : Mapped "{[/AsyncParseSiteMaps],methods=[GET]}" onto public java.util.Set<com.pixalione.monetoring.v2.Robots.Models.SiteMap> com.pixalione.monetoring.v2.Robots.Controller.SiteMapController.getAsyncSiteMaps(int,int,java.lang.String,java.lang.String,boolean,boolean)
[Test and Build] 2018-04-19 07:36:22.348  INFO 19749 --- [           main] s.w.s.m.m.a.RequestMappingHandlerMapping : Mapped "{[/setValidSiteMap],methods=[POST]}" onto public com.pixalione.monetoring.v2.Robots.Models.Robot com.pixalione.monetoring.v2.Robots.Controller.SiteMapController.setValidSiteMap(int,int,java.lang.String,java.util.Set<com.pixalione.monetoring.v2.Robots.Models.SiteMap>)
[Test and Build] 2018-04-19 07:36:22.348  INFO 19749 --- [           main] s.w.s.m.m.a.RequestMappingHandlerMapping : Mapped "{[/ParseSiteMap],methods=[POST]}" onto public java.util.Set<java.lang.String> com.pixalione.monetoring.v2.Robots.Controller.SiteMapController.ParseSiteMap(java.lang.String)
[Test and Build] 2018-04-19 07:36:22.349  INFO 19749 --- [           main] s.w.s.m.m.a.RequestMappingHandlerMapping : Mapped "{[/v2/api-docs],methods=[GET],produces=[application/json || application/hal+json]}" onto public org.springframework.http.ResponseEntity<springfox.documentation.spring.web.json.Json> springfox.documentation.swagger2.web.Swagger2Controller.getDocumentation(java.lang.String,javax.servlet.http.HttpServletRequest)
[Test and Build] 2018-04-19 07:36:22.352  INFO 19749 --- [           main] s.w.s.m.m.a.RequestMappingHandlerMapping : Mapped "{[/configuration/security]}" onto org.springframework.http.ResponseEntity<springfox.documentation.swagger.web.SecurityConfiguration> springfox.documentation.swagger.web.ApiResourceController.securityConfiguration()
[Test and Build] 2018-04-19 07:36:22.353  INFO 19749 --- [           main] s.w.s.m.m.a.RequestMappingHandlerMapping : Mapped "{[/configuration/ui]}" onto org.springframework.http.ResponseEntity<springfox.documentation.swagger.web.UiConfiguration> springfox.documentation.swagger.web.ApiResourceController.uiConfiguration()
[Test and Build] 2018-04-19 07:36:22.354  INFO 19749 --- [           main] s.w.s.m.m.a.RequestMappingHandlerMapping : Mapped "{[/swagger-resources]}" onto org.springframework.http.ResponseEntity<java.util.List<springfox.documentation.swagger.web.SwaggerResource>> springfox.documentation.swagger.web.ApiResourceController.swaggerResources()
[Test and Build] 2018-04-19 07:36:22.358  INFO 19749 --- [           main] s.w.s.m.m.a.RequestMappingHandlerMapping : Mapped "{[/error]}" onto public org.springframework.http.ResponseEntity<java.util.Map<java.lang.String, java.lang.Object>> org.springframework.boot.autoconfigure.web.BasicErrorController.error(javax.servlet.http.HttpServletRequest)
[Test and Build] 2018-04-19 07:36:22.359  INFO 19749 --- [           main] s.w.s.m.m.a.RequestMappingHandlerMapping : Mapped "{[/error],produces=[text/html]}" onto public org.springframework.web.servlet.ModelAndView org.springframework.boot.autoconfigure.web.BasicErrorController.errorHtml(javax.servlet.http.HttpServletRequest,javax.servlet.http.HttpServletResponse)
[Test and Build] 2018-04-19 07:36:22.973  INFO 19749 --- [           main] s.w.s.m.m.a.RequestMappingHandlerAdapter : Looking for @ControllerAdvice: org.springframework.web.context.support.GenericWebApplicationContext@4bd31064: startup date [Thu Apr 19 07:36:18 UTC 2018]; root of context hierarchy
[Test and Build] 2018-04-19 07:36:23.047  INFO 19749 --- [           main] o.s.w.s.handler.SimpleUrlHandlerMapping  : Mapped URL path [/webjars/**] onto handler of type [class org.springframework.web.servlet.resource.ResourceHttpRequestHandler]
[Test and Build] 2018-04-19 07:36:23.048  INFO 19749 --- [           main] o.s.w.s.handler.SimpleUrlHandlerMapping  : Mapped URL path [/**] onto handler of type [class org.springframework.web.servlet.resource.ResourceHttpRequestHandler]
[Test and Build] 2018-04-19 07:36:23.087  INFO 19749 --- [           main] o.s.w.s.handler.SimpleUrlHandlerMapping  : Mapped URL path [/**/favicon.ico] onto handler of type [class org.springframework.web.servlet.resource.ResourceHttpRequestHandler]
[Test and Build] 2018-04-19 07:36:23.327  INFO 19749 --- [           main] d.s.w.p.DocumentationPluginsBootstrapper : Context refreshed
[Test and Build] 2018-04-19 07:36:23.356  INFO 19749 --- [           main] d.s.w.p.DocumentationPluginsBootstrapper : Found 1 custom documentation plugin(s)
[Test and Build] 2018-04-19 07:36:23.377  INFO 19749 --- [           main] s.d.s.w.s.ApiListingReferenceScanner     : Scanning for api listing references
[Test and Build] 2018-04-19 07:36:23.639  INFO 19749 --- [           main] c.p.m.v2.RobotsTxtApplicationTest        : Started RobotsTxtApplicationTest in 5.704 seconds (JVM running for 6.866)
[Test and Build] Tests run: 1, Failures: 0, Errors: 0, Skipped: 0, Time elapsed: 5.93 sec - in com.pixalione.monetoring.v2.RobotsTxtApplicationTest
[Test and Build] Running com.pixalione.monetoring.v2.Robots.Core.RobotParserLogicTest
[Test and Build] 2018-04-19 07:36:23.681  INFO 19749 --- [           main] .b.t.c.SpringBootTestContextBootstrapper : Neither @ContextConfiguration nor @ContextHierarchy found for test class [com.pixalione.monetoring.v2.Robots.Core.RobotParserLogicTest], using SpringBootContextLoader
[Test and Build] 2018-04-19 07:36:23.682  INFO 19749 --- [           main] o.s.t.c.support.AbstractContextLoader    : Could not detect default resource locations for test class [com.pixalione.monetoring.v2.Robots.Core.RobotParserLogicTest]: no resource found for suffixes {-context.xml, Context.groovy}.
[Test and Build] 2018-04-19 07:36:23.683  INFO 19749 --- [           main] t.c.s.AnnotationConfigContextLoaderUtils : Could not detect default configuration classes for test class [com.pixalione.monetoring.v2.Robots.Core.RobotParserLogicTest]: RobotParserLogicTest does not declare any static, non-private, non-final, nested classes annotated with @Configuration.
[Test and Build] 2018-04-19 07:36:23.686  INFO 19749 --- [           main] .b.t.c.SpringBootTestContextBootstrapper : Found @SpringBootConfiguration com.pixalione.monetoring.v2.RobotsTxtApplication for test class com.pixalione.monetoring.v2.Robots.Core.RobotParserLogicTest
[Test and Build] 2018-04-19 07:36:23.688  INFO 19749 --- [           main] .b.t.c.SpringBootTestContextBootstrapper : Loaded default TestExecutionListener class names from location [META-INF/spring.factories]: [org.springframework.boot.test.mock.mockito.MockitoTestExecutionListener, org.springframework.boot.test.mock.mockito.ResetMocksTestExecutionListener, org.springframework.boot.test.autoconfigure.restdocs.RestDocsTestExecutionListener, org.springframework.boot.test.autoconfigure.web.client.MockRestServiceServerResetTestExecutionListener, org.springframework.boot.test.autoconfigure.web.servlet.MockMvcPrintOnlyOnFailureTestExecutionListener, org.springframework.boot.test.autoconfigure.web.servlet.WebDriverTestExecutionListener, org.springframework.test.context.web.ServletTestExecutionListener, org.springframework.test.context.support.DirtiesContextBeforeModesTestExecutionListener, org.springframework.test.context.support.DependencyInjectionTestExecutionListener, org.springframework.test.context.support.DirtiesContextTestExecutionListener, org.springframework.test.context.transaction.TransactionalTestExecutionListener, org.springframework.test.context.jdbc.SqlScriptsTestExecutionListener]
[Test and Build] 2018-04-19 07:36:23.690  INFO 19749 --- [           main] .b.t.c.SpringBootTestContextBootstrapper : Using TestExecutionListeners: [org.springframework.test.context.web.ServletTestExecutionListener@3d0352, org.springframework.test.context.support.DirtiesContextBeforeModesTestExecutionListener@bb6f3f7, org.springframework.boot.test.autoconfigure.SpringBootDependencyInjectionTestExecutionListener@388f1258, org.springframework.test.context.support.DirtiesContextTestExecutionListener@62058742, org.springframework.test.context.transaction.TransactionalTestExecutionListener@aca2fc3, org.springframework.test.context.jdbc.SqlScriptsTestExecutionListener@36df4c26, org.springframework.boot.test.autoconfigure.web.servlet.MockMvcPrintOnlyOnFailureTestExecutionListener@76828577, org.springframework.boot.test.autoconfigure.restdocs.RestDocsTestExecutionListener@38732372, org.springframework.boot.test.mock.mockito.ResetMocksTestExecutionListener@639cb788, org.springframework.boot.test.autoconfigure.web.servlet.WebDriverTestExecutionListener@2fee69a1, org.springframework.boot.test.autoconfigure.web.client.MockRestServiceServerResetTestExecutionListener@4d25f816, org.springframework.boot.test.mock.mockito.MockitoTestExecutionListener@6c6c2a73]
[Test and Build] 2018-04-19 07:36:23.949  WARN 19749 --- [           main] c.p.m.v2.Robots.Core.RobotsUtils         : Please check the permission to access data on this server : https://www.historiae-secrets.com/robots.txt
[Test and Build] # robots.txt automaticaly generated by PrestaShop e-commerce open-source solution # http://www.prestashop.com - http://www.prestashop.com/forums # This file is to prevent the crawling and indexing of certain parts # of your site by web crawlers and spiders run by sites like Yahoo! # and Google. By telling these "robots" where not to go on your site, # you save bandwidth and server resources. # For more information about the robots.txt standard, see: # http://www.robotstxt.org/robotstxt.html User-agent: * # Allow Directives Allow: */modules/*.css Allow: */modules/*.js # Private pages Disallow: /*?orderby= Disallow: /*?orderway= Disallow: /*?tag= Disallow: /*?id_currency= Disallow: /*?search_query= Disallow: /*?back= Disallow: /*?n= Disallow: /*&orderby= Disallow: /*&orderway= Disallow: /*&tag= Disallow: /*&id_currency= Disallow: /*&search_query= Disallow: /*&back= Disallow: /*&n= Disallow: /*controller=addresses Disallow: /*controller=address Disallow: /*controller=authentication Disallow: /*controller=cart Disallow: /*controller=discount Disallow: /*controller=footer Disallow: /*controller=get-file Disallow: /*controller=header Disallow: /*controller=history Disallow: /*controller=identity Disallow: /*controller=images.inc Disallow: /*controller=init Disallow: /*controller=my-account Disallow: /*controller=order Disallow: /*controller=order-opc Disallow: /*controller=order-slip Disallow: /*controller=order-detail Disallow: /*controller=order-follow Disallow: /*controller=order-return Disallow: /*controller=order-confirmation Disallow: /*controller=pagination Disallow: /*controller=password Disallow: /*controller=pdf-invoice Disallow: /*controller=pdf-order-return Disallow: /*controller=pdf-order-slip Disallow: /*controller=product-sort Disallow: /*controller=search Disallow: /*controller=statistics Disallow: /*controller=attachment Disallow: /*controller=guest-tracking # Directories Disallow: */classes/ Disallow: */config/ Disallow: */download/ Disallow: */mails/ Disallow: */modules/ Disallow: */translations/ Disallow: */tools/ # Files Disallow: /*recuperation-mot-de-passe Disallow: /*adresse Disallow: /*adresses Disallow: /*connexion Disallow: /*panier Disallow: /*reduction Disallow: /*historique-commandes Disallow: /*identite Disallow: /*mon-compte Disallow: /*suivi-commande Disallow: /*avoirs Disallow: /*commande Disallow: /*recherche Disallow: /*commande-rapide Disallow: /*suivi-commande-invite Disallow: /*confirmation-commande
[Test and Build] Tests run: 1, Failures: 0, Errors: 0, Skipped: 0, Time elapsed: 0.404 sec - in com.pixalione.monetoring.v2.Robots.Core.RobotParserLogicTest
[Test and Build] 2018-04-19 07:36:24.140  INFO 19749 --- [       Thread-1] o.s.w.c.s.GenericWebApplicationContext   : Closing org.springframework.web.context.support.GenericWebApplicationContext@4bd31064: startup date [Thu Apr 19 07:36:18 UTC 2018]; root of context hierarchy
[Test and Build] 2018-04-19 07:36:24.155  INFO 19749 --- [       Thread-1] org.mongodb.driver.connection            : Closed connection [connectionId{localValue:2, serverValue:733}] to 213.32.75.99:27017 because the pool has been closed.
[Test and Build] 
[Test and Build] Results :
[Test and Build] 
[Test and Build] Tests run: 2, Failures: 0, Errors: 0, Skipped: 0
[Test and Build] 
[Test and Build] [INFO] ------------------------------------------------------------------------
[Test and Build] [INFO] BUILD SUCCESS
[Test and Build] [INFO] ------------------------------------------------------------------------
[Test and Build] [INFO] Total time: 10.042 s
[Test and Build] [INFO] Finished at: 2018-04-19T07:36:24+00:00
[Test and Build] [INFO] Final Memory: 32M/561M
[Test and Build] [INFO] ------------------------------------------------------------------------
[8mha:////4M0V9PLP6zVz+MKemnNnnAazoay+mPDPpiBaS17KUDe5AAAAaB+LCAAAAAAAAP9b85aBtbiIwTG/KF0vKzUvOzOvODlTryCnNB3I0ivPL8pOy8kv18vKT9JLzs8rzs9J1QuHCgaV5jlDhPzyS1IZIICRiYGhoohBKqM0pTg/D64Hh8ICAFt0h+h/AAAA[0m[Pipeline] [Test and Build] }
[Test with Sonar] [INFO] Java Main Files AST scan (done) | time=3969ms
[Test with Sonar] [INFO] Java Test Files AST scan
[Test with Sonar] [INFO] 25/25 source files have been analyzed
[Test with Sonar] [INFO] 6 source files to be analyzed
[Test with Sonar] [INFO] 6/6 source files have been analyzed
[Test with Sonar] [INFO] Java Test Files AST scan (done) | time=53ms
[Test with Sonar] [INFO] Sensor JavaSquidSensor [java] (done) | time=4854ms
[Test with Sonar] [INFO] Sensor SurefireSensor [java]
[Test with Sonar] [INFO] parsing [/var/jenkins_home/workspace/robottxtservice_master-ETL2XKAMIY3Y7BITJJG6N6FNWIVCHQM3WT5JAWC6CJ7XZXSK2RCA/target/surefire-reports]
[Test with Sonar] [INFO] Sensor SurefireSensor [java] (done) | time=114ms
[Test with Sonar] [INFO] Sensor JaCoCoSensor [java]
[Test with Sonar] [INFO] Sensor JaCoCoSensor [java] (done) | time=1ms
[Test with Sonar] [INFO] Sensor SonarJavaXmlFileSensor [java]
[Test with Sonar] [INFO] 1 source files to be analyzed
[Test with Sonar] [INFO] Sensor SonarJavaXmlFileSensor [java] (done) | time=420ms
[Test with Sonar] [INFO] Sensor XML Sensor [xml]
[Test with Sonar] [INFO] 1/1 source files have been analyzed
[Test with Sonar] [INFO] Sensor XML Sensor [xml] (done) | time=113ms
[Test with Sonar] [INFO] Sensor Zero Coverage Sensor
[Test with Sonar] [INFO] Sensor Zero Coverage Sensor (done) | time=41ms
[Test with Sonar] [INFO] Sensor CPD Block Indexer
[Test with Sonar] [INFO] Sensor CPD Block Indexer (done) | time=48ms
[Test with Sonar] [INFO] 7 files had no CPD blocks
[Test with Sonar] [INFO] Calculating CPD for 18 files
[Test with Sonar] [INFO] CPD calculation finished
[Test with Sonar] [INFO] Analysis report generated in 118ms, dir size=195 KB
[Test with Sonar] [INFO] Analysis reports compressed in 67ms, zip size=103 KB
[Test with Sonar] [INFO] Analysis report uploaded in 45ms
[Test with Sonar] [INFO] ANALYSIS SUCCESSFUL, you can browse http://213.32.75.99:9000/dashboard/index/com.pixalione.monetoring.v2:robottxt
[Test with Sonar] [INFO] Note that you will be able to access the updated dashboard once the server has processed the submitted analysis report
[Test with Sonar] [INFO] More about the report processing at http://213.32.75.99:9000/api/ce/task?id=AWLc1UIQgr_boLqFP8Yj
[Test with Sonar] [INFO] Task total time: 8.996 s
[Test with Sonar] [INFO] ------------------------------------------------------------------------
[Test with Sonar] [INFO] BUILD SUCCESS
[Test with Sonar] [INFO] ------------------------------------------------------------------------
[Test with Sonar] [INFO] Total time: 12.074 s
[Test with Sonar] [INFO] Finished at: 2018-04-19T07:36:26+00:00
[Test with Sonar] [INFO] Final Memory: 44M/992M
[Test with Sonar] [INFO] ------------------------------------------------------------------------
[8mha:////4M0V9PLP6zVz+MKemnNnnAazoay+mPDPpiBaS17KUDe5AAAAaB+LCAAAAAAAAP9b85aBtbiIwTG/KF0vKzUvOzOvODlTryCnNB3I0ivPL8pOy8kv18vKT9JLzs8rzs9J1QuHCgaV5jlDhPzyS1IZIICRiYGhoohBKqM0pTg/D64Hh8ICAFt0h+h/AAAA[0m[Pipeline] [Test with Sonar] }
[8mha:////4M0V9PLP6zVz+MKemnNnnAazoay+mPDPpiBaS17KUDe5AAAAaB+LCAAAAAAAAP9b85aBtbiIwTG/KF0vKzUvOzOvODlTryCnNB3I0ivPL8pOy8kv18vKT9JLzs8rzs9J1QuHCgaV5jlDhPzyS1IZIICRiYGhoohBKqM0pTg/D64Hh8ICAFt0h+h/AAAA[0m[Pipeline] // parallel
[8mha:////4M0V9PLP6zVz+MKemnNnnAazoay+mPDPpiBaS17KUDe5AAAAaB+LCAAAAAAAAP9b85aBtbiIwTG/KF0vKzUvOzOvODlTryCnNB3I0ivPL8pOy8kv18vKT9JLzs8rzs9J1QuHCgaV5jlDhPzyS1IZIICRiYGhoohBKqM0pTg/D64Hh8ICAFt0h+h/AAAA[0m[Pipeline] }
[8mha:////4M0V9PLP6zVz+MKemnNnnAazoay+mPDPpiBaS17KUDe5AAAAaB+LCAAAAAAAAP9b85aBtbiIwTG/KF0vKzUvOzOvODlTryCnNB3I0ivPL8pOy8kv18vKT9JLzs8rzs9J1QuHCgaV5jlDhPzyS1IZIICRiYGhoohBKqM0pTg/D64Hh8ICAFt0h+h/AAAA[0m[Pipeline] // stage
[8mha:////4M0V9PLP6zVz+MKemnNnnAazoay+mPDPpiBaS17KUDe5AAAAaB+LCAAAAAAAAP9b85aBtbiIwTG/KF0vKzUvOzOvODlTryCnNB3I0ivPL8pOy8kv18vKT9JLzs8rzs9J1QuHCgaV5jlDhPzyS1IZIICRiYGhoohBKqM0pTg/D64Hh8ICAFt0h+h/AAAA[0m[Pipeline] stage
[8mha:////4M0V9PLP6zVz+MKemnNnnAazoay+mPDPpiBaS17KUDe5AAAAaB+LCAAAAAAAAP9b85aBtbiIwTG/KF0vKzUvOzOvODlTryCnNB3I0ivPL8pOy8kv18vKT9JLzs8rzs9J1QuHCgaV5jlDhPzyS1IZIICRiYGhoohBKqM0pTg/D64Hh8ICAFt0h+h/AAAA[0m[Pipeline] { (Create Docker Image)
[8mha:////4M0V9PLP6zVz+MKemnNnnAazoay+mPDPpiBaS17KUDe5AAAAaB+LCAAAAAAAAP9b85aBtbiIwTG/KF0vKzUvOzOvODlTryCnNB3I0ivPL8pOy8kv18vKT9JLzs8rzs9J1QuHCgaV5jlDhPzyS1IZIICRiYGhoohBKqM0pTg/D64Hh8ICAFt0h+h/AAAA[0m[Pipeline] echo
Cleaning Docker Containers ...
[8mha:////4M0V9PLP6zVz+MKemnNnnAazoay+mPDPpiBaS17KUDe5AAAAaB+LCAAAAAAAAP9b85aBtbiIwTG/KF0vKzUvOzOvODlTryCnNB3I0ivPL8pOy8kv18vKT9JLzs8rzs9J1QuHCgaV5jlDhPzyS1IZIICRiYGhoohBKqM0pTg/D64Hh8ICAFt0h+h/AAAA[0m[Pipeline] sh
[robottxtservice_master-ETL2XKAMIY3Y7BITJJG6N6FNWIVCHQM3WT5JAWC6CJ7XZXSK2RCA] Running shell script
+ + ssh root@213.32.75.99 docker ps -a -q --filter ancestor=robottxt --format={{.ID}}
+ xargs docker rm -f
xargs docker stop
"docker rm" requires at least 1 argument(s).
See 'docker rm --help'.

Usage:  docker rm [OPTIONS] CONTAINER [CONTAINER...]

Remove one or more containers
[8mha:////4M0V9PLP6zVz+MKemnNnnAazoay+mPDPpiBaS17KUDe5AAAAaB+LCAAAAAAAAP9b85aBtbiIwTG/KF0vKzUvOzOvODlTryCnNB3I0ivPL8pOy8kv18vKT9JLzs8rzs9J1QuHCgaV5jlDhPzyS1IZIICRiYGhoohBKqM0pTg/D64Hh8ICAFt0h+h/AAAA[0m[Pipeline] echo
No Container to delete
[8mha:////4M0V9PLP6zVz+MKemnNnnAazoay+mPDPpiBaS17KUDe5AAAAaB+LCAAAAAAAAP9b85aBtbiIwTG/KF0vKzUvOzOvODlTryCnNB3I0ivPL8pOy8kv18vKT9JLzs8rzs9J1QuHCgaV5jlDhPzyS1IZIICRiYGhoohBKqM0pTg/D64Hh8ICAFt0h+h/AAAA[0m[Pipeline] echo
Creating Service Image...
[8mha:////4M0V9PLP6zVz+MKemnNnnAazoay+mPDPpiBaS17KUDe5AAAAaB+LCAAAAAAAAP9b85aBtbiIwTG/KF0vKzUvOzOvODlTryCnNB3I0ivPL8pOy8kv18vKT9JLzs8rzs9J1QuHCgaV5jlDhPzyS1IZIICRiYGhoohBKqM0pTg/D64Hh8ICAFt0h+h/AAAA[0m[Pipeline] sh
[robottxtservice_master-ETL2XKAMIY3Y7BITJJG6N6FNWIVCHQM3WT5JAWC6CJ7XZXSK2RCA] Running shell script
+ mvn package
[INFO] Scanning for projects...
[INFO]                                                                         
[INFO] ------------------------------------------------------------------------
[INFO] Building robottxt 0.0.1-SNAPSHOT
[INFO] ------------------------------------------------------------------------
[INFO] 
[INFO] --- maven-resources-plugin:2.6:resources (default-resources) @ robottxt ---
[INFO] Using 'UTF-8' encoding to copy filtered resources.
[INFO] Copying 2 resources
[INFO] Copying 0 resource
[INFO] 
[INFO] --- maven-compiler-plugin:3.1:compile (default-compile) @ robottxt ---
[INFO] Nothing to compile - all classes are up to date
[INFO] 
[INFO] --- maven-resources-plugin:2.6:testResources (default-testResources) @ robottxt ---
[INFO] Using 'UTF-8' encoding to copy filtered resources.
[INFO] skip non existing resourceDirectory /var/jenkins_home/workspace/robottxtservice_master-ETL2XKAMIY3Y7BITJJG6N6FNWIVCHQM3WT5JAWC6CJ7XZXSK2RCA/src/test/resources
[INFO] 
[INFO] --- maven-compiler-plugin:3.1:testCompile (default-testCompile) @ robottxt ---
[INFO] Changes detected - recompiling the module!
[INFO] Compiling 6 source files to /var/jenkins_home/workspace/robottxtservice_master-ETL2XKAMIY3Y7BITJJG6N6FNWIVCHQM3WT5JAWC6CJ7XZXSK2RCA/target/test-classes
[INFO] 
[INFO] --- maven-surefire-plugin:2.18.1:test (default-test) @ robottxt ---
[INFO] Surefire report directory: /var/jenkins_home/workspace/robottxtservice_master-ETL2XKAMIY3Y7BITJJG6N6FNWIVCHQM3WT5JAWC6CJ7XZXSK2RCA/target/surefire-reports

-------------------------------------------------------
 T E S T S
-------------------------------------------------------
07:36:31.951 [main] DEBUG org.springframework.test.context.junit4.SpringJUnit4ClassRunner - SpringJUnit4ClassRunner constructor called with [class com.pixalione.monetoring.v2.RobotsTxtApplicationTest]
07:36:31.958 [main] DEBUG org.springframework.test.context.BootstrapUtils - Instantiating CacheAwareContextLoaderDelegate from class [org.springframework.test.context.cache.DefaultCacheAwareContextLoaderDelegate]
07:36:31.975 [main] DEBUG org.springframework.test.context.BootstrapUtils - Instantiating BootstrapContext using constructor [public org.springframework.test.context.support.DefaultBootstrapContext(java.lang.Class,org.springframework.test.context.CacheAwareContextLoaderDelegate)]
07:36:32.002 [main] DEBUG org.springframework.test.context.BootstrapUtils - Instantiating TestContextBootstrapper for test class [com.pixalione.monetoring.v2.RobotsTxtApplicationTest] from class [org.springframework.boot.test.context.SpringBootTestContextBootstrapper]
07:36:32.019 [main] INFO org.springframework.boot.test.context.SpringBootTestContextBootstrapper - Neither @ContextConfiguration nor @ContextHierarchy found for test class [com.pixalione.monetoring.v2.RobotsTxtApplicationTest], using SpringBootContextLoader
07:36:32.025 [main] DEBUG org.springframework.test.context.support.AbstractContextLoader - Did not detect default resource location for test class [com.pixalione.monetoring.v2.RobotsTxtApplicationTest]: class path resource [com/pixalione/monetoring/v2/RobotsTxtApplicationTest-context.xml] does not exist
07:36:32.025 [main] DEBUG org.springframework.test.context.support.AbstractContextLoader - Did not detect default resource location for test class [com.pixalione.monetoring.v2.RobotsTxtApplicationTest]: class path resource [com/pixalione/monetoring/v2/RobotsTxtApplicationTestContext.groovy] does not exist
07:36:32.025 [main] INFO org.springframework.test.context.support.AbstractContextLoader - Could not detect default resource locations for test class [com.pixalione.monetoring.v2.RobotsTxtApplicationTest]: no resource found for suffixes {-context.xml, Context.groovy}.
07:36:32.026 [main] INFO org.springframework.test.context.support.AnnotationConfigContextLoaderUtils - Could not detect default configuration classes for test class [com.pixalione.monetoring.v2.RobotsTxtApplicationTest]: RobotsTxtApplicationTest does not declare any static, non-private, non-final, nested classes annotated with @Configuration.
07:36:32.108 [main] DEBUG org.springframework.test.context.support.ActiveProfilesUtils - Could not find an 'annotation declaring class' for annotation type [org.springframework.test.context.ActiveProfiles] and class [com.pixalione.monetoring.v2.RobotsTxtApplicationTest]
07:36:32.125 [main] DEBUG org.springframework.core.env.StandardEnvironment - Adding [systemProperties] PropertySource with lowest search precedence
07:36:32.127 [main] DEBUG org.springframework.core.env.StandardEnvironment - Adding [systemEnvironment] PropertySource with lowest search precedence
07:36:32.127 [main] DEBUG org.springframework.core.env.StandardEnvironment - Initialized StandardEnvironment with PropertySources [systemProperties,systemEnvironment]
07:36:32.143 [main] DEBUG org.springframework.core.io.support.PathMatchingResourcePatternResolver - Resolved classpath location [com/pixalione/monetoring/v2/] to resources [URL [file:/var/jenkins_home/workspace/robottxtservice_master-ETL2XKAMIY3Y7BITJJG6N6FNWIVCHQM3WT5JAWC6CJ7XZXSK2RCA/target/test-classes/com/pixalione/monetoring/v2/], URL [file:/var/jenkins_home/workspace/robottxtservice_master-ETL2XKAMIY3Y7BITJJG6N6FNWIVCHQM3WT5JAWC6CJ7XZXSK2RCA/target/classes/com/pixalione/monetoring/v2/]]
07:36:32.144 [main] DEBUG org.springframework.core.io.support.PathMatchingResourcePatternResolver - Looking for matching resources in directory tree [/var/jenkins_home/workspace/robottxtservice_master-ETL2XKAMIY3Y7BITJJG6N6FNWIVCHQM3WT5JAWC6CJ7XZXSK2RCA/target/test-classes/com/pixalione/monetoring/v2]
07:36:32.144 [main] DEBUG org.springframework.core.io.support.PathMatchingResourcePatternResolver - Searching directory [/var/jenkins_home/workspace/robottxtservice_master-ETL2XKAMIY3Y7BITJJG6N6FNWIVCHQM3WT5JAWC6CJ7XZXSK2RCA/target/test-classes/com/pixalione/monetoring/v2] for files matching pattern [/var/jenkins_home/workspace/robottxtservice_master-ETL2XKAMIY3Y7BITJJG6N6FNWIVCHQM3WT5JAWC6CJ7XZXSK2RCA/target/test-classes/com/pixalione/monetoring/v2/*.class]
07:36:32.150 [main] DEBUG org.springframework.core.io.support.PathMatchingResourcePatternResolver - Looking for matching resources in directory tree [/var/jenkins_home/workspace/robottxtservice_master-ETL2XKAMIY3Y7BITJJG6N6FNWIVCHQM3WT5JAWC6CJ7XZXSK2RCA/target/classes/com/pixalione/monetoring/v2]
07:36:32.154 [main] DEBUG org.springframework.core.io.support.PathMatchingResourcePatternResolver - Searching directory [/var/jenkins_home/workspace/robottxtservice_master-ETL2XKAMIY3Y7BITJJG6N6FNWIVCHQM3WT5JAWC6CJ7XZXSK2RCA/target/classes/com/pixalione/monetoring/v2] for files matching pattern [/var/jenkins_home/workspace/robottxtservice_master-ETL2XKAMIY3Y7BITJJG6N6FNWIVCHQM3WT5JAWC6CJ7XZXSK2RCA/target/classes/com/pixalione/monetoring/v2/*.class]
07:36:32.154 [main] DEBUG org.springframework.core.io.support.PathMatchingResourcePatternResolver - Resolved location pattern [classpath*:com/pixalione/monetoring/v2/*.class] to resources [file [/var/jenkins_home/workspace/robottxtservice_master-ETL2XKAMIY3Y7BITJJG6N6FNWIVCHQM3WT5JAWC6CJ7XZXSK2RCA/target/test-classes/com/pixalione/monetoring/v2/RobotsTxtApplicationTest.class], file [/var/jenkins_home/workspace/robottxtservice_master-ETL2XKAMIY3Y7BITJJG6N6FNWIVCHQM3WT5JAWC6CJ7XZXSK2RCA/target/classes/com/pixalione/monetoring/v2/RobotsTxtApplication.class]]
07:36:32.217 [main] DEBUG org.springframework.context.annotation.ClassPathScanningCandidateComponentProvider - Identified candidate component class: file [/var/jenkins_home/workspace/robottxtservice_master-ETL2XKAMIY3Y7BITJJG6N6FNWIVCHQM3WT5JAWC6CJ7XZXSK2RCA/target/classes/com/pixalione/monetoring/v2/RobotsTxtApplication.class]
07:36:32.218 [main] INFO org.springframework.boot.test.context.SpringBootTestContextBootstrapper - Found @SpringBootConfiguration com.pixalione.monetoring.v2.RobotsTxtApplication for test class com.pixalione.monetoring.v2.RobotsTxtApplicationTest
07:36:32.223 [main] DEBUG org.springframework.boot.test.context.SpringBootTestContextBootstrapper - @TestExecutionListeners is not present for class [com.pixalione.monetoring.v2.RobotsTxtApplicationTest]: using defaults.
07:36:32.226 [main] INFO org.springframework.boot.test.context.SpringBootTestContextBootstrapper - Loaded default TestExecutionListener class names from location [META-INF/spring.factories]: [org.springframework.boot.test.mock.mockito.MockitoTestExecutionListener, org.springframework.boot.test.mock.mockito.ResetMocksTestExecutionListener, org.springframework.boot.test.autoconfigure.restdocs.RestDocsTestExecutionListener, org.springframework.boot.test.autoconfigure.web.client.MockRestServiceServerResetTestExecutionListener, org.springframework.boot.test.autoconfigure.web.servlet.MockMvcPrintOnlyOnFailureTestExecutionListener, org.springframework.boot.test.autoconfigure.web.servlet.WebDriverTestExecutionListener, org.springframework.test.context.web.ServletTestExecutionListener, org.springframework.test.context.support.DirtiesContextBeforeModesTestExecutionListener, org.springframework.test.context.support.DependencyInjectionTestExecutionListener, org.springframework.test.context.support.DirtiesContextTestExecutionListener, org.springframework.test.context.transaction.TransactionalTestExecutionListener, org.springframework.test.context.jdbc.SqlScriptsTestExecutionListener]
07:36:32.245 [main] INFO org.springframework.boot.test.context.SpringBootTestContextBootstrapper - Using TestExecutionListeners: [org.springframework.test.context.web.ServletTestExecutionListener@2d127a61, org.springframework.test.context.support.DirtiesContextBeforeModesTestExecutionListener@2bbaf4f0, org.springframework.boot.test.autoconfigure.SpringBootDependencyInjectionTestExecutionListener@11c20519, org.springframework.test.context.support.DirtiesContextTestExecutionListener@70beb599, org.springframework.test.context.transaction.TransactionalTestExecutionListener@4e41089d, org.springframework.test.context.jdbc.SqlScriptsTestExecutionListener@32a068d1, org.springframework.boot.test.autoconfigure.web.servlet.MockMvcPrintOnlyOnFailureTestExecutionListener@33cb5951, org.springframework.boot.test.autoconfigure.restdocs.RestDocsTestExecutionListener@365c30cc, org.springframework.boot.test.mock.mockito.ResetMocksTestExecutionListener@701fc37a, org.springframework.boot.test.autoconfigure.web.servlet.WebDriverTestExecutionListener@4148db48, org.springframework.boot.test.autoconfigure.web.client.MockRestServiceServerResetTestExecutionListener@282003e1, org.springframework.boot.test.mock.mockito.MockitoTestExecutionListener@7fad8c79]
07:36:32.249 [main] DEBUG org.springframework.test.context.junit4.SpringJUnit4ClassRunner - SpringJUnit4ClassRunner constructor called with [class com.pixalione.monetoring.v2.Robots.Core.RobotParserLogicTest]
07:36:32.249 [main] DEBUG org.springframework.test.context.BootstrapUtils - Instantiating CacheAwareContextLoaderDelegate from class [org.springframework.test.context.cache.DefaultCacheAwareContextLoaderDelegate]
07:36:32.249 [main] DEBUG org.springframework.test.context.BootstrapUtils - Instantiating BootstrapContext using constructor [public org.springframework.test.context.support.DefaultBootstrapContext(java.lang.Class,org.springframework.test.context.CacheAwareContextLoaderDelegate)]
07:36:32.249 [main] DEBUG org.springframework.test.context.BootstrapUtils - Instantiating TestContextBootstrapper for test class [com.pixalione.monetoring.v2.Robots.Core.RobotParserLogicTest] from class [org.springframework.boot.test.context.SpringBootTestContextBootstrapper]
07:36:32.250 [main] INFO org.springframework.boot.test.context.SpringBootTestContextBootstrapper - Neither @ContextConfiguration nor @ContextHierarchy found for test class [com.pixalione.monetoring.v2.Robots.Core.RobotParserLogicTest], using SpringBootContextLoader
07:36:32.250 [main] DEBUG org.springframework.test.context.support.AbstractContextLoader - Did not detect default resource location for test class [com.pixalione.monetoring.v2.Robots.Core.RobotParserLogicTest]: class path resource [com/pixalione/monetoring/v2/Robots/Core/RobotParserLogicTest-context.xml] does not exist
07:36:32.251 [main] DEBUG org.springframework.test.context.support.AbstractContextLoader - Did not detect default resource location for test class [com.pixalione.monetoring.v2.Robots.Core.RobotParserLogicTest]: class path resource [com/pixalione/monetoring/v2/Robots/Core/RobotParserLogicTestContext.groovy] does not exist
07:36:32.251 [main] INFO org.springframework.test.context.support.AbstractContextLoader - Could not detect default resource locations for test class [com.pixalione.monetoring.v2.Robots.Core.RobotParserLogicTest]: no resource found for suffixes {-context.xml, Context.groovy}.
07:36:32.251 [main] INFO org.springframework.test.context.support.AnnotationConfigContextLoaderUtils - Could not detect default configuration classes for test class [com.pixalione.monetoring.v2.Robots.Core.RobotParserLogicTest]: RobotParserLogicTest does not declare any static, non-private, non-final, nested classes annotated with @Configuration.
07:36:32.256 [main] DEBUG org.springframework.test.context.support.ActiveProfilesUtils - Could not find an 'annotation declaring class' for annotation type [org.springframework.test.context.ActiveProfiles] and class [com.pixalione.monetoring.v2.Robots.Core.RobotParserLogicTest]
07:36:32.256 [main] DEBUG org.springframework.core.env.StandardEnvironment - Adding [systemProperties] PropertySource with lowest search precedence
07:36:32.256 [main] DEBUG org.springframework.core.env.StandardEnvironment - Adding [systemEnvironment] PropertySource with lowest search precedence
07:36:32.256 [main] DEBUG org.springframework.core.env.StandardEnvironment - Initialized StandardEnvironment with PropertySources [systemProperties,systemEnvironment]
07:36:32.257 [main] DEBUG org.springframework.core.io.support.PathMatchingResourcePatternResolver - Resolved classpath location [com/pixalione/monetoring/v2/Robots/Core/] to resources [URL [file:/var/jenkins_home/workspace/robottxtservice_master-ETL2XKAMIY3Y7BITJJG6N6FNWIVCHQM3WT5JAWC6CJ7XZXSK2RCA/target/test-classes/com/pixalione/monetoring/v2/Robots/Core/], URL [file:/var/jenkins_home/workspace/robottxtservice_master-ETL2XKAMIY3Y7BITJJG6N6FNWIVCHQM3WT5JAWC6CJ7XZXSK2RCA/target/classes/com/pixalione/monetoring/v2/Robots/Core/]]
07:36:32.257 [main] DEBUG org.springframework.core.io.support.PathMatchingResourcePatternResolver - Looking for matching resources in directory tree [/var/jenkins_home/workspace/robottxtservice_master-ETL2XKAMIY3Y7BITJJG6N6FNWIVCHQM3WT5JAWC6CJ7XZXSK2RCA/target/test-classes/com/pixalione/monetoring/v2/Robots/Core]
07:36:32.257 [main] DEBUG org.springframework.core.io.support.PathMatchingResourcePatternResolver - Searching directory [/var/jenkins_home/workspace/robottxtservice_master-ETL2XKAMIY3Y7BITJJG6N6FNWIVCHQM3WT5JAWC6CJ7XZXSK2RCA/target/test-classes/com/pixalione/monetoring/v2/Robots/Core] for files matching pattern [/var/jenkins_home/workspace/robottxtservice_master-ETL2XKAMIY3Y7BITJJG6N6FNWIVCHQM3WT5JAWC6CJ7XZXSK2RCA/target/test-classes/com/pixalione/monetoring/v2/Robots/Core/*.class]
07:36:32.258 [main] DEBUG org.springframework.core.io.support.PathMatchingResourcePatternResolver - Looking for matching resources in directory tree [/var/jenkins_home/workspace/robottxtservice_master-ETL2XKAMIY3Y7BITJJG6N6FNWIVCHQM3WT5JAWC6CJ7XZXSK2RCA/target/classes/com/pixalione/monetoring/v2/Robots/Core]
07:36:32.258 [main] DEBUG org.springframework.core.io.support.PathMatchingResourcePatternResolver - Searching directory [/var/jenkins_home/workspace/robottxtservice_master-ETL2XKAMIY3Y7BITJJG6N6FNWIVCHQM3WT5JAWC6CJ7XZXSK2RCA/target/classes/com/pixalione/monetoring/v2/Robots/Core] for files matching pattern [/var/jenkins_home/workspace/robottxtservice_master-ETL2XKAMIY3Y7BITJJG6N6FNWIVCHQM3WT5JAWC6CJ7XZXSK2RCA/target/classes/com/pixalione/monetoring/v2/Robots/Core/*.class]
07:36:32.259 [main] DEBUG org.springframework.core.io.support.PathMatchingResourcePatternResolver - Resolved location pattern [classpath*:com/pixalione/monetoring/v2/Robots/Core/*.class] to resources [file [/var/jenkins_home/workspace/robottxtservice_master-ETL2XKAMIY3Y7BITJJG6N6FNWIVCHQM3WT5JAWC6CJ7XZXSK2RCA/target/test-classes/com/pixalione/monetoring/v2/Robots/Core/RobotParserLogicTest.class], file [/var/jenkins_home/workspace/robottxtservice_master-ETL2XKAMIY3Y7BITJJG6N6FNWIVCHQM3WT5JAWC6CJ7XZXSK2RCA/target/classes/com/pixalione/monetoring/v2/Robots/Core/RobotParserLogic.class], file [/var/jenkins_home/workspace/robottxtservice_master-ETL2XKAMIY3Y7BITJJG6N6FNWIVCHQM3WT5JAWC6CJ7XZXSK2RCA/target/classes/com/pixalione/monetoring/v2/Robots/Core/RobotsUtils.class], file [/var/jenkins_home/workspace/robottxtservice_master-ETL2XKAMIY3Y7BITJJG6N6FNWIVCHQM3WT5JAWC6CJ7XZXSK2RCA/target/classes/com/pixalione/monetoring/v2/Robots/Core/RulesUtils.class], file [/var/jenkins_home/workspace/robottxtservice_master-ETL2XKAMIY3Y7BITJJG6N6FNWIVCHQM3WT5JAWC6CJ7XZXSK2RCA/target/classes/com/pixalione/monetoring/v2/Robots/Core/SiteMapParserLogic.class], file [/var/jenkins_home/workspace/robottxtservice_master-ETL2XKAMIY3Y7BITJJG6N6FNWIVCHQM3WT5JAWC6CJ7XZXSK2RCA/target/classes/com/pixalione/monetoring/v2/Robots/Core/UserAgentParserLogic.class], file [/var/jenkins_home/workspace/robottxtservice_master-ETL2XKAMIY3Y7BITJJG6N6FNWIVCHQM3WT5JAWC6CJ7XZXSK2RCA/target/classes/com/pixalione/monetoring/v2/Robots/Core/UserAgentUtils.class]]
07:36:32.265 [main] DEBUG org.springframework.core.io.support.PathMatchingResourcePatternResolver - Resolved classpath location [com/pixalione/monetoring/v2/Robots/] to resources [URL [file:/var/jenkins_home/workspace/robottxtservice_master-ETL2XKAMIY3Y7BITJJG6N6FNWIVCHQM3WT5JAWC6CJ7XZXSK2RCA/target/test-classes/com/pixalione/monetoring/v2/Robots/], URL [file:/var/jenkins_home/workspace/robottxtservice_master-ETL2XKAMIY3Y7BITJJG6N6FNWIVCHQM3WT5JAWC6CJ7XZXSK2RCA/target/classes/com/pixalione/monetoring/v2/Robots/]]
07:36:32.265 [main] DEBUG org.springframework.core.io.support.PathMatchingResourcePatternResolver - Looking for matching resources in directory tree [/var/jenkins_home/workspace/robottxtservice_master-ETL2XKAMIY3Y7BITJJG6N6FNWIVCHQM3WT5JAWC6CJ7XZXSK2RCA/target/test-classes/com/pixalione/monetoring/v2/Robots]
07:36:32.266 [main] DEBUG org.springframework.core.io.support.PathMatchingResourcePatternResolver - Searching directory [/var/jenkins_home/workspace/robottxtservice_master-ETL2XKAMIY3Y7BITJJG6N6FNWIVCHQM3WT5JAWC6CJ7XZXSK2RCA/target/test-classes/com/pixalione/monetoring/v2/Robots] for files matching pattern [/var/jenkins_home/workspace/robottxtservice_master-ETL2XKAMIY3Y7BITJJG6N6FNWIVCHQM3WT5JAWC6CJ7XZXSK2RCA/target/test-classes/com/pixalione/monetoring/v2/Robots/*.class]
07:36:32.266 [main] DEBUG org.springframework.core.io.support.PathMatchingResourcePatternResolver - Looking for matching resources in directory tree [/var/jenkins_home/workspace/robottxtservice_master-ETL2XKAMIY3Y7BITJJG6N6FNWIVCHQM3WT5JAWC6CJ7XZXSK2RCA/target/classes/com/pixalione/monetoring/v2/Robots]
07:36:32.266 [main] DEBUG org.springframework.core.io.support.PathMatchingResourcePatternResolver - Searching directory [/var/jenkins_home/workspace/robottxtservice_master-ETL2XKAMIY3Y7BITJJG6N6FNWIVCHQM3WT5JAWC6CJ7XZXSK2RCA/target/classes/com/pixalione/monetoring/v2/Robots] for files matching pattern [/var/jenkins_home/workspace/robottxtservice_master-ETL2XKAMIY3Y7BITJJG6N6FNWIVCHQM3WT5JAWC6CJ7XZXSK2RCA/target/classes/com/pixalione/monetoring/v2/Robots/*.class]
07:36:32.267 [main] DEBUG org.springframework.core.io.support.PathMatchingResourcePatternResolver - Resolved location pattern [classpath*:com/pixalione/monetoring/v2/Robots/*.class] to resources []
07:36:32.267 [main] DEBUG org.springframework.core.io.support.PathMatchingResourcePatternResolver - Resolved classpath location [com/pixalione/monetoring/v2/] to resources [URL [file:/var/jenkins_home/workspace/robottxtservice_master-ETL2XKAMIY3Y7BITJJG6N6FNWIVCHQM3WT5JAWC6CJ7XZXSK2RCA/target/test-classes/com/pixalione/monetoring/v2/], URL [file:/var/jenkins_home/workspace/robottxtservice_master-ETL2XKAMIY3Y7BITJJG6N6FNWIVCHQM3WT5JAWC6CJ7XZXSK2RCA/target/classes/com/pixalione/monetoring/v2/]]
07:36:32.267 [main] DEBUG org.springframework.core.io.support.PathMatchingResourcePatternResolver - Looking for matching resources in directory tree [/var/jenkins_home/workspace/robottxtservice_master-ETL2XKAMIY3Y7BITJJG6N6FNWIVCHQM3WT5JAWC6CJ7XZXSK2RCA/target/test-classes/com/pixalione/monetoring/v2]
07:36:32.268 [main] DEBUG org.springframework.core.io.support.PathMatchingResourcePatternResolver - Searching directory [/var/jenkins_home/workspace/robottxtservice_master-ETL2XKAMIY3Y7BITJJG6N6FNWIVCHQM3WT5JAWC6CJ7XZXSK2RCA/target/test-classes/com/pixalione/monetoring/v2] for files matching pattern [/var/jenkins_home/workspace/robottxtservice_master-ETL2XKAMIY3Y7BITJJG6N6FNWIVCHQM3WT5JAWC6CJ7XZXSK2RCA/target/test-classes/com/pixalione/monetoring/v2/*.class]
07:36:32.268 [main] DEBUG org.springframework.core.io.support.PathMatchingResourcePatternResolver - Looking for matching resources in directory tree [/var/jenkins_home/workspace/robottxtservice_master-ETL2XKAMIY3Y7BITJJG6N6FNWIVCHQM3WT5JAWC6CJ7XZXSK2RCA/target/classes/com/pixalione/monetoring/v2]
07:36:32.268 [main] DEBUG org.springframework.core.io.support.PathMatchingResourcePatternResolver - Searching directory [/var/jenkins_home/workspace/robottxtservice_master-ETL2XKAMIY3Y7BITJJG6N6FNWIVCHQM3WT5JAWC6CJ7XZXSK2RCA/target/classes/com/pixalione/monetoring/v2] for files matching pattern [/var/jenkins_home/workspace/robottxtservice_master-ETL2XKAMIY3Y7BITJJG6N6FNWIVCHQM3WT5JAWC6CJ7XZXSK2RCA/target/classes/com/pixalione/monetoring/v2/*.class]
07:36:32.269 [main] DEBUG org.springframework.core.io.support.PathMatchingResourcePatternResolver - Resolved location pattern [classpath*:com/pixalione/monetoring/v2/*.class] to resources [file [/var/jenkins_home/workspace/robottxtservice_master-ETL2XKAMIY3Y7BITJJG6N6FNWIVCHQM3WT5JAWC6CJ7XZXSK2RCA/target/test-classes/com/pixalione/monetoring/v2/RobotsTxtApplicationTest.class], file [/var/jenkins_home/workspace/robottxtservice_master-ETL2XKAMIY3Y7BITJJG6N6FNWIVCHQM3WT5JAWC6CJ7XZXSK2RCA/target/classes/com/pixalione/monetoring/v2/RobotsTxtApplication.class]]
07:36:32.270 [main] DEBUG org.springframework.context.annotation.ClassPathScanningCandidateComponentProvider - Identified candidate component class: file [/var/jenkins_home/workspace/robottxtservice_master-ETL2XKAMIY3Y7BITJJG6N6FNWIVCHQM3WT5JAWC6CJ7XZXSK2RCA/target/classes/com/pixalione/monetoring/v2/RobotsTxtApplication.class]
07:36:32.270 [main] INFO org.springframework.boot.test.context.SpringBootTestContextBootstrapper - Found @SpringBootConfiguration com.pixalione.monetoring.v2.RobotsTxtApplication for test class com.pixalione.monetoring.v2.Robots.Core.RobotParserLogicTest
07:36:32.273 [main] DEBUG org.springframework.boot.test.context.SpringBootTestContextBootstrapper - @TestExecutionListeners is not present for class [com.pixalione.monetoring.v2.Robots.Core.RobotParserLogicTest]: using defaults.
07:36:32.276 [main] INFO org.springframework.boot.test.context.SpringBootTestContextBootstrapper - Loaded default TestExecutionListener class names from location [META-INF/spring.factories]: [org.springframework.boot.test.mock.mockito.MockitoTestExecutionListener, org.springframework.boot.test.mock.mockito.ResetMocksTestExecutionListener, org.springframework.boot.test.autoconfigure.restdocs.RestDocsTestExecutionListener, org.springframework.boot.test.autoconfigure.web.client.MockRestServiceServerResetTestExecutionListener, org.springframework.boot.test.autoconfigure.web.servlet.MockMvcPrintOnlyOnFailureTestExecutionListener, org.springframework.boot.test.autoconfigure.web.servlet.WebDriverTestExecutionListener, org.springframework.test.context.web.ServletTestExecutionListener, org.springframework.test.context.support.DirtiesContextBeforeModesTestExecutionListener, org.springframework.test.context.support.DependencyInjectionTestExecutionListener, org.springframework.test.context.support.DirtiesContextTestExecutionListener, org.springframework.test.context.transaction.TransactionalTestExecutionListener, org.springframework.test.context.jdbc.SqlScriptsTestExecutionListener]
07:36:32.279 [main] INFO org.springframework.boot.test.context.SpringBootTestContextBootstrapper - Using TestExecutionListeners: [org.springframework.test.context.web.ServletTestExecutionListener@709ba3fb, org.springframework.test.context.support.DirtiesContextBeforeModesTestExecutionListener@3d36e4cd, org.springframework.boot.test.autoconfigure.SpringBootDependencyInjectionTestExecutionListener@6a472554, org.springframework.test.context.support.DirtiesContextTestExecutionListener@7ff2a664, org.springframework.test.context.transaction.TransactionalTestExecutionListener@525b461a, org.springframework.test.context.jdbc.SqlScriptsTestExecutionListener@58c1c010, org.springframework.boot.test.autoconfigure.web.servlet.MockMvcPrintOnlyOnFailureTestExecutionListener@b7f23d9, org.springframework.boot.test.autoconfigure.restdocs.RestDocsTestExecutionListener@61d47554, org.springframework.boot.test.mock.mockito.ResetMocksTestExecutionListener@69b794e2, org.springframework.boot.test.autoconfigure.web.servlet.WebDriverTestExecutionListener@3f200884, org.springframework.boot.test.autoconfigure.web.client.MockRestServiceServerResetTestExecutionListener@4d339552, org.springframework.boot.test.mock.mockito.MockitoTestExecutionListener@f0f2775]
07:36:32.281 [main] DEBUG org.springframework.test.annotation.ProfileValueUtils - Retrieved @ProfileValueSourceConfiguration [null] for test class [com.pixalione.monetoring.v2.RobotsTxtApplicationTest]
07:36:32.282 [main] DEBUG org.springframework.test.annotation.ProfileValueUtils - Retrieved ProfileValueSource type [class org.springframework.test.annotation.SystemProfileValueSource] for class [com.pixalione.monetoring.v2.RobotsTxtApplicationTest]
07:36:32.282 [main] DEBUG org.springframework.test.annotation.ProfileValueUtils - Retrieved @ProfileValueSourceConfiguration [null] for test class [com.pixalione.monetoring.v2.Robots.Core.RobotParserLogicTest]
07:36:32.282 [main] DEBUG org.springframework.test.annotation.ProfileValueUtils - Retrieved ProfileValueSource type [class org.springframework.test.annotation.SystemProfileValueSource] for class [com.pixalione.monetoring.v2.Robots.Core.RobotParserLogicTest]
Running com.pixalione.monetoring.v2.RobotsTxtApplicationTest
07:36:32.284 [main] DEBUG org.springframework.test.context.junit4.SpringJUnit4ClassRunner - SpringJUnit4ClassRunner constructor called with [class com.pixalione.monetoring.v2.RobotsTxtApplicationTest]
07:36:32.284 [main] DEBUG org.springframework.test.context.BootstrapUtils - Instantiating CacheAwareContextLoaderDelegate from class [org.springframework.test.context.cache.DefaultCacheAwareContextLoaderDelegate]
07:36:32.285 [main] DEBUG org.springframework.test.context.BootstrapUtils - Instantiating BootstrapContext using constructor [public org.springframework.test.context.support.DefaultBootstrapContext(java.lang.Class,org.springframework.test.context.CacheAwareContextLoaderDelegate)]
07:36:32.285 [main] DEBUG org.springframework.test.context.BootstrapUtils - Instantiating TestContextBootstrapper for test class [com.pixalione.monetoring.v2.RobotsTxtApplicationTest] from class [org.springframework.boot.test.context.SpringBootTestContextBootstrapper]
07:36:32.285 [main] INFO org.springframework.boot.test.context.SpringBootTestContextBootstrapper - Neither @ContextConfiguration nor @ContextHierarchy found for test class [com.pixalione.monetoring.v2.RobotsTxtApplicationTest], using SpringBootContextLoader
07:36:32.286 [main] DEBUG org.springframework.test.context.support.AbstractContextLoader - Did not detect default resource location for test class [com.pixalione.monetoring.v2.RobotsTxtApplicationTest]: class path resource [com/pixalione/monetoring/v2/RobotsTxtApplicationTest-context.xml] does not exist
07:36:32.286 [main] DEBUG org.springframework.test.context.support.AbstractContextLoader - Did not detect default resource location for test class [com.pixalione.monetoring.v2.RobotsTxtApplicationTest]: class path resource [com/pixalione/monetoring/v2/RobotsTxtApplicationTestContext.groovy] does not exist
07:36:32.286 [main] INFO org.springframework.test.context.support.AbstractContextLoader - Could not detect default resource locations for test class [com.pixalione.monetoring.v2.RobotsTxtApplicationTest]: no resource found for suffixes {-context.xml, Context.groovy}.
07:36:32.286 [main] INFO org.springframework.test.context.support.AnnotationConfigContextLoaderUtils - Could not detect default configuration classes for test class [com.pixalione.monetoring.v2.RobotsTxtApplicationTest]: RobotsTxtApplicationTest does not declare any static, non-private, non-final, nested classes annotated with @Configuration.
07:36:32.290 [main] DEBUG org.springframework.test.context.support.ActiveProfilesUtils - Could not find an 'annotation declaring class' for annotation type [org.springframework.test.context.ActiveProfiles] and class [com.pixalione.monetoring.v2.RobotsTxtApplicationTest]
07:36:32.290 [main] DEBUG org.springframework.core.env.StandardEnvironment - Adding [systemProperties] PropertySource with lowest search precedence
07:36:32.290 [main] DEBUG org.springframework.core.env.StandardEnvironment - Adding [systemEnvironment] PropertySource with lowest search precedence
07:36:32.290 [main] DEBUG org.springframework.core.env.StandardEnvironment - Initialized StandardEnvironment with PropertySources [systemProperties,systemEnvironment]
07:36:32.290 [main] INFO org.springframework.boot.test.context.SpringBootTestContextBootstrapper - Found @SpringBootConfiguration com.pixalione.monetoring.v2.RobotsTxtApplication for test class com.pixalione.monetoring.v2.RobotsTxtApplicationTest
07:36:32.291 [main] DEBUG org.springframework.boot.test.context.SpringBootTestContextBootstrapper - @TestExecutionListeners is not present for class [com.pixalione.monetoring.v2.RobotsTxtApplicationTest]: using defaults.
07:36:32.293 [main] INFO org.springframework.boot.test.context.SpringBootTestContextBootstrapper - Loaded default TestExecutionListener class names from location [META-INF/spring.factories]: [org.springframework.boot.test.mock.mockito.MockitoTestExecutionListener, org.springframework.boot.test.mock.mockito.ResetMocksTestExecutionListener, org.springframework.boot.test.autoconfigure.restdocs.RestDocsTestExecutionListener, org.springframework.boot.test.autoconfigure.web.client.MockRestServiceServerResetTestExecutionListener, org.springframework.boot.test.autoconfigure.web.servlet.MockMvcPrintOnlyOnFailureTestExecutionListener, org.springframework.boot.test.autoconfigure.web.servlet.WebDriverTestExecutionListener, org.springframework.test.context.web.ServletTestExecutionListener, org.springframework.test.context.support.DirtiesContextBeforeModesTestExecutionListener, org.springframework.test.context.support.DependencyInjectionTestExecutionListener, org.springframework.test.context.support.DirtiesContextTestExecutionListener, org.springframework.test.context.transaction.TransactionalTestExecutionListener, org.springframework.test.context.jdbc.SqlScriptsTestExecutionListener]
07:36:32.296 [main] INFO org.springframework.boot.test.context.SpringBootTestContextBootstrapper - Using TestExecutionListeners: [org.springframework.test.context.web.ServletTestExecutionListener@5ea434c8, org.springframework.test.context.support.DirtiesContextBeforeModesTestExecutionListener@3bbc39f8, org.springframework.boot.test.autoconfigure.SpringBootDependencyInjectionTestExecutionListener@4ae3c1cd, org.springframework.test.context.support.DirtiesContextTestExecutionListener@29f69090, org.springframework.test.context.transaction.TransactionalTestExecutionListener@568bf312, org.springframework.test.context.jdbc.SqlScriptsTestExecutionListener@ca263c2, org.springframework.boot.test.autoconfigure.web.servlet.MockMvcPrintOnlyOnFailureTestExecutionListener@589b3632, org.springframework.boot.test.autoconfigure.restdocs.RestDocsTestExecutionListener@45f45fa1, org.springframework.boot.test.mock.mockito.ResetMocksTestExecutionListener@4c6e276e, org.springframework.boot.test.autoconfigure.web.servlet.WebDriverTestExecutionListener@534df152, org.springframework.boot.test.autoconfigure.web.client.MockRestServiceServerResetTestExecutionListener@52e677af, org.springframework.boot.test.mock.mockito.MockitoTestExecutionListener@35083305]
07:36:32.296 [main] DEBUG org.springframework.test.annotation.ProfileValueUtils - Retrieved @ProfileValueSourceConfiguration [null] for test class [com.pixalione.monetoring.v2.RobotsTxtApplicationTest]
07:36:32.296 [main] DEBUG org.springframework.test.annotation.ProfileValueUtils - Retrieved ProfileValueSource type [class org.springframework.test.annotation.SystemProfileValueSource] for class [com.pixalione.monetoring.v2.RobotsTxtApplicationTest]
07:36:32.297 [main] DEBUG org.springframework.test.annotation.ProfileValueUtils - Retrieved @ProfileValueSourceConfiguration [null] for test class [com.pixalione.monetoring.v2.RobotsTxtApplicationTest]
07:36:32.297 [main] DEBUG org.springframework.test.annotation.ProfileValueUtils - Retrieved ProfileValueSource type [class org.springframework.test.annotation.SystemProfileValueSource] for class [com.pixalione.monetoring.v2.RobotsTxtApplicationTest]
07:36:32.307 [main] DEBUG org.springframework.test.context.support.AbstractDirtiesContextTestExecutionListener - Before test class: context [DefaultTestContext@2893de87 testClass = RobotsTxtApplicationTest, testInstance = [null], testMethod = [null], testException = [null], mergedContextConfiguration = [WebMergedContextConfiguration@55ca8de8 testClass = RobotsTxtApplicationTest, locations = '{}', classes = '{class com.pixalione.monetoring.v2.RobotsTxtApplication}', contextInitializerClasses = '[]', activeProfiles = '{}', propertySourceLocations = '{}', propertySourceProperties = '{org.springframework.boot.test.context.SpringBootTestContextBootstrapper=true}', contextCustomizers = set[org.springframework.boot.test.context.SpringBootTestContextCustomizer@2b2948e2, org.springframework.boot.test.context.filter.ExcludeFilterContextCustomizer@3b0143d3, org.springframework.boot.test.mock.mockito.MockitoContextCustomizer@0, org.springframework.boot.test.autoconfigure.properties.PropertyMappingContextCustomizer@0, org.springframework.boot.test.autoconfigure.web.servlet.WebDriverContextCustomizerFactory$Customizer@79be0360], resourceBasePath = 'src/main/webapp', contextLoader = 'org.springframework.boot.test.context.SpringBootContextLoader', parent = [null]]], class annotated with @DirtiesContext [false] with mode [null].
07:36:32.309 [main] DEBUG org.springframework.test.annotation.ProfileValueUtils - Retrieved @ProfileValueSourceConfiguration [null] for test class [com.pixalione.monetoring.v2.RobotsTxtApplicationTest]
07:36:32.309 [main] DEBUG org.springframework.test.annotation.ProfileValueUtils - Retrieved ProfileValueSource type [class org.springframework.test.annotation.SystemProfileValueSource] for class [com.pixalione.monetoring.v2.RobotsTxtApplicationTest]
07:36:32.375 [main] DEBUG org.springframework.core.env.StandardEnvironment - Adding [systemProperties] PropertySource with lowest search precedence
07:36:32.375 [main] DEBUG org.springframework.core.env.StandardEnvironment - Adding [systemEnvironment] PropertySource with lowest search precedence
07:36:32.375 [main] DEBUG org.springframework.core.env.StandardEnvironment - Initialized StandardEnvironment with PropertySources [systemProperties,systemEnvironment]
07:36:32.376 [main] DEBUG org.springframework.test.context.support.TestPropertySourceUtils - Adding inlined properties to environment: {spring.jmx.enabled=false, org.springframework.boot.test.context.SpringBootTestContextBootstrapper=true, server.port=-1}
07:36:32.377 [main] DEBUG org.springframework.core.env.StandardEnvironment - Adding [Inlined Test Properties] PropertySource with highest search precedence

  .   ____          _            __ _ _
 /\\ / ___'_ __ _ _(_)_ __  __ _ \ \ \ \
( ( )\___ | '_ | '_| | '_ \/ _` | \ \ \ \
 \\/  ___)| |_)| | | | | || (_| |  ) ) ) )
  '  |____| .__|_| |_|_| |_\__, | / / / /
 =========|_|==============|___/=/_/_/_/
 :: Spring Boot ::        (v1.4.3.RELEASE)

2018-04-19 07:36:32.849  INFO 19889 --- [           main] c.p.m.v2.RobotsTxtApplicationTest        : Starting RobotsTxtApplicationTest on 58305515bd83 with PID 19889 (started by root in /var/jenkins_home/workspace/robottxtservice_master-ETL2XKAMIY3Y7BITJJG6N6FNWIVCHQM3WT5JAWC6CJ7XZXSK2RCA)
2018-04-19 07:36:32.850  INFO 19889 --- [           main] c.p.m.v2.RobotsTxtApplicationTest        : No active profile set, falling back to default profiles: default
2018-04-19 07:36:32.885  INFO 19889 --- [           main] o.s.w.c.s.GenericWebApplicationContext   : Refreshing org.springframework.web.context.support.GenericWebApplicationContext@4bd31064: startup date [Thu Apr 19 07:36:32 UTC 2018]; root of context hierarchy
2018-04-19 07:36:33.992  INFO 19889 --- [           main] o.s.b.f.s.DefaultListableBeanFactory     : Overriding bean definition for bean 'mongo' with a different definition: replacing [Root bean: class [null]; scope=; abstract=false; lazyInit=false; autowireMode=3; dependencyCheck=0; autowireCandidate=true; primary=false; factoryBeanName=mongoConfig; factoryMethodName=mongo; initMethodName=null; destroyMethodName=(inferred); defined in class path resource [com/pixalione/monetoring/v2/Robots/Config/MongoConfig.class]] with [Root bean: class [null]; scope=; abstract=false; lazyInit=false; autowireMode=3; dependencyCheck=0; autowireCandidate=true; primary=false; factoryBeanName=org.springframework.boot.autoconfigure.mongo.MongoAutoConfiguration; factoryMethodName=mongo; initMethodName=null; destroyMethodName=(inferred); defined in class path resource [org/springframework/boot/autoconfigure/mongo/MongoAutoConfiguration.class]]
2018-04-19 07:36:34.828  INFO 19889 --- [           main] org.mongodb.driver.cluster               : Cluster created with settings {hosts=[213.32.75.99:27017], mode=MULTIPLE, requiredClusterType=UNKNOWN, serverSelectionTimeout='30000 ms', maxWaitQueueSize=500}
2018-04-19 07:36:34.828  INFO 19889 --- [           main] org.mongodb.driver.cluster               : Adding discovered server 213.32.75.99:27017 to client view of cluster
2018-04-19 07:36:34.998  INFO 19889 --- [.32.75.99:27017] org.mongodb.driver.connection            : Opened connection [connectionId{localValue:1, serverValue:734}] to 213.32.75.99:27017
2018-04-19 07:36:35.002  INFO 19889 --- [.32.75.99:27017] org.mongodb.driver.cluster               : Monitor thread successfully connected to server with description ServerDescription{address=213.32.75.99:27017, type=STANDALONE, state=CONNECTED, ok=true, version=ServerVersion{versionList=[3, 4, 14]}, minWireVersion=0, maxWireVersion=5, maxDocumentSize=16777216, logicalSessionTimeoutMinutes=null, roundTripTimeNanos=913778}
2018-04-19 07:36:35.004  INFO 19889 --- [.32.75.99:27017] org.mongodb.driver.cluster               : Discovered cluster type of STANDALONE
2018-04-19 07:36:35.202  INFO 19889 --- [           main] org.mongodb.driver.connection            : Opened connection [connectionId{localValue:2, serverValue:735}] to 213.32.75.99:27017
2018-04-19 07:36:35.921  INFO 19889 --- [           main] s.w.s.m.m.a.RequestMappingHandlerMapping : Mapped "{[/parseRobotTxt],methods=[GET]}" onto public com.pixalione.monetoring.v2.Robots.Models.Robot com.pixalione.monetoring.v2.Robots.Controller.RobotTxtController.parseRobotTxt(int,int,java.lang.String,java.lang.String,boolean,boolean)
2018-04-19 07:36:35.922  INFO 19889 --- [           main] s.w.s.m.m.a.RequestMappingHandlerMapping : Mapped "{[/parseRobotTxts],methods=[POST]}" onto public java.util.Collection<com.pixalione.monetoring.v2.Robots.Models.Robot> com.pixalione.monetoring.v2.Robots.Controller.RobotTxtController.parseRobotsTxts(java.util.Set<java.lang.String>,int,int,java.lang.String,boolean,boolean)
2018-04-19 07:36:35.923  INFO 19889 --- [           main] s.w.s.m.m.a.RequestMappingHandlerMapping : Mapped "{[/isAllowed],methods=[GET]}" onto public boolean com.pixalione.monetoring.v2.Robots.Controller.RulesController.isAllowed(int,int,java.lang.String,java.lang.String,java.lang.String)
2018-04-19 07:36:35.924  INFO 19889 --- [           main] s.w.s.m.m.a.RequestMappingHandlerMapping : Mapped "{[/parseSiteMaps],methods=[GET]}" onto public java.util.Set<com.pixalione.monetoring.v2.Robots.Models.SiteMap> com.pixalione.monetoring.v2.Robots.Controller.SiteMapController.getSiteMaps(int,int,java.lang.String,java.lang.String,boolean,boolean)
2018-04-19 07:36:35.924  INFO 19889 --- [           main] s.w.s.m.m.a.RequestMappingHandlerMapping : Mapped "{[/AsyncParseSiteMaps],methods=[GET]}" onto public java.util.Set<com.pixalione.monetoring.v2.Robots.Models.SiteMap> com.pixalione.monetoring.v2.Robots.Controller.SiteMapController.getAsyncSiteMaps(int,int,java.lang.String,java.lang.String,boolean,boolean)
2018-04-19 07:36:35.925  INFO 19889 --- [           main] s.w.s.m.m.a.RequestMappingHandlerMapping : Mapped "{[/setValidSiteMap],methods=[POST]}" onto public com.pixalione.monetoring.v2.Robots.Models.Robot com.pixalione.monetoring.v2.Robots.Controller.SiteMapController.setValidSiteMap(int,int,java.lang.String,java.util.Set<com.pixalione.monetoring.v2.Robots.Models.SiteMap>)
2018-04-19 07:36:35.925  INFO 19889 --- [           main] s.w.s.m.m.a.RequestMappingHandlerMapping : Mapped "{[/ParseSiteMap],methods=[POST]}" onto public java.util.Set<java.lang.String> com.pixalione.monetoring.v2.Robots.Controller.SiteMapController.ParseSiteMap(java.lang.String)
2018-04-19 07:36:35.926  INFO 19889 --- [           main] s.w.s.m.m.a.RequestMappingHandlerMapping : Mapped "{[/v2/api-docs],methods=[GET],produces=[application/json || application/hal+json]}" onto public org.springframework.http.ResponseEntity<springfox.documentation.spring.web.json.Json> springfox.documentation.swagger2.web.Swagger2Controller.getDocumentation(java.lang.String,javax.servlet.http.HttpServletRequest)
2018-04-19 07:36:35.928  INFO 19889 --- [           main] s.w.s.m.m.a.RequestMappingHandlerMapping : Mapped "{[/configuration/security]}" onto org.springframework.http.ResponseEntity<springfox.documentation.swagger.web.SecurityConfiguration> springfox.documentation.swagger.web.ApiResourceController.securityConfiguration()
2018-04-19 07:36:35.928  INFO 19889 --- [           main] s.w.s.m.m.a.RequestMappingHandlerMapping : Mapped "{[/configuration/ui]}" onto org.springframework.http.ResponseEntity<springfox.documentation.swagger.web.UiConfiguration> springfox.documentation.swagger.web.ApiResourceController.uiConfiguration()
2018-04-19 07:36:35.929  INFO 19889 --- [           main] s.w.s.m.m.a.RequestMappingHandlerMapping : Mapped "{[/swagger-resources]}" onto org.springframework.http.ResponseEntity<java.util.List<springfox.documentation.swagger.web.SwaggerResource>> springfox.documentation.swagger.web.ApiResourceController.swaggerResources()
2018-04-19 07:36:35.933  INFO 19889 --- [           main] s.w.s.m.m.a.RequestMappingHandlerMapping : Mapped "{[/error],produces=[text/html]}" onto public org.springframework.web.servlet.ModelAndView org.springframework.boot.autoconfigure.web.BasicErrorController.errorHtml(javax.servlet.http.HttpServletRequest,javax.servlet.http.HttpServletResponse)
2018-04-19 07:36:35.933  INFO 19889 --- [           main] s.w.s.m.m.a.RequestMappingHandlerMapping : Mapped "{[/error]}" onto public org.springframework.http.ResponseEntity<java.util.Map<java.lang.String, java.lang.Object>> org.springframework.boot.autoconfigure.web.BasicErrorController.error(javax.servlet.http.HttpServletRequest)
2018-04-19 07:36:36.446  INFO 19889 --- [           main] s.w.s.m.m.a.RequestMappingHandlerAdapter : Looking for @ControllerAdvice: org.springframework.web.context.support.GenericWebApplicationContext@4bd31064: startup date [Thu Apr 19 07:36:32 UTC 2018]; root of context hierarchy
2018-04-19 07:36:36.503  INFO 19889 --- [           main] o.s.w.s.handler.SimpleUrlHandlerMapping  : Mapped URL path [/webjars/**] onto handler of type [class org.springframework.web.servlet.resource.ResourceHttpRequestHandler]
2018-04-19 07:36:36.504  INFO 19889 --- [           main] o.s.w.s.handler.SimpleUrlHandlerMapping  : Mapped URL path [/**] onto handler of type [class org.springframework.web.servlet.resource.ResourceHttpRequestHandler]
2018-04-19 07:36:36.544  INFO 19889 --- [           main] o.s.w.s.handler.SimpleUrlHandlerMapping  : Mapped URL path [/**/favicon.ico] onto handler of type [class org.springframework.web.servlet.resource.ResourceHttpRequestHandler]
2018-04-19 07:36:36.737  INFO 19889 --- [           main] d.s.w.p.DocumentationPluginsBootstrapper : Context refreshed
2018-04-19 07:36:36.758  INFO 19889 --- [           main] d.s.w.p.DocumentationPluginsBootstrapper : Found 1 custom documentation plugin(s)
2018-04-19 07:36:36.770  INFO 19889 --- [           main] s.d.s.w.s.ApiListingReferenceScanner     : Scanning for api listing references
2018-04-19 07:36:37.064  INFO 19889 --- [           main] c.p.m.v2.RobotsTxtApplicationTest        : Started RobotsTxtApplicationTest in 4.679 seconds (JVM running for 5.526)
Tests run: 1, Failures: 0, Errors: 0, Skipped: 0, Time elapsed: 4.816 sec - in com.pixalione.monetoring.v2.RobotsTxtApplicationTest
Running com.pixalione.monetoring.v2.Robots.Core.RobotParserLogicTest
2018-04-19 07:36:37.099  INFO 19889 --- [           main] .b.t.c.SpringBootTestContextBootstrapper : Neither @ContextConfiguration nor @ContextHierarchy found for test class [com.pixalione.monetoring.v2.Robots.Core.RobotParserLogicTest], using SpringBootContextLoader
2018-04-19 07:36:37.100  INFO 19889 --- [           main] o.s.t.c.support.AbstractContextLoader    : Could not detect default resource locations for test class [com.pixalione.monetoring.v2.Robots.Core.RobotParserLogicTest]: no resource found for suffixes {-context.xml, Context.groovy}.
2018-04-19 07:36:37.100  INFO 19889 --- [           main] t.c.s.AnnotationConfigContextLoaderUtils : Could not detect default configuration classes for test class [com.pixalione.monetoring.v2.Robots.Core.RobotParserLogicTest]: RobotParserLogicTest does not declare any static, non-private, non-final, nested classes annotated with @Configuration.
2018-04-19 07:36:37.104  INFO 19889 --- [           main] .b.t.c.SpringBootTestContextBootstrapper : Found @SpringBootConfiguration com.pixalione.monetoring.v2.RobotsTxtApplication for test class com.pixalione.monetoring.v2.Robots.Core.RobotParserLogicTest
2018-04-19 07:36:37.106  INFO 19889 --- [           main] .b.t.c.SpringBootTestContextBootstrapper : Loaded default TestExecutionListener class names from location [META-INF/spring.factories]: [org.springframework.boot.test.mock.mockito.MockitoTestExecutionListener, org.springframework.boot.test.mock.mockito.ResetMocksTestExecutionListener, org.springframework.boot.test.autoconfigure.restdocs.RestDocsTestExecutionListener, org.springframework.boot.test.autoconfigure.web.client.MockRestServiceServerResetTestExecutionListener, org.springframework.boot.test.autoconfigure.web.servlet.MockMvcPrintOnlyOnFailureTestExecutionListener, org.springframework.boot.test.autoconfigure.web.servlet.WebDriverTestExecutionListener, org.springframework.test.context.web.ServletTestExecutionListener, org.springframework.test.context.support.DirtiesContextBeforeModesTestExecutionListener, org.springframework.test.context.support.DependencyInjectionTestExecutionListener, org.springframework.test.context.support.DirtiesContextTestExecutionListener, org.springframework.test.context.transaction.TransactionalTestExecutionListener, org.springframework.test.context.jdbc.SqlScriptsTestExecutionListener]
2018-04-19 07:36:37.108  INFO 19889 --- [           main] .b.t.c.SpringBootTestContextBootstrapper : Using TestExecutionListeners: [org.springframework.test.context.web.ServletTestExecutionListener@3d0352, org.springframework.test.context.support.DirtiesContextBeforeModesTestExecutionListener@bb6f3f7, org.springframework.boot.test.autoconfigure.SpringBootDependencyInjectionTestExecutionListener@388f1258, org.springframework.test.context.support.DirtiesContextTestExecutionListener@62058742, org.springframework.test.context.transaction.TransactionalTestExecutionListener@aca2fc3, org.springframework.test.context.jdbc.SqlScriptsTestExecutionListener@36df4c26, org.springframework.boot.test.autoconfigure.web.servlet.MockMvcPrintOnlyOnFailureTestExecutionListener@76828577, org.springframework.boot.test.autoconfigure.restdocs.RestDocsTestExecutionListener@38732372, org.springframework.boot.test.mock.mockito.ResetMocksTestExecutionListener@639cb788, org.springframework.boot.test.autoconfigure.web.servlet.WebDriverTestExecutionListener@2fee69a1, org.springframework.boot.test.autoconfigure.web.client.MockRestServiceServerResetTestExecutionListener@4d25f816, org.springframework.boot.test.mock.mockito.MockitoTestExecutionListener@6c6c2a73]
2018-04-19 07:36:37.406  WARN 19889 --- [           main] c.p.m.v2.Robots.Core.RobotsUtils         : Please check the permission to access data on this server : https://www.historiae-secrets.com/robots.txt
# robots.txt automaticaly generated by PrestaShop e-commerce open-source solution # http://www.prestashop.com - http://www.prestashop.com/forums # This file is to prevent the crawling and indexing of certain parts # of your site by web crawlers and spiders run by sites like Yahoo! # and Google. By telling these "robots" where not to go on your site, # you save bandwidth and server resources. # For more information about the robots.txt standard, see: # http://www.robotstxt.org/robotstxt.html User-agent: * # Allow Directives Allow: */modules/*.css Allow: */modules/*.js # Private pages Disallow: /*?orderby= Disallow: /*?orderway= Disallow: /*?tag= Disallow: /*?id_currency= Disallow: /*?search_query= Disallow: /*?back= Disallow: /*?n= Disallow: /*&orderby= Disallow: /*&orderway= Disallow: /*&tag= Disallow: /*&id_currency= Disallow: /*&search_query= Disallow: /*&back= Disallow: /*&n= Disallow: /*controller=addresses Disallow: /*controller=address Disallow: /*controller=authentication Disallow: /*controller=cart Disallow: /*controller=discount Disallow: /*controller=footer Disallow: /*controller=get-file Disallow: /*controller=header Disallow: /*controller=history Disallow: /*controller=identity Disallow: /*controller=images.inc Disallow: /*controller=init Disallow: /*controller=my-account Disallow: /*controller=order Disallow: /*controller=order-opc Disallow: /*controller=order-slip Disallow: /*controller=order-detail Disallow: /*controller=order-follow Disallow: /*controller=order-return Disallow: /*controller=order-confirmation Disallow: /*controller=pagination Disallow: /*controller=password Disallow: /*controller=pdf-invoice Disallow: /*controller=pdf-order-return Disallow: /*controller=pdf-order-slip Disallow: /*controller=product-sort Disallow: /*controller=search Disallow: /*controller=statistics Disallow: /*controller=attachment Disallow: /*controller=guest-tracking # Directories Disallow: */classes/ Disallow: */config/ Disallow: */download/ Disallow: */mails/ Disallow: */modules/ Disallow: */translations/ Disallow: */tools/ # Files Disallow: /*recuperation-mot-de-passe Disallow: /*adresse Disallow: /*adresses Disallow: /*connexion Disallow: /*panier Disallow: /*reduction Disallow: /*historique-commandes Disallow: /*identite Disallow: /*mon-compte Disallow: /*suivi-commande Disallow: /*avoirs Disallow: /*commande Disallow: /*recherche Disallow: /*commande-rapide Disallow: /*suivi-commande-invite Disallow: /*confirmation-commande
Tests run: 1, Failures: 0, Errors: 0, Skipped: 0, Time elapsed: 0.441 sec - in com.pixalione.monetoring.v2.Robots.Core.RobotParserLogicTest
2018-04-19 07:36:37.567  INFO 19889 --- [       Thread-1] o.s.w.c.s.GenericWebApplicationContext   : Closing org.springframework.web.context.support.GenericWebApplicationContext@4bd31064: startup date [Thu Apr 19 07:36:32 UTC 2018]; root of context hierarchy
2018-04-19 07:36:37.588  INFO 19889 --- [       Thread-1] org.mongodb.driver.connection            : Closed connection [connectionId{localValue:2, serverValue:735}] to 213.32.75.99:27017 because the pool has been closed.

Results :

Tests run: 2, Failures: 0, Errors: 0, Skipped: 0

[INFO] 
[INFO] --- maven-jar-plugin:2.6:jar (default-jar) @ robottxt ---
[INFO] Building jar: /var/jenkins_home/workspace/robottxtservice_master-ETL2XKAMIY3Y7BITJJG6N6FNWIVCHQM3WT5JAWC6CJ7XZXSK2RCA/target/robottxt-0.0.1-SNAPSHOT.jar
[INFO] 
[INFO] --- spring-boot-maven-plugin:1.4.3.RELEASE:repackage (default) @ robottxt ---
[INFO] 
[INFO] --- dockerfile-maven-plugin:1.4.0:build (default) @ robottxt ---
[INFO] Building Docker context /var/jenkins_home/workspace/robottxtservice_master-ETL2XKAMIY3Y7BITJJG6N6FNWIVCHQM3WT5JAWC6CJ7XZXSK2RCA
[INFO] 
[INFO] Image will be built as robottxt:latest
[INFO] 
[INFO] Step 1/6 : FROM openjdk:8-jdk-alpine
[INFO] 
[INFO] Pulling from library/openjdk
[INFO] Digest: sha256:e82316151c501a2a0f73b3089da8dc867816470a464fcb191db9f88c2343ad53
[INFO] Status: Image is up to date for openjdk:8-jdk-alpine
[INFO]  ---> 224765a6bdbe
[INFO] Step 2/6 : VOLUME /tmp
[INFO] 
[INFO]  ---> Using cache
[INFO]  ---> ea6e1d43f07b
[INFO] Step 3/6 : ARG JAR_FILE
[INFO] 
[INFO]  ---> Using cache
[INFO]  ---> 3921928e2bd8
[INFO] Step 4/6 : ADD ${JAR_FILE} app.jar
[INFO] 
[INFO]  ---> 215d9a97b5f3
[INFO] Step 5/6 : EXPOSE 6060/tcp
[INFO] 
[INFO]  ---> Running in 19e38d11f830
[INFO] Removing intermediate container 19e38d11f830
[INFO]  ---> 310b05c8c894
[INFO] Step 6/6 : ENTRYPOINT ["java","-Djava.security.egd=file:/dev/./urandom","-jar","/app.jar"]
[INFO] 
[INFO]  ---> Running in ba0e4fd77c75
[INFO] Removing intermediate container ba0e4fd77c75
[INFO]  ---> f33255da0ee0
[INFO] Successfully built f33255da0ee0
[INFO] Successfully tagged robottxt:latest
[INFO] 
[INFO] Detected build of image with id f33255da0ee0
[INFO] Building jar: /var/jenkins_home/workspace/robottxtservice_master-ETL2XKAMIY3Y7BITJJG6N6FNWIVCHQM3WT5JAWC6CJ7XZXSK2RCA/target/robottxt-0.0.1-SNAPSHOT-docker-info.jar
[INFO] Successfully built robottxt:latest
[INFO] ------------------------------------------------------------------------
[INFO] BUILD SUCCESS
[INFO] ------------------------------------------------------------------------
[INFO] Total time: 15.863 s
[INFO] Finished at: 2018-04-19T07:36:45+00:00
[INFO] Final Memory: 54M/843M
[INFO] ------------------------------------------------------------------------
[8mha:////4M0V9PLP6zVz+MKemnNnnAazoay+mPDPpiBaS17KUDe5AAAAaB+LCAAAAAAAAP9b85aBtbiIwTG/KF0vKzUvOzOvODlTryCnNB3I0ivPL8pOy8kv18vKT9JLzs8rzs9J1QuHCgaV5jlDhPzyS1IZIICRiYGhoohBKqM0pTg/D64Hh8ICAFt0h+h/AAAA[0m[Pipeline] }
[8mha:////4M0V9PLP6zVz+MKemnNnnAazoay+mPDPpiBaS17KUDe5AAAAaB+LCAAAAAAAAP9b85aBtbiIwTG/KF0vKzUvOzOvODlTryCnNB3I0ivPL8pOy8kv18vKT9JLzs8rzs9J1QuHCgaV5jlDhPzyS1IZIICRiYGhoohBKqM0pTg/D64Hh8ICAFt0h+h/AAAA[0m[Pipeline] // stage
[8mha:////4M0V9PLP6zVz+MKemnNnnAazoay+mPDPpiBaS17KUDe5AAAAaB+LCAAAAAAAAP9b85aBtbiIwTG/KF0vKzUvOzOvODlTryCnNB3I0ivPL8pOy8kv18vKT9JLzs8rzs9J1QuHCgaV5jlDhPzyS1IZIICRiYGhoohBKqM0pTg/D64Hh8ICAFt0h+h/AAAA[0m[Pipeline] stage
[8mha:////4M0V9PLP6zVz+MKemnNnnAazoay+mPDPpiBaS17KUDe5AAAAaB+LCAAAAAAAAP9b85aBtbiIwTG/KF0vKzUvOzOvODlTryCnNB3I0ivPL8pOy8kv18vKT9JLzs8rzs9J1QuHCgaV5jlDhPzyS1IZIICRiYGhoohBKqM0pTg/D64Hh8ICAFt0h+h/AAAA[0m[Pipeline] { (Push Image)
[8mha:////4M0V9PLP6zVz+MKemnNnnAazoay+mPDPpiBaS17KUDe5AAAAaB+LCAAAAAAAAP9b85aBtbiIwTG/KF0vKzUvOzOvODlTryCnNB3I0ivPL8pOy8kv18vKT9JLzs8rzs9J1QuHCgaV5jlDhPzyS1IZIICRiYGhoohBKqM0pTg/D64Hh8ICAFt0h+h/AAAA[0m[Pipeline] echo
Pushing Service Docker Image ...
[8mha:////4M0V9PLP6zVz+MKemnNnnAazoay+mPDPpiBaS17KUDe5AAAAaB+LCAAAAAAAAP9b85aBtbiIwTG/KF0vKzUvOzOvODlTryCnNB3I0ivPL8pOy8kv18vKT9JLzs8rzs9J1QuHCgaV5jlDhPzyS1IZIICRiYGhoohBKqM0pTg/D64Hh8ICAFt0h+h/AAAA[0m[Pipeline] sh
[robottxtservice_master-ETL2XKAMIY3Y7BITJJG6N6FNWIVCHQM3WT5JAWC6CJ7XZXSK2RCA] Running shell script
+ docker save robottxt
+ pv
+ ssh root@213.32.75.99 bunzip2 | docker load
+ bzip2
Loaded image: robottxt:latest
[8mha:////4M0V9PLP6zVz+MKemnNnnAazoay+mPDPpiBaS17KUDe5AAAAaB+LCAAAAAAAAP9b85aBtbiIwTG/KF0vKzUvOzOvODlTryCnNB3I0ivPL8pOy8kv18vKT9JLzs8rzs9J1QuHCgaV5jlDhPzyS1IZIICRiYGhoohBKqM0pTg/D64Hh8ICAFt0h+h/AAAA[0m[Pipeline] echo
Stage Test and Build Complete
[8mha:////4M0V9PLP6zVz+MKemnNnnAazoay+mPDPpiBaS17KUDe5AAAAaB+LCAAAAAAAAP9b85aBtbiIwTG/KF0vKzUvOzOvODlTryCnNB3I0ivPL8pOy8kv18vKT9JLzs8rzs9J1QuHCgaV5jlDhPzyS1IZIICRiYGhoohBKqM0pTg/D64Hh8ICAFt0h+h/AAAA[0m[Pipeline] }
[8mha:////4M0V9PLP6zVz+MKemnNnnAazoay+mPDPpiBaS17KUDe5AAAAaB+LCAAAAAAAAP9b85aBtbiIwTG/KF0vKzUvOzOvODlTryCnNB3I0ivPL8pOy8kv18vKT9JLzs8rzs9J1QuHCgaV5jlDhPzyS1IZIICRiYGhoohBKqM0pTg/D64Hh8ICAFt0h+h/AAAA[0m[Pipeline] // stage
[8mha:////4M0V9PLP6zVz+MKemnNnnAazoay+mPDPpiBaS17KUDe5AAAAaB+LCAAAAAAAAP9b85aBtbiIwTG/KF0vKzUvOzOvODlTryCnNB3I0ivPL8pOy8kv18vKT9JLzs8rzs9J1QuHCgaV5jlDhPzyS1IZIICRiYGhoohBKqM0pTg/D64Hh8ICAFt0h+h/AAAA[0m[Pipeline] stage
[8mha:////4M0V9PLP6zVz+MKemnNnnAazoay+mPDPpiBaS17KUDe5AAAAaB+LCAAAAAAAAP9b85aBtbiIwTG/KF0vKzUvOzOvODlTryCnNB3I0ivPL8pOy8kv18vKT9JLzs8rzs9J1QuHCgaV5jlDhPzyS1IZIICRiYGhoohBKqM0pTg/D64Hh8ICAFt0h+h/AAAA[0m[Pipeline] { (Clean Env)
[8mha:////4M0V9PLP6zVz+MKemnNnnAazoay+mPDPpiBaS17KUDe5AAAAaB+LCAAAAAAAAP9b85aBtbiIwTG/KF0vKzUvOzOvODlTryCnNB3I0ivPL8pOy8kv18vKT9JLzs8rzs9J1QuHCgaV5jlDhPzyS1IZIICRiYGhoohBKqM0pTg/D64Hh8ICAFt0h+h/AAAA[0m[Pipeline] echo
Destroying the build environment...
[8mha:////4M0V9PLP6zVz+MKemnNnnAazoay+mPDPpiBaS17KUDe5AAAAaB+LCAAAAAAAAP9b85aBtbiIwTG/KF0vKzUvOzOvODlTryCnNB3I0ivPL8pOy8kv18vKT9JLzs8rzs9J1QuHCgaV5jlDhPzyS1IZIICRiYGhoohBKqM0pTg/D64Hh8ICAFt0h+h/AAAA[0m[Pipeline] echo
Failed Cleaning ENV
[8mha:////4M0V9PLP6zVz+MKemnNnnAazoay+mPDPpiBaS17KUDe5AAAAaB+LCAAAAAAAAP9b85aBtbiIwTG/KF0vKzUvOzOvODlTryCnNB3I0ivPL8pOy8kv18vKT9JLzs8rzs9J1QuHCgaV5jlDhPzyS1IZIICRiYGhoohBKqM0pTg/D64Hh8ICAFt0h+h/AAAA[0m[Pipeline] echo
Clean Complete
[8mha:////4M0V9PLP6zVz+MKemnNnnAazoay+mPDPpiBaS17KUDe5AAAAaB+LCAAAAAAAAP9b85aBtbiIwTG/KF0vKzUvOzOvODlTryCnNB3I0ivPL8pOy8kv18vKT9JLzs8rzs9J1QuHCgaV5jlDhPzyS1IZIICRiYGhoohBKqM0pTg/D64Hh8ICAFt0h+h/AAAA[0m[Pipeline] }
[8mha:////4M0V9PLP6zVz+MKemnNnnAazoay+mPDPpiBaS17KUDe5AAAAaB+LCAAAAAAAAP9b85aBtbiIwTG/KF0vKzUvOzOvODlTryCnNB3I0ivPL8pOy8kv18vKT9JLzs8rzs9J1QuHCgaV5jlDhPzyS1IZIICRiYGhoohBKqM0pTg/D64Hh8ICAFt0h+h/AAAA[0m[Pipeline] // stage
[8mha:////4M0V9PLP6zVz+MKemnNnnAazoay+mPDPpiBaS17KUDe5AAAAaB+LCAAAAAAAAP9b85aBtbiIwTG/KF0vKzUvOzOvODlTryCnNB3I0ivPL8pOy8kv18vKT9JLzs8rzs9J1QuHCgaV5jlDhPzyS1IZIICRiYGhoohBKqM0pTg/D64Hh8ICAFt0h+h/AAAA[0m[Pipeline] stage
[8mha:////4M0V9PLP6zVz+MKemnNnnAazoay+mPDPpiBaS17KUDe5AAAAaB+LCAAAAAAAAP9b85aBtbiIwTG/KF0vKzUvOzOvODlTryCnNB3I0ivPL8pOy8kv18vKT9JLzs8rzs9J1QuHCgaV5jlDhPzyS1IZIICRiYGhoohBKqM0pTg/D64Hh8ICAFt0h+h/AAAA[0m[Pipeline] { (Deploy Image)
[8mha:////4M0V9PLP6zVz+MKemnNnnAazoay+mPDPpiBaS17KUDe5AAAAaB+LCAAAAAAAAP9b85aBtbiIwTG/KF0vKzUvOzOvODlTryCnNB3I0ivPL8pOy8kv18vKT9JLzs8rzs9J1QuHCgaV5jlDhPzyS1IZIICRiYGhoohBKqM0pTg/D64Hh8ICAFt0h+h/AAAA[0m[Pipeline] echo
 Starting Release phase...
[8mha:////4M0V9PLP6zVz+MKemnNnnAazoay+mPDPpiBaS17KUDe5AAAAaB+LCAAAAAAAAP9b85aBtbiIwTG/KF0vKzUvOzOvODlTryCnNB3I0ivPL8pOy8kv18vKT9JLzs8rzs9J1QuHCgaV5jlDhPzyS1IZIICRiYGhoohBKqM0pTg/D64Hh8ICAFt0h+h/AAAA[0m[Pipeline] sh
[robottxtservice_master-ETL2XKAMIY3Y7BITJJG6N6FNWIVCHQM3WT5JAWC6CJ7XZXSK2RCA] Running shell script
+ ssh root@213.32.75.99 docker run -d -p 6060:6060 robottxt
fc6a3d9690d9476ca74c421d365df8d6078cdcd9f6652d28a69b892dd8d20d84
[8mha:////4M0V9PLP6zVz+MKemnNnnAazoay+mPDPpiBaS17KUDe5AAAAaB+LCAAAAAAAAP9b85aBtbiIwTG/KF0vKzUvOzOvODlTryCnNB3I0ivPL8pOy8kv18vKT9JLzs8rzs9J1QuHCgaV5jlDhPzyS1IZIICRiYGhoohBKqM0pTg/D64Hh8ICAFt0h+h/AAAA[0m[Pipeline] echo
Realising is Done ! ...
[8mha:////4M0V9PLP6zVz+MKemnNnnAazoay+mPDPpiBaS17KUDe5AAAAaB+LCAAAAAAAAP9b85aBtbiIwTG/KF0vKzUvOzOvODlTryCnNB3I0ivPL8pOy8kv18vKT9JLzs8rzs9J1QuHCgaV5jlDhPzyS1IZIICRiYGhoohBKqM0pTg/D64Hh8ICAFt0h+h/AAAA[0m[Pipeline] }
[8mha:////4M0V9PLP6zVz+MKemnNnnAazoay+mPDPpiBaS17KUDe5AAAAaB+LCAAAAAAAAP9b85aBtbiIwTG/KF0vKzUvOzOvODlTryCnNB3I0ivPL8pOy8kv18vKT9JLzs8rzs9J1QuHCgaV5jlDhPzyS1IZIICRiYGhoohBKqM0pTg/D64Hh8ICAFt0h+h/AAAA[0m[Pipeline] // stage
[8mha:////4M0V9PLP6zVz+MKemnNnnAazoay+mPDPpiBaS17KUDe5AAAAaB+LCAAAAAAAAP9b85aBtbiIwTG/KF0vKzUvOzOvODlTryCnNB3I0ivPL8pOy8kv18vKT9JLzs8rzs9J1QuHCgaV5jlDhPzyS1IZIICRiYGhoohBKqM0pTg/D64Hh8ICAFt0h+h/AAAA[0m[Pipeline] }
[8mha:////4M0V9PLP6zVz+MKemnNnnAazoay+mPDPpiBaS17KUDe5AAAAaB+LCAAAAAAAAP9b85aBtbiIwTG/KF0vKzUvOzOvODlTryCnNB3I0ivPL8pOy8kv18vKT9JLzs8rzs9J1QuHCgaV5jlDhPzyS1IZIICRiYGhoohBKqM0pTg/D64Hh8ICAFt0h+h/AAAA[0m[Pipeline] // node
[8mha:////4M0V9PLP6zVz+MKemnNnnAazoay+mPDPpiBaS17KUDe5AAAAaB+LCAAAAAAAAP9b85aBtbiIwTG/KF0vKzUvOzOvODlTryCnNB3I0ivPL8pOy8kv18vKT9JLzs8rzs9J1QuHCgaV5jlDhPzyS1IZIICRiYGhoohBKqM0pTg/D64Hh8ICAFt0h+h/AAAA[0m[Pipeline] End of Pipeline
[Bitbucket] Notifying commit build result
[Bitbucket] Build result notified
Finished: SUCCESS
