Branch indexing
Obtained Jenkinsfile from bbcc3b61a07e6c057e254db286bd0541f7ad992c
Loading library rdpixalione/config-server@master
Attempting to resolve master from remote references...
 > git --version # timeout=10
using GIT_ASKPASS to set credentials 
 > git ls-remote -h -t https://AminePix@bitbucket.org/rdpixalione/config-server.git # timeout=10
Found match: refs/heads/master revision f67e6e11f1683bc846ccc94256a248f3b9a5a284
Cloning the remote Git repository
Cloning with configured refspecs honoured and without tags
Cloning repository https://AminePix@bitbucket.org/rdpixalione/config-server.git
 > git init /var/jenkins_home/workspace/robottxtservice_master-ETL2XKAMIY3Y7BITJJG6N6FNWIVCHQM3WT5JAWC6CJ7XZXSK2RCA@libs/rdpixalione/config-server # timeout=10
Fetching upstream changes from https://AminePix@bitbucket.org/rdpixalione/config-server.git
 > git --version # timeout=10
using GIT_ASKPASS to set credentials 
 > git fetch --no-tags --progress https://AminePix@bitbucket.org/rdpixalione/config-server.git +refs/heads/*:refs/remotes/origin/*
 > git config remote.origin.url https://AminePix@bitbucket.org/rdpixalione/config-server.git # timeout=10
 > git config --add remote.origin.fetch +refs/heads/*:refs/remotes/origin/* # timeout=10
 > git config remote.origin.url https://AminePix@bitbucket.org/rdpixalione/config-server.git # timeout=10
Fetching without tags
Fetching upstream changes from https://AminePix@bitbucket.org/rdpixalione/config-server.git
using GIT_ASKPASS to set credentials 
 > git fetch --no-tags --progress https://AminePix@bitbucket.org/rdpixalione/config-server.git +refs/heads/*:refs/remotes/origin/*
Checking out Revision f67e6e11f1683bc846ccc94256a248f3b9a5a284 (master)
 > git config core.sparsecheckout # timeout=10
 > git checkout -f f67e6e11f1683bc846ccc94256a248f3b9a5a284
Commit message: " Update Pipeline"
First time build. Skipping changelog.
[Bitbucket] Notifying commit build result
[8mha:////4M0V9PLP6zVz+MKemnNnnAazoay+mPDPpiBaS17KUDe5AAAAaB+LCAAAAAAAAP9b85aBtbiIwTG/KF0vKzUvOzOvODlTryCnNB3I0ivPL8pOy8kv18vKT9JLzs8rzs9J1QuHCgaV5jlDhPzyS1IZIICRiYGhoohBKqM0pTg/D64Hh8ICAFt0h+h/AAAA[0m[Pipeline] node
Running on [8mha:////4K4MzFhT6D5/R1Js31HuD01X05fxR9+Xs/55mWynmuoQAAAAnh+LCAAAAAAAAP9b85aBtbiIQTGjNKU4P08vOT+vOD8nVc83PyU1x6OyILUoJzMv2y+/JJUBAhiZGBgqihhk0NSjKDWzXb3RdlLBUSYGJk8GtpzUvPSSDB8G5tKinBIGIZ+sxLJE/ZzEvHT94JKizLx0a6BxUmjGOUNodHsLgAz2EgZh/eT83ILSktQifY3cxGIgrakPAHib2iPIAAAA[0mJenkins in /var/jenkins_home/workspace/robottxtservice_master-ETL2XKAMIY3Y7BITJJG6N6FNWIVCHQM3WT5JAWC6CJ7XZXSK2RCA
[8mha:////4M0V9PLP6zVz+MKemnNnnAazoay+mPDPpiBaS17KUDe5AAAAaB+LCAAAAAAAAP9b85aBtbiIwTG/KF0vKzUvOzOvODlTryCnNB3I0ivPL8pOy8kv18vKT9JLzs8rzs9J1QuHCgaV5jlDhPzyS1IZIICRiYGhoohBKqM0pTg/D64Hh8ICAFt0h+h/AAAA[0m[Pipeline] {
[8mha:////4M0V9PLP6zVz+MKemnNnnAazoay+mPDPpiBaS17KUDe5AAAAaB+LCAAAAAAAAP9b85aBtbiIwTG/KF0vKzUvOzOvODlTryCnNB3I0ivPL8pOy8kv18vKT9JLzs8rzs9J1QuHCgaV5jlDhPzyS1IZIICRiYGhoohBKqM0pTg/D64Hh8ICAFt0h+h/AAAA[0m[Pipeline] deleteDir
[8mha:////4M0V9PLP6zVz+MKemnNnnAazoay+mPDPpiBaS17KUDe5AAAAaB+LCAAAAAAAAP9b85aBtbiIwTG/KF0vKzUvOzOvODlTryCnNB3I0ivPL8pOy8kv18vKT9JLzs8rzs9J1QuHCgaV5jlDhPzyS1IZIICRiYGhoohBKqM0pTg/D64Hh8ICAFt0h+h/AAAA[0m[Pipeline] stage
[8mha:////4M0V9PLP6zVz+MKemnNnnAazoay+mPDPpiBaS17KUDe5AAAAaB+LCAAAAAAAAP9b85aBtbiIwTG/KF0vKzUvOzOvODlTryCnNB3I0ivPL8pOy8kv18vKT9JLzs8rzs9J1QuHCgaV5jlDhPzyS1IZIICRiYGhoohBKqM0pTg/D64Hh8ICAFt0h+h/AAAA[0m[Pipeline] { (Clone)
[8mha:////4M0V9PLP6zVz+MKemnNnnAazoay+mPDPpiBaS17KUDe5AAAAaB+LCAAAAAAAAP9b85aBtbiIwTG/KF0vKzUvOzOvODlTryCnNB3I0ivPL8pOy8kv18vKT9JLzs8rzs9J1QuHCgaV5jlDhPzyS1IZIICRiYGhoohBKqM0pTg/D64Hh8ICAFt0h+h/AAAA[0m[Pipeline] checkout
Cloning the remote Git repository
Cloning with configured refspecs honoured and without tags
Cloning repository https://bitbucket.org/rdpixalione/robottxtservice.git
 > git init /var/jenkins_home/workspace/robottxtservice_master-ETL2XKAMIY3Y7BITJJG6N6FNWIVCHQM3WT5JAWC6CJ7XZXSK2RCA # timeout=10
Fetching upstream changes from https://bitbucket.org/rdpixalione/robottxtservice.git
 > git --version # timeout=10
using GIT_ASKPASS to set credentials Bitbucket server credentials
 > git fetch --no-tags --progress https://bitbucket.org/rdpixalione/robottxtservice.git +refs/heads/master:refs/remotes/origin/master
 > git config remote.origin.url https://bitbucket.org/rdpixalione/robottxtservice.git # timeout=10
 > git config --add remote.origin.fetch +refs/heads/master:refs/remotes/origin/master # timeout=10
 > git config remote.origin.url https://bitbucket.org/rdpixalione/robottxtservice.git # timeout=10
Fetching without tags
Fetching upstream changes from https://bitbucket.org/rdpixalione/robottxtservice.git
using GIT_ASKPASS to set credentials Bitbucket server credentials
 > git fetch --no-tags --progress https://bitbucket.org/rdpixalione/robottxtservice.git +refs/heads/master:refs/remotes/origin/master
Checking out Revision bbcc3b61a07e6c057e254db286bd0541f7ad992c (master)
 > git config core.sparsecheckout # timeout=10
 > git checkout -f bbcc3b61a07e6c057e254db286bd0541f7ad992c
Commit message: "Updating Jenkisfile & Makefile"
 > git rev-list --no-walk bb499ce9bd16e14087853634487a3d39c24b4bcd # timeout=10
[Bitbucket] Notifying commit build result
[8mha:////4M0V9PLP6zVz+MKemnNnnAazoay+mPDPpiBaS17KUDe5AAAAaB+LCAAAAAAAAP9b85aBtbiIwTG/KF0vKzUvOzOvODlTryCnNB3I0ivPL8pOy8kv18vKT9JLzs8rzs9J1QuHCgaV5jlDhPzyS1IZIICRiYGhoohBKqM0pTg/D64Hh8ICAFt0h+h/AAAA[0m[Pipeline] }
[8mha:////4M0V9PLP6zVz+MKemnNnnAazoay+mPDPpiBaS17KUDe5AAAAaB+LCAAAAAAAAP9b85aBtbiIwTG/KF0vKzUvOzOvODlTryCnNB3I0ivPL8pOy8kv18vKT9JLzs8rzs9J1QuHCgaV5jlDhPzyS1IZIICRiYGhoohBKqM0pTg/D64Hh8ICAFt0h+h/AAAA[0m[Pipeline] // stage
[8mha:////4M0V9PLP6zVz+MKemnNnnAazoay+mPDPpiBaS17KUDe5AAAAaB+LCAAAAAAAAP9b85aBtbiIwTG/KF0vKzUvOzOvODlTryCnNB3I0ivPL8pOy8kv18vKT9JLzs8rzs9J1QuHCgaV5jlDhPzyS1IZIICRiYGhoohBKqM0pTg/D64Hh8ICAFt0h+h/AAAA[0m[Pipeline] stage
[8mha:////4M0V9PLP6zVz+MKemnNnnAazoay+mPDPpiBaS17KUDe5AAAAaB+LCAAAAAAAAP9b85aBtbiIwTG/KF0vKzUvOzOvODlTryCnNB3I0ivPL8pOy8kv18vKT9JLzs8rzs9J1QuHCgaV5jlDhPzyS1IZIICRiYGhoohBKqM0pTg/D64Hh8ICAFt0h+h/AAAA[0m[Pipeline] { (Build)
[8mha:////4M0V9PLP6zVz+MKemnNnnAazoay+mPDPpiBaS17KUDe5AAAAaB+LCAAAAAAAAP9b85aBtbiIwTG/KF0vKzUvOzOvODlTryCnNB3I0ivPL8pOy8kv18vKT9JLzs8rzs9J1QuHCgaV5jlDhPzyS1IZIICRiYGhoohBKqM0pTg/D64Hh8ICAFt0h+h/AAAA[0m[Pipeline] sh
[robottxtservice_master-ETL2XKAMIY3Y7BITJJG6N6FNWIVCHQM3WT5JAWC6CJ7XZXSK2RCA] Running shell script
+ make build
[1;33m=> Compiling and Building...
[0m/var/jenkins_home/workspace/robottxtservice_master-ETL2XKAMIY3Y7BITJJG6N6FNWIVCHQM3WT5JAWC6CJ7XZXSK2RCA
[INFO] Scanning for projects...
[INFO] 
[INFO] ------------------------------------------------------------------------
[INFO] Building robottxt 0.0.1-SNAPSHOT
[INFO] ------------------------------------------------------------------------
[INFO] 
[INFO] --- maven-resources-plugin:2.6:resources (default-resources) @ robottxt ---
[INFO] Using 'UTF-8' encoding to copy filtered resources.
[INFO] Copying 2 resources
[INFO] Copying 0 resource
[INFO] 
[INFO] --- maven-compiler-plugin:3.1:compile (default-compile) @ robottxt ---
[INFO] Changes detected - recompiling the module!
[INFO] Compiling 25 source files to /var/jenkins_home/workspace/robottxtservice_master-ETL2XKAMIY3Y7BITJJG6N6FNWIVCHQM3WT5JAWC6CJ7XZXSK2RCA/target/classes
[INFO] ------------------------------------------------------------------------
[INFO] BUILD SUCCESS
[INFO] ------------------------------------------------------------------------
[INFO] Total time: 2.502 s
[INFO] Finished at: 2018-04-17T10:32:18Z
[INFO] Final Memory: 29M/563M
[INFO] ------------------------------------------------------------------------
[8mha:////4M0V9PLP6zVz+MKemnNnnAazoay+mPDPpiBaS17KUDe5AAAAaB+LCAAAAAAAAP9b85aBtbiIwTG/KF0vKzUvOzOvODlTryCnNB3I0ivPL8pOy8kv18vKT9JLzs8rzs9J1QuHCgaV5jlDhPzyS1IZIICRiYGhoohBKqM0pTg/D64Hh8ICAFt0h+h/AAAA[0m[Pipeline] }
[8mha:////4M0V9PLP6zVz+MKemnNnnAazoay+mPDPpiBaS17KUDe5AAAAaB+LCAAAAAAAAP9b85aBtbiIwTG/KF0vKzUvOzOvODlTryCnNB3I0ivPL8pOy8kv18vKT9JLzs8rzs9J1QuHCgaV5jlDhPzyS1IZIICRiYGhoohBKqM0pTg/D64Hh8ICAFt0h+h/AAAA[0m[Pipeline] // stage
[8mha:////4M0V9PLP6zVz+MKemnNnnAazoay+mPDPpiBaS17KUDe5AAAAaB+LCAAAAAAAAP9b85aBtbiIwTG/KF0vKzUvOzOvODlTryCnNB3I0ivPL8pOy8kv18vKT9JLzs8rzs9J1QuHCgaV5jlDhPzyS1IZIICRiYGhoohBKqM0pTg/D64Hh8ICAFt0h+h/AAAA[0m[Pipeline] stage
[8mha:////4M0V9PLP6zVz+MKemnNnnAazoay+mPDPpiBaS17KUDe5AAAAaB+LCAAAAAAAAP9b85aBtbiIwTG/KF0vKzUvOzOvODlTryCnNB3I0ivPL8pOy8kv18vKT9JLzs8rzs9J1QuHCgaV5jlDhPzyS1IZIICRiYGhoohBKqM0pTg/D64Hh8ICAFt0h+h/AAAA[0m[Pipeline] { (Tests)
[8mha:////4M0V9PLP6zVz+MKemnNnnAazoay+mPDPpiBaS17KUDe5AAAAaB+LCAAAAAAAAP9b85aBtbiIwTG/KF0vKzUvOzOvODlTryCnNB3I0ivPL8pOy8kv18vKT9JLzs8rzs9J1QuHCgaV5jlDhPzyS1IZIICRiYGhoohBKqM0pTg/D64Hh8ICAFt0h+h/AAAA[0m[Pipeline] parallel
[8mha:////4M0V9PLP6zVz+MKemnNnnAazoay+mPDPpiBaS17KUDe5AAAAaB+LCAAAAAAAAP9b85aBtbiIwTG/KF0vKzUvOzOvODlTryCnNB3I0ivPL8pOy8kv18vKT9JLzs8rzs9J1QuHCgaV5jlDhPzyS1IZIICRiYGhoohBKqM0pTg/D64Hh8ICAFt0h+h/AAAA[0m[Pipeline] [Test and Build] { (Branch: Test and Build)
[8mha:////4M0V9PLP6zVz+MKemnNnnAazoay+mPDPpiBaS17KUDe5AAAAaB+LCAAAAAAAAP9b85aBtbiIwTG/KF0vKzUvOzOvODlTryCnNB3I0ivPL8pOy8kv18vKT9JLzs8rzs9J1QuHCgaV5jlDhPzyS1IZIICRiYGhoohBKqM0pTg/D64Hh8ICAFt0h+h/AAAA[0m[Pipeline] [Test with Sonar] { (Branch: Test with Sonar)
[8mha:////4M0V9PLP6zVz+MKemnNnnAazoay+mPDPpiBaS17KUDe5AAAAaB+LCAAAAAAAAP9b85aBtbiIwTG/KF0vKzUvOzOvODlTryCnNB3I0ivPL8pOy8kv18vKT9JLzs8rzs9J1QuHCgaV5jlDhPzyS1IZIICRiYGhoohBKqM0pTg/D64Hh8ICAFt0h+h/AAAA[0m[Pipeline] [Test and Build] sh
[Test and Build] [robottxtservice_master-ETL2XKAMIY3Y7BITJJG6N6FNWIVCHQM3WT5JAWC6CJ7XZXSK2RCA] Running shell script
[8mha:////4M0V9PLP6zVz+MKemnNnnAazoay+mPDPpiBaS17KUDe5AAAAaB+LCAAAAAAAAP9b85aBtbiIwTG/KF0vKzUvOzOvODlTryCnNB3I0ivPL8pOy8kv18vKT9JLzs8rzs9J1QuHCgaV5jlDhPzyS1IZIICRiYGhoohBKqM0pTg/D64Hh8ICAFt0h+h/AAAA[0m[Pipeline] [Test with Sonar] sh
[Test and Build] + make test
[Test and Build] [1;33m=> Testing...
[Test and Build] [0m/var/jenkins_home/workspace/robottxtservice_master-ETL2XKAMIY3Y7BITJJG6N6FNWIVCHQM3WT5JAWC6CJ7XZXSK2RCA
[Test with Sonar] [robottxtservice_master-ETL2XKAMIY3Y7BITJJG6N6FNWIVCHQM3WT5JAWC6CJ7XZXSK2RCA] Running shell script
[Test with Sonar] + make SonarTest
[Test with Sonar] [1;33m=> Testing With Sonar Server ...
[Test and Build] [INFO] Scanning for projects...
[Test and Build] [INFO] 
[Test and Build] [INFO] ------------------------------------------------------------------------
[Test and Build] [INFO] Building robottxt 0.0.1-SNAPSHOT
[Test and Build] [INFO] ------------------------------------------------------------------------
[Test and Build] [INFO] 
[Test and Build] [INFO] --- maven-resources-plugin:2.6:resources (default-resources) @ robottxt ---
[Test and Build] [INFO] Using 'UTF-8' encoding to copy filtered resources.
[Test and Build] [INFO] Copying 2 resources
[Test with Sonar] [0m[INFO] Scanning for projects...
[Test and Build] [INFO] Copying 0 resource
[Test and Build] [INFO] 
[Test and Build] [INFO] --- maven-compiler-plugin:3.1:compile (default-compile) @ robottxt ---
[Test and Build] [INFO] Nothing to compile - all classes are up to date
[Test and Build] [INFO] 
[Test and Build] [INFO] --- maven-resources-plugin:2.6:testResources (default-testResources) @ robottxt ---
[Test and Build] [INFO] Using 'UTF-8' encoding to copy filtered resources.
[Test and Build] [INFO] skip non existing resourceDirectory /var/jenkins_home/workspace/robottxtservice_master-ETL2XKAMIY3Y7BITJJG6N6FNWIVCHQM3WT5JAWC6CJ7XZXSK2RCA/src/test/resources
[Test and Build] [INFO] 
[Test and Build] [INFO] --- maven-compiler-plugin:3.1:testCompile (default-testCompile) @ robottxt ---
[Test and Build] [INFO] Changes detected - recompiling the module!
[Test and Build] [INFO] Compiling 6 source files to /var/jenkins_home/workspace/robottxtservice_master-ETL2XKAMIY3Y7BITJJG6N6FNWIVCHQM3WT5JAWC6CJ7XZXSK2RCA/target/test-classes
[Test with Sonar] Downloading: https://repo.maven.apache.org/maven2/org/jooq/jooq-codegen-maven/3.8.6/jooq-codegen-maven-3.8.6.pom
[Test and Build] [INFO] 
[Test and Build] [INFO] --- maven-surefire-plugin:2.18.1:test (default-test) @ robottxt ---
[Test and Build] [INFO] Surefire report directory: /var/jenkins_home/workspace/robottxtservice_master-ETL2XKAMIY3Y7BITJJG6N6FNWIVCHQM3WT5JAWC6CJ7XZXSK2RCA/target/surefire-reports
[Test and Build] 
[Test and Build] -------------------------------------------------------
[Test and Build]  T E S T S
[Test and Build] -------------------------------------------------------
[Test with Sonar] 3/3 KB   3/3 KB            Downloaded: https://repo.maven.apache.org/maven2/org/jooq/jooq-codegen-maven/3.8.6/jooq-codegen-maven-3.8.6.pom (3 KB at 4.1 KB/sec)
[Test with Sonar] Downloading: https://repo.maven.apache.org/maven2/org/jooq/jooq-parent/3.8.6/jooq-parent-3.8.6.pom
[Test with Sonar] 3/10 KB   5/10 KB   8/10 KB   10/10 KB              Downloaded: https://repo.maven.apache.org/maven2/org/jooq/jooq-parent/3.8.6/jooq-parent-3.8.6.pom (10 KB at 315.1 KB/sec)
[Test with Sonar] Downloading: https://repo.maven.apache.org/maven2/org/jooq/jooq-codegen-maven/3.8.6/jooq-codegen-maven-3.8.6.jar
[Test with Sonar] 3/15 KB    5/15 KB   8/15 KB   11/15 KB   13/15 KB   15/15 KB              Downloaded: https://repo.maven.apache.org/maven2/org/jooq/jooq-codegen-maven/3.8.6/jooq-codegen-maven-3.8.6.jar (15 KB at 423.5 KB/sec)
[Test with Sonar] Downloading: https://repo.maven.apache.org/maven2/pl/project13/maven/git-commit-id-plugin/2.1.11/git-commit-id-plugin-2.1.11.pom
[Test with Sonar] 3/10 KB    5/10 KB   8/10 KB   10/10 KB              Downloaded: https://repo.maven.apache.org/maven2/pl/project13/maven/git-commit-id-plugin/2.1.11/git-commit-id-plugin-2.1.11.pom (10 KB at 422.5 KB/sec)
[Test with Sonar] Downloading: https://repo.maven.apache.org/maven2/org/sonatype/oss/oss-parent/6/oss-parent-6.pom
[Test with Sonar] 3/5 KB     5/5 KB            Downloaded: https://repo.maven.apache.org/maven2/org/sonatype/oss/oss-parent/6/oss-parent-6.pom (5 KB at 196.6 KB/sec)
[Test with Sonar] Downloading: https://repo.maven.apache.org/maven2/pl/project13/maven/git-commit-id-plugin/2.1.11/git-commit-id-plugin-2.1.11.jar
[Test with Sonar] 3/61 KB   5/61 KB   8/61 KB   11/61 KB   13/61 KB   16/61 KB   19/61 KB   21/61 KB   24/61 KB   27/61 KB   29/61 KB   32/61 KB   36/61 KB   40/61 KB   44/61 KB   48/61 KB   52/61 KB   56/61 KB   60/61 KB   61/61 KB              Downloaded: https://repo.maven.apache.org/maven2/pl/project13/maven/git-commit-id-plugin/2.1.11/git-commit-id-plugin-2.1.11.jar (61 KB at 1510.8 KB/sec)
[Test with Sonar] [INFO]                                                                         
[Test with Sonar] [INFO] ------------------------------------------------------------------------
[Test with Sonar] [INFO] Building robottxt 0.0.1-SNAPSHOT
[Test with Sonar] [INFO] ------------------------------------------------------------------------
[Test with Sonar] [INFO] 
[Test with Sonar] [INFO] --- sonar-maven-plugin:3.4.0.905:sonar (default-cli) @ robottxt ---
[Test with Sonar] [INFO] User cache: /root/.sonar/cache
[Test with Sonar] [INFO] SonarQube version: 7.0.0
[Test with Sonar] [INFO] Default locale: "en", source code encoding: "UTF-8"
[Test and Build] 10:32:24.149 [main] DEBUG org.springframework.test.context.junit4.SpringJUnit4ClassRunner - SpringJUnit4ClassRunner constructor called with [class com.pixalione.monetoring.v2.RobotsTxtApplicationTest]
[Test and Build] 10:32:24.154 [main] DEBUG org.springframework.test.context.BootstrapUtils - Instantiating CacheAwareContextLoaderDelegate from class [org.springframework.test.context.cache.DefaultCacheAwareContextLoaderDelegate]
[Test and Build] 10:32:24.171 [main] DEBUG org.springframework.test.context.BootstrapUtils - Instantiating BootstrapContext using constructor [public org.springframework.test.context.support.DefaultBootstrapContext(java.lang.Class,org.springframework.test.context.CacheAwareContextLoaderDelegate)]
[Test and Build] 10:32:24.205 [main] DEBUG org.springframework.test.context.BootstrapUtils - Instantiating TestContextBootstrapper for test class [com.pixalione.monetoring.v2.RobotsTxtApplicationTest] from class [org.springframework.boot.test.context.SpringBootTestContextBootstrapper]
[Test and Build] 10:32:24.228 [main] INFO org.springframework.boot.test.context.SpringBootTestContextBootstrapper - Neither @ContextConfiguration nor @ContextHierarchy found for test class [com.pixalione.monetoring.v2.RobotsTxtApplicationTest], using SpringBootContextLoader
[Test and Build] 10:32:24.235 [main] DEBUG org.springframework.test.context.support.AbstractContextLoader - Did not detect default resource location for test class [com.pixalione.monetoring.v2.RobotsTxtApplicationTest]: class path resource [com/pixalione/monetoring/v2/RobotsTxtApplicationTest-context.xml] does not exist
[Test and Build] 10:32:24.235 [main] DEBUG org.springframework.test.context.support.AbstractContextLoader - Did not detect default resource location for test class [com.pixalione.monetoring.v2.RobotsTxtApplicationTest]: class path resource [com/pixalione/monetoring/v2/RobotsTxtApplicationTestContext.groovy] does not exist
[Test and Build] 10:32:24.236 [main] INFO org.springframework.test.context.support.AbstractContextLoader - Could not detect default resource locations for test class [com.pixalione.monetoring.v2.RobotsTxtApplicationTest]: no resource found for suffixes {-context.xml, Context.groovy}.
[Test and Build] 10:32:24.237 [main] INFO org.springframework.test.context.support.AnnotationConfigContextLoaderUtils - Could not detect default configuration classes for test class [com.pixalione.monetoring.v2.RobotsTxtApplicationTest]: RobotsTxtApplicationTest does not declare any static, non-private, non-final, nested classes annotated with @Configuration.
[Test and Build] 10:32:24.303 [main] DEBUG org.springframework.test.context.support.ActiveProfilesUtils - Could not find an 'annotation declaring class' for annotation type [org.springframework.test.context.ActiveProfiles] and class [com.pixalione.monetoring.v2.RobotsTxtApplicationTest]
[Test and Build] 10:32:24.316 [main] DEBUG org.springframework.core.env.StandardEnvironment - Adding [systemProperties] PropertySource with lowest search precedence
[Test and Build] 10:32:24.317 [main] DEBUG org.springframework.core.env.StandardEnvironment - Adding [systemEnvironment] PropertySource with lowest search precedence
[Test and Build] 10:32:24.318 [main] DEBUG org.springframework.core.env.StandardEnvironment - Initialized StandardEnvironment with PropertySources [systemProperties,systemEnvironment]
[Test and Build] 10:32:24.328 [main] DEBUG org.springframework.core.io.support.PathMatchingResourcePatternResolver - Resolved classpath location [com/pixalione/monetoring/v2/] to resources [URL [file:/var/jenkins_home/workspace/robottxtservice_master-ETL2XKAMIY3Y7BITJJG6N6FNWIVCHQM3WT5JAWC6CJ7XZXSK2RCA/target/test-classes/com/pixalione/monetoring/v2/], URL [file:/var/jenkins_home/workspace/robottxtservice_master-ETL2XKAMIY3Y7BITJJG6N6FNWIVCHQM3WT5JAWC6CJ7XZXSK2RCA/target/classes/com/pixalione/monetoring/v2/]]
[Test and Build] 10:32:24.329 [main] DEBUG org.springframework.core.io.support.PathMatchingResourcePatternResolver - Looking for matching resources in directory tree [/var/jenkins_home/workspace/robottxtservice_master-ETL2XKAMIY3Y7BITJJG6N6FNWIVCHQM3WT5JAWC6CJ7XZXSK2RCA/target/test-classes/com/pixalione/monetoring/v2]
[Test and Build] 10:32:24.329 [main] DEBUG org.springframework.core.io.support.PathMatchingResourcePatternResolver - Searching directory [/var/jenkins_home/workspace/robottxtservice_master-ETL2XKAMIY3Y7BITJJG6N6FNWIVCHQM3WT5JAWC6CJ7XZXSK2RCA/target/test-classes/com/pixalione/monetoring/v2] for files matching pattern [/var/jenkins_home/workspace/robottxtservice_master-ETL2XKAMIY3Y7BITJJG6N6FNWIVCHQM3WT5JAWC6CJ7XZXSK2RCA/target/test-classes/com/pixalione/monetoring/v2/*.class]
[Test and Build] 10:32:24.333 [main] DEBUG org.springframework.core.io.support.PathMatchingResourcePatternResolver - Looking for matching resources in directory tree [/var/jenkins_home/workspace/robottxtservice_master-ETL2XKAMIY3Y7BITJJG6N6FNWIVCHQM3WT5JAWC6CJ7XZXSK2RCA/target/classes/com/pixalione/monetoring/v2]
[Test and Build] 10:32:24.333 [main] DEBUG org.springframework.core.io.support.PathMatchingResourcePatternResolver - Searching directory [/var/jenkins_home/workspace/robottxtservice_master-ETL2XKAMIY3Y7BITJJG6N6FNWIVCHQM3WT5JAWC6CJ7XZXSK2RCA/target/classes/com/pixalione/monetoring/v2] for files matching pattern [/var/jenkins_home/workspace/robottxtservice_master-ETL2XKAMIY3Y7BITJJG6N6FNWIVCHQM3WT5JAWC6CJ7XZXSK2RCA/target/classes/com/pixalione/monetoring/v2/*.class]
[Test and Build] 10:32:24.334 [main] DEBUG org.springframework.core.io.support.PathMatchingResourcePatternResolver - Resolved location pattern [classpath*:com/pixalione/monetoring/v2/*.class] to resources [file [/var/jenkins_home/workspace/robottxtservice_master-ETL2XKAMIY3Y7BITJJG6N6FNWIVCHQM3WT5JAWC6CJ7XZXSK2RCA/target/test-classes/com/pixalione/monetoring/v2/RobotsTxtApplicationTest.class], file [/var/jenkins_home/workspace/robottxtservice_master-ETL2XKAMIY3Y7BITJJG6N6FNWIVCHQM3WT5JAWC6CJ7XZXSK2RCA/target/classes/com/pixalione/monetoring/v2/RobotsTxtApplication.class]]
[Test and Build] 10:32:24.388 [main] DEBUG org.springframework.context.annotation.ClassPathScanningCandidateComponentProvider - Identified candidate component class: file [/var/jenkins_home/workspace/robottxtservice_master-ETL2XKAMIY3Y7BITJJG6N6FNWIVCHQM3WT5JAWC6CJ7XZXSK2RCA/target/classes/com/pixalione/monetoring/v2/RobotsTxtApplication.class]
[Test and Build] 10:32:24.389 [main] INFO org.springframework.boot.test.context.SpringBootTestContextBootstrapper - Found @SpringBootConfiguration com.pixalione.monetoring.v2.RobotsTxtApplication for test class com.pixalione.monetoring.v2.RobotsTxtApplicationTest
[Test and Build] 10:32:24.393 [main] DEBUG org.springframework.boot.test.context.SpringBootTestContextBootstrapper - @TestExecutionListeners is not present for class [com.pixalione.monetoring.v2.RobotsTxtApplicationTest]: using defaults.
[Test and Build] 10:32:24.396 [main] INFO org.springframework.boot.test.context.SpringBootTestContextBootstrapper - Loaded default TestExecutionListener class names from location [META-INF/spring.factories]: [org.springframework.boot.test.mock.mockito.MockitoTestExecutionListener, org.springframework.boot.test.mock.mockito.ResetMocksTestExecutionListener, org.springframework.boot.test.autoconfigure.restdocs.RestDocsTestExecutionListener, org.springframework.boot.test.autoconfigure.web.client.MockRestServiceServerResetTestExecutionListener, org.springframework.boot.test.autoconfigure.web.servlet.MockMvcPrintOnlyOnFailureTestExecutionListener, org.springframework.boot.test.autoconfigure.web.servlet.WebDriverTestExecutionListener, org.springframework.test.context.web.ServletTestExecutionListener, org.springframework.test.context.support.DirtiesContextBeforeModesTestExecutionListener, org.springframework.test.context.support.DependencyInjectionTestExecutionListener, org.springframework.test.context.support.DirtiesContextTestExecutionListener, org.springframework.test.context.transaction.TransactionalTestExecutionListener, org.springframework.test.context.jdbc.SqlScriptsTestExecutionListener]
[Test and Build] 10:32:24.418 [main] INFO org.springframework.boot.test.context.SpringBootTestContextBootstrapper - Using TestExecutionListeners: [org.springframework.test.context.web.ServletTestExecutionListener@2d127a61, org.springframework.test.context.support.DirtiesContextBeforeModesTestExecutionListener@2bbaf4f0, org.springframework.boot.test.autoconfigure.SpringBootDependencyInjectionTestExecutionListener@11c20519, org.springframework.test.context.support.DirtiesContextTestExecutionListener@70beb599, org.springframework.test.context.transaction.TransactionalTestExecutionListener@4e41089d, org.springframework.test.context.jdbc.SqlScriptsTestExecutionListener@32a068d1, org.springframework.boot.test.autoconfigure.web.servlet.MockMvcPrintOnlyOnFailureTestExecutionListener@33cb5951, org.springframework.boot.test.autoconfigure.restdocs.RestDocsTestExecutionListener@365c30cc, org.springframework.boot.test.mock.mockito.ResetMocksTestExecutionListener@701fc37a, org.springframework.boot.test.autoconfigure.web.servlet.WebDriverTestExecutionListener@4148db48, org.springframework.boot.test.autoconfigure.web.client.MockRestServiceServerResetTestExecutionListener@282003e1, org.springframework.boot.test.mock.mockito.MockitoTestExecutionListener@7fad8c79]
[Test and Build] 10:32:24.421 [main] DEBUG org.springframework.test.context.junit4.SpringJUnit4ClassRunner - SpringJUnit4ClassRunner constructor called with [class com.pixalione.monetoring.v2.Robots.Core.RobotParserLogicTest]
[Test and Build] 10:32:24.421 [main] DEBUG org.springframework.test.context.BootstrapUtils - Instantiating CacheAwareContextLoaderDelegate from class [org.springframework.test.context.cache.DefaultCacheAwareContextLoaderDelegate]
[Test and Build] 10:32:24.422 [main] DEBUG org.springframework.test.context.BootstrapUtils - Instantiating BootstrapContext using constructor [public org.springframework.test.context.support.DefaultBootstrapContext(java.lang.Class,org.springframework.test.context.CacheAwareContextLoaderDelegate)]
[Test and Build] 10:32:24.422 [main] DEBUG org.springframework.test.context.BootstrapUtils - Instantiating TestContextBootstrapper for test class [com.pixalione.monetoring.v2.Robots.Core.RobotParserLogicTest] from class [org.springframework.boot.test.context.SpringBootTestContextBootstrapper]
[Test and Build] 10:32:24.423 [main] INFO org.springframework.boot.test.context.SpringBootTestContextBootstrapper - Neither @ContextConfiguration nor @ContextHierarchy found for test class [com.pixalione.monetoring.v2.Robots.Core.RobotParserLogicTest], using SpringBootContextLoader
[Test and Build] 10:32:24.423 [main] DEBUG org.springframework.test.context.support.AbstractContextLoader - Did not detect default resource location for test class [com.pixalione.monetoring.v2.Robots.Core.RobotParserLogicTest]: class path resource [com/pixalione/monetoring/v2/Robots/Core/RobotParserLogicTest-context.xml] does not exist
[Test and Build] 10:32:24.424 [main] DEBUG org.springframework.test.context.support.AbstractContextLoader - Did not detect default resource location for test class [com.pixalione.monetoring.v2.Robots.Core.RobotParserLogicTest]: class path resource [com/pixalione/monetoring/v2/Robots/Core/RobotParserLogicTestContext.groovy] does not exist
[Test and Build] 10:32:24.424 [main] INFO org.springframework.test.context.support.AbstractContextLoader - Could not detect default resource locations for test class [com.pixalione.monetoring.v2.Robots.Core.RobotParserLogicTest]: no resource found for suffixes {-context.xml, Context.groovy}.
[Test and Build] 10:32:24.424 [main] INFO org.springframework.test.context.support.AnnotationConfigContextLoaderUtils - Could not detect default configuration classes for test class [com.pixalione.monetoring.v2.Robots.Core.RobotParserLogicTest]: RobotParserLogicTest does not declare any static, non-private, non-final, nested classes annotated with @Configuration.
[Test and Build] 10:32:24.429 [main] DEBUG org.springframework.test.context.support.ActiveProfilesUtils - Could not find an 'annotation declaring class' for annotation type [org.springframework.test.context.ActiveProfiles] and class [com.pixalione.monetoring.v2.Robots.Core.RobotParserLogicTest]
[Test and Build] 10:32:24.430 [main] DEBUG org.springframework.core.env.StandardEnvironment - Adding [systemProperties] PropertySource with lowest search precedence
[Test and Build] 10:32:24.430 [main] DEBUG org.springframework.core.env.StandardEnvironment - Adding [systemEnvironment] PropertySource with lowest search precedence
[Test and Build] 10:32:24.430 [main] DEBUG org.springframework.core.env.StandardEnvironment - Initialized StandardEnvironment with PropertySources [systemProperties,systemEnvironment]
[Test and Build] 10:32:24.430 [main] DEBUG org.springframework.core.io.support.PathMatchingResourcePatternResolver - Resolved classpath location [com/pixalione/monetoring/v2/Robots/Core/] to resources [URL [file:/var/jenkins_home/workspace/robottxtservice_master-ETL2XKAMIY3Y7BITJJG6N6FNWIVCHQM3WT5JAWC6CJ7XZXSK2RCA/target/test-classes/com/pixalione/monetoring/v2/Robots/Core/], URL [file:/var/jenkins_home/workspace/robottxtservice_master-ETL2XKAMIY3Y7BITJJG6N6FNWIVCHQM3WT5JAWC6CJ7XZXSK2RCA/target/classes/com/pixalione/monetoring/v2/Robots/Core/]]
[Test and Build] 10:32:24.431 [main] DEBUG org.springframework.core.io.support.PathMatchingResourcePatternResolver - Looking for matching resources in directory tree [/var/jenkins_home/workspace/robottxtservice_master-ETL2XKAMIY3Y7BITJJG6N6FNWIVCHQM3WT5JAWC6CJ7XZXSK2RCA/target/test-classes/com/pixalione/monetoring/v2/Robots/Core]
[Test and Build] 10:32:24.431 [main] DEBUG org.springframework.core.io.support.PathMatchingResourcePatternResolver - Searching directory [/var/jenkins_home/workspace/robottxtservice_master-ETL2XKAMIY3Y7BITJJG6N6FNWIVCHQM3WT5JAWC6CJ7XZXSK2RCA/target/test-classes/com/pixalione/monetoring/v2/Robots/Core] for files matching pattern [/var/jenkins_home/workspace/robottxtservice_master-ETL2XKAMIY3Y7BITJJG6N6FNWIVCHQM3WT5JAWC6CJ7XZXSK2RCA/target/test-classes/com/pixalione/monetoring/v2/Robots/Core/*.class]
[Test and Build] 10:32:24.432 [main] DEBUG org.springframework.core.io.support.PathMatchingResourcePatternResolver - Looking for matching resources in directory tree [/var/jenkins_home/workspace/robottxtservice_master-ETL2XKAMIY3Y7BITJJG6N6FNWIVCHQM3WT5JAWC6CJ7XZXSK2RCA/target/classes/com/pixalione/monetoring/v2/Robots/Core]
[Test and Build] 10:32:24.432 [main] DEBUG org.springframework.core.io.support.PathMatchingResourcePatternResolver - Searching directory [/var/jenkins_home/workspace/robottxtservice_master-ETL2XKAMIY3Y7BITJJG6N6FNWIVCHQM3WT5JAWC6CJ7XZXSK2RCA/target/classes/com/pixalione/monetoring/v2/Robots/Core] for files matching pattern [/var/jenkins_home/workspace/robottxtservice_master-ETL2XKAMIY3Y7BITJJG6N6FNWIVCHQM3WT5JAWC6CJ7XZXSK2RCA/target/classes/com/pixalione/monetoring/v2/Robots/Core/*.class]
[Test and Build] 10:32:24.433 [main] DEBUG org.springframework.core.io.support.PathMatchingResourcePatternResolver - Resolved location pattern [classpath*:com/pixalione/monetoring/v2/Robots/Core/*.class] to resources [file [/var/jenkins_home/workspace/robottxtservice_master-ETL2XKAMIY3Y7BITJJG6N6FNWIVCHQM3WT5JAWC6CJ7XZXSK2RCA/target/test-classes/com/pixalione/monetoring/v2/Robots/Core/RobotParserLogicTest.class], file [/var/jenkins_home/workspace/robottxtservice_master-ETL2XKAMIY3Y7BITJJG6N6FNWIVCHQM3WT5JAWC6CJ7XZXSK2RCA/target/classes/com/pixalione/monetoring/v2/Robots/Core/RobotParserLogic.class], file [/var/jenkins_home/workspace/robottxtservice_master-ETL2XKAMIY3Y7BITJJG6N6FNWIVCHQM3WT5JAWC6CJ7XZXSK2RCA/target/classes/com/pixalione/monetoring/v2/Robots/Core/RobotsUtils.class], file [/var/jenkins_home/workspace/robottxtservice_master-ETL2XKAMIY3Y7BITJJG6N6FNWIVCHQM3WT5JAWC6CJ7XZXSK2RCA/target/classes/com/pixalione/monetoring/v2/Robots/Core/RulesUtils.class], file [/var/jenkins_home/workspace/robottxtservice_master-ETL2XKAMIY3Y7BITJJG6N6FNWIVCHQM3WT5JAWC6CJ7XZXSK2RCA/target/classes/com/pixalione/monetoring/v2/Robots/Core/SiteMapParserLogic.class], file [/var/jenkins_home/workspace/robottxtservice_master-ETL2XKAMIY3Y7BITJJG6N6FNWIVCHQM3WT5JAWC6CJ7XZXSK2RCA/target/classes/com/pixalione/monetoring/v2/Robots/Core/UserAgentParserLogic.class], file [/var/jenkins_home/workspace/robottxtservice_master-ETL2XKAMIY3Y7BITJJG6N6FNWIVCHQM3WT5JAWC6CJ7XZXSK2RCA/target/classes/com/pixalione/monetoring/v2/Robots/Core/UserAgentUtils.class]]
[Test and Build] 10:32:24.439 [main] DEBUG org.springframework.core.io.support.PathMatchingResourcePatternResolver - Resolved classpath location [com/pixalione/monetoring/v2/Robots/] to resources [URL [file:/var/jenkins_home/workspace/robottxtservice_master-ETL2XKAMIY3Y7BITJJG6N6FNWIVCHQM3WT5JAWC6CJ7XZXSK2RCA/target/test-classes/com/pixalione/monetoring/v2/Robots/], URL [file:/var/jenkins_home/workspace/robottxtservice_master-ETL2XKAMIY3Y7BITJJG6N6FNWIVCHQM3WT5JAWC6CJ7XZXSK2RCA/target/classes/com/pixalione/monetoring/v2/Robots/]]
[Test and Build] 10:32:24.439 [main] DEBUG org.springframework.core.io.support.PathMatchingResourcePatternResolver - Looking for matching resources in directory tree [/var/jenkins_home/workspace/robottxtservice_master-ETL2XKAMIY3Y7BITJJG6N6FNWIVCHQM3WT5JAWC6CJ7XZXSK2RCA/target/test-classes/com/pixalione/monetoring/v2/Robots]
[Test and Build] 10:32:24.439 [main] DEBUG org.springframework.core.io.support.PathMatchingResourcePatternResolver - Searching directory [/var/jenkins_home/workspace/robottxtservice_master-ETL2XKAMIY3Y7BITJJG6N6FNWIVCHQM3WT5JAWC6CJ7XZXSK2RCA/target/test-classes/com/pixalione/monetoring/v2/Robots] for files matching pattern [/var/jenkins_home/workspace/robottxtservice_master-ETL2XKAMIY3Y7BITJJG6N6FNWIVCHQM3WT5JAWC6CJ7XZXSK2RCA/target/test-classes/com/pixalione/monetoring/v2/Robots/*.class]
[Test and Build] 10:32:24.440 [main] DEBUG org.springframework.core.io.support.PathMatchingResourcePatternResolver - Looking for matching resources in directory tree [/var/jenkins_home/workspace/robottxtservice_master-ETL2XKAMIY3Y7BITJJG6N6FNWIVCHQM3WT5JAWC6CJ7XZXSK2RCA/target/classes/com/pixalione/monetoring/v2/Robots]
[Test and Build] 10:32:24.440 [main] DEBUG org.springframework.core.io.support.PathMatchingResourcePatternResolver - Searching directory [/var/jenkins_home/workspace/robottxtservice_master-ETL2XKAMIY3Y7BITJJG6N6FNWIVCHQM3WT5JAWC6CJ7XZXSK2RCA/target/classes/com/pixalione/monetoring/v2/Robots] for files matching pattern [/var/jenkins_home/workspace/robottxtservice_master-ETL2XKAMIY3Y7BITJJG6N6FNWIVCHQM3WT5JAWC6CJ7XZXSK2RCA/target/classes/com/pixalione/monetoring/v2/Robots/*.class]
[Test and Build] 10:32:24.441 [main] DEBUG org.springframework.core.io.support.PathMatchingResourcePatternResolver - Resolved location pattern [classpath*:com/pixalione/monetoring/v2/Robots/*.class] to resources []
[Test and Build] 10:32:24.441 [main] DEBUG org.springframework.core.io.support.PathMatchingResourcePatternResolver - Resolved classpath location [com/pixalione/monetoring/v2/] to resources [URL [file:/var/jenkins_home/workspace/robottxtservice_master-ETL2XKAMIY3Y7BITJJG6N6FNWIVCHQM3WT5JAWC6CJ7XZXSK2RCA/target/test-classes/com/pixalione/monetoring/v2/], URL [file:/var/jenkins_home/workspace/robottxtservice_master-ETL2XKAMIY3Y7BITJJG6N6FNWIVCHQM3WT5JAWC6CJ7XZXSK2RCA/target/classes/com/pixalione/monetoring/v2/]]
[Test and Build] 10:32:24.441 [main] DEBUG org.springframework.core.io.support.PathMatchingResourcePatternResolver - Looking for matching resources in directory tree [/var/jenkins_home/workspace/robottxtservice_master-ETL2XKAMIY3Y7BITJJG6N6FNWIVCHQM3WT5JAWC6CJ7XZXSK2RCA/target/test-classes/com/pixalione/monetoring/v2]
[Test and Build] 10:32:24.442 [main] DEBUG org.springframework.core.io.support.PathMatchingResourcePatternResolver - Searching directory [/var/jenkins_home/workspace/robottxtservice_master-ETL2XKAMIY3Y7BITJJG6N6FNWIVCHQM3WT5JAWC6CJ7XZXSK2RCA/target/test-classes/com/pixalione/monetoring/v2] for files matching pattern [/var/jenkins_home/workspace/robottxtservice_master-ETL2XKAMIY3Y7BITJJG6N6FNWIVCHQM3WT5JAWC6CJ7XZXSK2RCA/target/test-classes/com/pixalione/monetoring/v2/*.class]
[Test and Build] 10:32:24.442 [main] DEBUG org.springframework.core.io.support.PathMatchingResourcePatternResolver - Looking for matching resources in directory tree [/var/jenkins_home/workspace/robottxtservice_master-ETL2XKAMIY3Y7BITJJG6N6FNWIVCHQM3WT5JAWC6CJ7XZXSK2RCA/target/classes/com/pixalione/monetoring/v2]
[Test and Build] 10:32:24.442 [main] DEBUG org.springframework.core.io.support.PathMatchingResourcePatternResolver - Searching directory [/var/jenkins_home/workspace/robottxtservice_master-ETL2XKAMIY3Y7BITJJG6N6FNWIVCHQM3WT5JAWC6CJ7XZXSK2RCA/target/classes/com/pixalione/monetoring/v2] for files matching pattern [/var/jenkins_home/workspace/robottxtservice_master-ETL2XKAMIY3Y7BITJJG6N6FNWIVCHQM3WT5JAWC6CJ7XZXSK2RCA/target/classes/com/pixalione/monetoring/v2/*.class]
[Test and Build] 10:32:24.443 [main] DEBUG org.springframework.core.io.support.PathMatchingResourcePatternResolver - Resolved location pattern [classpath*:com/pixalione/monetoring/v2/*.class] to resources [file [/var/jenkins_home/workspace/robottxtservice_master-ETL2XKAMIY3Y7BITJJG6N6FNWIVCHQM3WT5JAWC6CJ7XZXSK2RCA/target/test-classes/com/pixalione/monetoring/v2/RobotsTxtApplicationTest.class], file [/var/jenkins_home/workspace/robottxtservice_master-ETL2XKAMIY3Y7BITJJG6N6FNWIVCHQM3WT5JAWC6CJ7XZXSK2RCA/target/classes/com/pixalione/monetoring/v2/RobotsTxtApplication.class]]
[Test and Build] 10:32:24.445 [main] DEBUG org.springframework.context.annotation.ClassPathScanningCandidateComponentProvider - Identified candidate component class: file [/var/jenkins_home/workspace/robottxtservice_master-ETL2XKAMIY3Y7BITJJG6N6FNWIVCHQM3WT5JAWC6CJ7XZXSK2RCA/target/classes/com/pixalione/monetoring/v2/RobotsTxtApplication.class]
[Test and Build] 10:32:24.445 [main] INFO org.springframework.boot.test.context.SpringBootTestContextBootstrapper - Found @SpringBootConfiguration com.pixalione.monetoring.v2.RobotsTxtApplication for test class com.pixalione.monetoring.v2.Robots.Core.RobotParserLogicTest
[Test and Build] 10:32:24.448 [main] DEBUG org.springframework.boot.test.context.SpringBootTestContextBootstrapper - @TestExecutionListeners is not present for class [com.pixalione.monetoring.v2.Robots.Core.RobotParserLogicTest]: using defaults.
[Test and Build] 10:32:24.450 [main] INFO org.springframework.boot.test.context.SpringBootTestContextBootstrapper - Loaded default TestExecutionListener class names from location [META-INF/spring.factories]: [org.springframework.boot.test.mock.mockito.MockitoTestExecutionListener, org.springframework.boot.test.mock.mockito.ResetMocksTestExecutionListener, org.springframework.boot.test.autoconfigure.restdocs.RestDocsTestExecutionListener, org.springframework.boot.test.autoconfigure.web.client.MockRestServiceServerResetTestExecutionListener, org.springframework.boot.test.autoconfigure.web.servlet.MockMvcPrintOnlyOnFailureTestExecutionListener, org.springframework.boot.test.autoconfigure.web.servlet.WebDriverTestExecutionListener, org.springframework.test.context.web.ServletTestExecutionListener, org.springframework.test.context.support.DirtiesContextBeforeModesTestExecutionListener, org.springframework.test.context.support.DependencyInjectionTestExecutionListener, org.springframework.test.context.support.DirtiesContextTestExecutionListener, org.springframework.test.context.transaction.TransactionalTestExecutionListener, org.springframework.test.context.jdbc.SqlScriptsTestExecutionListener]
[Test and Build] 10:32:24.454 [main] INFO org.springframework.boot.test.context.SpringBootTestContextBootstrapper - Using TestExecutionListeners: [org.springframework.test.context.web.ServletTestExecutionListener@709ba3fb, org.springframework.test.context.support.DirtiesContextBeforeModesTestExecutionListener@3d36e4cd, org.springframework.boot.test.autoconfigure.SpringBootDependencyInjectionTestExecutionListener@6a472554, org.springframework.test.context.support.DirtiesContextTestExecutionListener@7ff2a664, org.springframework.test.context.transaction.TransactionalTestExecutionListener@525b461a, org.springframework.test.context.jdbc.SqlScriptsTestExecutionListener@58c1c010, org.springframework.boot.test.autoconfigure.web.servlet.MockMvcPrintOnlyOnFailureTestExecutionListener@b7f23d9, org.springframework.boot.test.autoconfigure.restdocs.RestDocsTestExecutionListener@61d47554, org.springframework.boot.test.mock.mockito.ResetMocksTestExecutionListener@69b794e2, org.springframework.boot.test.autoconfigure.web.servlet.WebDriverTestExecutionListener@3f200884, org.springframework.boot.test.autoconfigure.web.client.MockRestServiceServerResetTestExecutionListener@4d339552, org.springframework.boot.test.mock.mockito.MockitoTestExecutionListener@f0f2775]
[Test and Build] 10:32:24.457 [main] DEBUG org.springframework.test.annotation.ProfileValueUtils - Retrieved @ProfileValueSourceConfiguration [null] for test class [com.pixalione.monetoring.v2.RobotsTxtApplicationTest]
[Test and Build] 10:32:24.457 [main] DEBUG org.springframework.test.annotation.ProfileValueUtils - Retrieved ProfileValueSource type [class org.springframework.test.annotation.SystemProfileValueSource] for class [com.pixalione.monetoring.v2.RobotsTxtApplicationTest]
[Test and Build] 10:32:24.458 [main] DEBUG org.springframework.test.annotation.ProfileValueUtils - Retrieved @ProfileValueSourceConfiguration [null] for test class [com.pixalione.monetoring.v2.Robots.Core.RobotParserLogicTest]
[Test and Build] 10:32:24.458 [main] DEBUG org.springframework.test.annotation.ProfileValueUtils - Retrieved ProfileValueSource type [class org.springframework.test.annotation.SystemProfileValueSource] for class [com.pixalione.monetoring.v2.Robots.Core.RobotParserLogicTest]
[Test and Build] Running com.pixalione.monetoring.v2.RobotsTxtApplicationTest
[Test and Build] 10:32:24.460 [main] DEBUG org.springframework.test.context.junit4.SpringJUnit4ClassRunner - SpringJUnit4ClassRunner constructor called with [class com.pixalione.monetoring.v2.RobotsTxtApplicationTest]
[Test and Build] 10:32:24.460 [main] DEBUG org.springframework.test.context.BootstrapUtils - Instantiating CacheAwareContextLoaderDelegate from class [org.springframework.test.context.cache.DefaultCacheAwareContextLoaderDelegate]
[Test and Build] 10:32:24.460 [main] DEBUG org.springframework.test.context.BootstrapUtils - Instantiating BootstrapContext using constructor [public org.springframework.test.context.support.DefaultBootstrapContext(java.lang.Class,org.springframework.test.context.CacheAwareContextLoaderDelegate)]
[Test and Build] 10:32:24.461 [main] DEBUG org.springframework.test.context.BootstrapUtils - Instantiating TestContextBootstrapper for test class [com.pixalione.monetoring.v2.RobotsTxtApplicationTest] from class [org.springframework.boot.test.context.SpringBootTestContextBootstrapper]
[Test and Build] 10:32:24.461 [main] INFO org.springframework.boot.test.context.SpringBootTestContextBootstrapper - Neither @ContextConfiguration nor @ContextHierarchy found for test class [com.pixalione.monetoring.v2.RobotsTxtApplicationTest], using SpringBootContextLoader
[Test and Build] 10:32:24.462 [main] DEBUG org.springframework.test.context.support.AbstractContextLoader - Did not detect default resource location for test class [com.pixalione.monetoring.v2.RobotsTxtApplicationTest]: class path resource [com/pixalione/monetoring/v2/RobotsTxtApplicationTest-context.xml] does not exist
[Test and Build] 10:32:24.462 [main] DEBUG org.springframework.test.context.support.AbstractContextLoader - Did not detect default resource location for test class [com.pixalione.monetoring.v2.RobotsTxtApplicationTest]: class path resource [com/pixalione/monetoring/v2/RobotsTxtApplicationTestContext.groovy] does not exist
[Test and Build] 10:32:24.463 [main] INFO org.springframework.test.context.support.AbstractContextLoader - Could not detect default resource locations for test class [com.pixalione.monetoring.v2.RobotsTxtApplicationTest]: no resource found for suffixes {-context.xml, Context.groovy}.
[Test and Build] 10:32:24.463 [main] INFO org.springframework.test.context.support.AnnotationConfigContextLoaderUtils - Could not detect default configuration classes for test class [com.pixalione.monetoring.v2.RobotsTxtApplicationTest]: RobotsTxtApplicationTest does not declare any static, non-private, non-final, nested classes annotated with @Configuration.
[Test and Build] 10:32:24.466 [main] DEBUG org.springframework.test.context.support.ActiveProfilesUtils - Could not find an 'annotation declaring class' for annotation type [org.springframework.test.context.ActiveProfiles] and class [com.pixalione.monetoring.v2.RobotsTxtApplicationTest]
[Test and Build] 10:32:24.467 [main] DEBUG org.springframework.core.env.StandardEnvironment - Adding [systemProperties] PropertySource with lowest search precedence
[Test and Build] 10:32:24.467 [main] DEBUG org.springframework.core.env.StandardEnvironment - Adding [systemEnvironment] PropertySource with lowest search precedence
[Test and Build] 10:32:24.467 [main] DEBUG org.springframework.core.env.StandardEnvironment - Initialized StandardEnvironment with PropertySources [systemProperties,systemEnvironment]
[Test and Build] 10:32:24.467 [main] INFO org.springframework.boot.test.context.SpringBootTestContextBootstrapper - Found @SpringBootConfiguration com.pixalione.monetoring.v2.RobotsTxtApplication for test class com.pixalione.monetoring.v2.RobotsTxtApplicationTest
[Test and Build] 10:32:24.468 [main] DEBUG org.springframework.boot.test.context.SpringBootTestContextBootstrapper - @TestExecutionListeners is not present for class [com.pixalione.monetoring.v2.RobotsTxtApplicationTest]: using defaults.
[Test and Build] 10:32:24.470 [main] INFO org.springframework.boot.test.context.SpringBootTestContextBootstrapper - Loaded default TestExecutionListener class names from location [META-INF/spring.factories]: [org.springframework.boot.test.mock.mockito.MockitoTestExecutionListener, org.springframework.boot.test.mock.mockito.ResetMocksTestExecutionListener, org.springframework.boot.test.autoconfigure.restdocs.RestDocsTestExecutionListener, org.springframework.boot.test.autoconfigure.web.client.MockRestServiceServerResetTestExecutionListener, org.springframework.boot.test.autoconfigure.web.servlet.MockMvcPrintOnlyOnFailureTestExecutionListener, org.springframework.boot.test.autoconfigure.web.servlet.WebDriverTestExecutionListener, org.springframework.test.context.web.ServletTestExecutionListener, org.springframework.test.context.support.DirtiesContextBeforeModesTestExecutionListener, org.springframework.test.context.support.DependencyInjectionTestExecutionListener, org.springframework.test.context.support.DirtiesContextTestExecutionListener, org.springframework.test.context.transaction.TransactionalTestExecutionListener, org.springframework.test.context.jdbc.SqlScriptsTestExecutionListener]
[Test and Build] 10:32:24.474 [main] INFO org.springframework.boot.test.context.SpringBootTestContextBootstrapper - Using TestExecutionListeners: [org.springframework.test.context.web.ServletTestExecutionListener@5ea434c8, org.springframework.test.context.support.DirtiesContextBeforeModesTestExecutionListener@3bbc39f8, org.springframework.boot.test.autoconfigure.SpringBootDependencyInjectionTestExecutionListener@4ae3c1cd, org.springframework.test.context.support.DirtiesContextTestExecutionListener@29f69090, org.springframework.test.context.transaction.TransactionalTestExecutionListener@568bf312, org.springframework.test.context.jdbc.SqlScriptsTestExecutionListener@ca263c2, org.springframework.boot.test.autoconfigure.web.servlet.MockMvcPrintOnlyOnFailureTestExecutionListener@589b3632, org.springframework.boot.test.autoconfigure.restdocs.RestDocsTestExecutionListener@45f45fa1, org.springframework.boot.test.mock.mockito.ResetMocksTestExecutionListener@4c6e276e, org.springframework.boot.test.autoconfigure.web.servlet.WebDriverTestExecutionListener@534df152, org.springframework.boot.test.autoconfigure.web.client.MockRestServiceServerResetTestExecutionListener@52e677af, org.springframework.boot.test.mock.mockito.MockitoTestExecutionListener@35083305]
[Test and Build] 10:32:24.474 [main] DEBUG org.springframework.test.annotation.ProfileValueUtils - Retrieved @ProfileValueSourceConfiguration [null] for test class [com.pixalione.monetoring.v2.RobotsTxtApplicationTest]
[Test and Build] 10:32:24.474 [main] DEBUG org.springframework.test.annotation.ProfileValueUtils - Retrieved ProfileValueSource type [class org.springframework.test.annotation.SystemProfileValueSource] for class [com.pixalione.monetoring.v2.RobotsTxtApplicationTest]
[Test and Build] 10:32:24.475 [main] DEBUG org.springframework.test.annotation.ProfileValueUtils - Retrieved @ProfileValueSourceConfiguration [null] for test class [com.pixalione.monetoring.v2.RobotsTxtApplicationTest]
[Test and Build] 10:32:24.475 [main] DEBUG org.springframework.test.annotation.ProfileValueUtils - Retrieved ProfileValueSource type [class org.springframework.test.annotation.SystemProfileValueSource] for class [com.pixalione.monetoring.v2.RobotsTxtApplicationTest]
[Test and Build] 10:32:24.480 [main] DEBUG org.springframework.test.context.support.AbstractDirtiesContextTestExecutionListener - Before test class: context [DefaultTestContext@2893de87 testClass = RobotsTxtApplicationTest, testInstance = [null], testMethod = [null], testException = [null], mergedContextConfiguration = [WebMergedContextConfiguration@55ca8de8 testClass = RobotsTxtApplicationTest, locations = '{}', classes = '{class com.pixalione.monetoring.v2.RobotsTxtApplication}', contextInitializerClasses = '[]', activeProfiles = '{}', propertySourceLocations = '{}', propertySourceProperties = '{org.springframework.boot.test.context.SpringBootTestContextBootstrapper=true}', contextCustomizers = set[org.springframework.boot.test.context.SpringBootTestContextCustomizer@2b2948e2, org.springframework.boot.test.context.filter.ExcludeFilterContextCustomizer@3b0143d3, org.springframework.boot.test.mock.mockito.MockitoContextCustomizer@0, org.springframework.boot.test.autoconfigure.properties.PropertyMappingContextCustomizer@0, org.springframework.boot.test.autoconfigure.web.servlet.WebDriverContextCustomizerFactory$Customizer@79be0360], resourceBasePath = 'src/main/webapp', contextLoader = 'org.springframework.boot.test.context.SpringBootContextLoader', parent = [null]]], class annotated with @DirtiesContext [false] with mode [null].
[Test and Build] 10:32:24.481 [main] DEBUG org.springframework.test.annotation.ProfileValueUtils - Retrieved @ProfileValueSourceConfiguration [null] for test class [com.pixalione.monetoring.v2.RobotsTxtApplicationTest]
[Test and Build] 10:32:24.481 [main] DEBUG org.springframework.test.annotation.ProfileValueUtils - Retrieved ProfileValueSource type [class org.springframework.test.annotation.SystemProfileValueSource] for class [com.pixalione.monetoring.v2.RobotsTxtApplicationTest]
[Test and Build] 10:32:24.555 [main] DEBUG org.springframework.core.env.StandardEnvironment - Adding [systemProperties] PropertySource with lowest search precedence
[Test and Build] 10:32:24.555 [main] DEBUG org.springframework.core.env.StandardEnvironment - Adding [systemEnvironment] PropertySource with lowest search precedence
[Test and Build] 10:32:24.556 [main] DEBUG org.springframework.core.env.StandardEnvironment - Initialized StandardEnvironment with PropertySources [systemProperties,systemEnvironment]
[Test and Build] 10:32:24.557 [main] DEBUG org.springframework.test.context.support.TestPropertySourceUtils - Adding inlined properties to environment: {spring.jmx.enabled=false, org.springframework.boot.test.context.SpringBootTestContextBootstrapper=true, server.port=-1}
[Test and Build] 10:32:24.557 [main] DEBUG org.springframework.core.env.StandardEnvironment - Adding [Inlined Test Properties] PropertySource with highest search precedence
[Test and Build] 
[Test and Build]   .   ____          _            __ _ _
[Test and Build]  /\\ / ___'_ __ _ _(_)_ __  __ _ \ \ \ \
[Test and Build] ( ( )\___ | '_ | '_| | '_ \/ _` | \ \ \ \
[Test and Build]  \\/  ___)| |_)| | | | | || (_| |  ) ) ) )
[Test and Build]   '  |____| .__|_| |_|_| |_\__, | / / / /
[Test and Build]  =========|_|==============|___/=/_/_/_/
[Test and Build]  :: Spring Boot ::        (v1.4.3.RELEASE)
[Test and Build] 
[Test with Sonar] [INFO] Publish mode
[Test with Sonar] [INFO] Load global settings
[Test with Sonar] [INFO] Load global settings (done) | time=137ms
[Test with Sonar] [INFO] Server id: AWLNpaenYXGBWF_7PvT0
[Test with Sonar] [INFO] User cache: /root/.sonar/cache
[Test with Sonar] [INFO] Load plugins index
[Test with Sonar] [INFO] Load plugins index (done) | time=61ms
[Test with Sonar] [INFO] Load/download plugins
[Test with Sonar] [INFO] Load/download plugins (done) | time=14ms
[Test and Build] 2018-04-17 10:32:25.163  INFO 19581 --- [           main] c.p.m.v2.RobotsTxtApplicationTest        : Starting RobotsTxtApplicationTest on 58305515bd83 with PID 19581 (started by root in /var/jenkins_home/workspace/robottxtservice_master-ETL2XKAMIY3Y7BITJJG6N6FNWIVCHQM3WT5JAWC6CJ7XZXSK2RCA)
[Test and Build] 2018-04-17 10:32:25.165  INFO 19581 --- [           main] c.p.m.v2.RobotsTxtApplicationTest        : No active profile set, falling back to default profiles: default
[Test and Build] 2018-04-17 10:32:25.228  INFO 19581 --- [           main] o.s.w.c.s.GenericWebApplicationContext   : Refreshing org.springframework.web.context.support.GenericWebApplicationContext@4bd31064: startup date [Tue Apr 17 10:32:25 UTC 2018]; root of context hierarchy
[Test with Sonar] [INFO] Process project properties
[Test with Sonar] [INFO] Load project repositories
[Test with Sonar] [INFO] Load project repositories (done) | time=18ms
[Test with Sonar] [INFO] Load quality profiles
[Test with Sonar] [INFO] Load quality profiles (done) | time=60ms
[Test with Sonar] [INFO] Load active rules
[Test and Build] 2018-04-17 10:32:27.486  INFO 19581 --- [           main] o.s.b.f.s.DefaultListableBeanFactory     : Overriding bean definition for bean 'mongo' with a different definition: replacing [Root bean: class [null]; scope=; abstract=false; lazyInit=false; autowireMode=3; dependencyCheck=0; autowireCandidate=true; primary=false; factoryBeanName=mongoConfig; factoryMethodName=mongo; initMethodName=null; destroyMethodName=(inferred); defined in class path resource [com/pixalione/monetoring/v2/Robots/Config/MongoConfig.class]] with [Root bean: class [null]; scope=; abstract=false; lazyInit=false; autowireMode=3; dependencyCheck=0; autowireCandidate=true; primary=false; factoryBeanName=org.springframework.boot.autoconfigure.mongo.MongoAutoConfiguration; factoryMethodName=mongo; initMethodName=null; destroyMethodName=(inferred); defined in class path resource [org/springframework/boot/autoconfigure/mongo/MongoAutoConfiguration.class]]
[Test with Sonar] [INFO] Load active rules (done) | time=800ms
[Test with Sonar] [INFO] Load metrics repository
[Test with Sonar] [INFO] Load metrics repository (done) | time=25ms
[Test with Sonar] [INFO] Project key: com.pixalione.monetoring.v2:robottxt
[Test with Sonar] [INFO] -------------  Scan robottxt
[Test with Sonar] [INFO] Load server rules
[Test with Sonar] [INFO] Load server rules (done) | time=63ms
[Test with Sonar] [INFO] Base dir: /var/jenkins_home/workspace/robottxtservice_master-ETL2XKAMIY3Y7BITJJG6N6FNWIVCHQM3WT5JAWC6CJ7XZXSK2RCA
[Test with Sonar] [INFO] Working dir: /var/jenkins_home/workspace/robottxtservice_master-ETL2XKAMIY3Y7BITJJG6N6FNWIVCHQM3WT5JAWC6CJ7XZXSK2RCA/target/sonar
[Test with Sonar] [INFO] Source paths: pom.xml, src/main/java
[Test with Sonar] [INFO] Test paths: src/test/java
[Test with Sonar] [INFO] Source encoding: UTF-8, default locale: en
[Test with Sonar] [INFO] Index files
[Test with Sonar] [INFO] 32 files indexed
[Test with Sonar] [INFO] Quality profile for java: Sonar way
[Test with Sonar] [INFO] Quality profile for xml: Sonar way
[Test and Build] 2018-04-17 10:32:29.112  INFO 19581 --- [           main] org.mongodb.driver.cluster               : Cluster created with settings {hosts=[213.32.75.99:27017], mode=MULTIPLE, requiredClusterType=UNKNOWN, serverSelectionTimeout='30000 ms', maxWaitQueueSize=500}
[Test and Build] 2018-04-17 10:32:29.113  INFO 19581 --- [           main] org.mongodb.driver.cluster               : Adding discovered server 213.32.75.99:27017 to client view of cluster
[Test with Sonar] [INFO] Sensor JavaSquidSensor [java]
[Test with Sonar] [INFO] Configured Java source version (sonar.java.source): 8
[Test with Sonar] [INFO] JavaClasspath initialization
[Test with Sonar] [INFO] JavaClasspath initialization (done) | time=12ms
[Test with Sonar] [INFO] JavaTestClasspath initialization
[Test with Sonar] [INFO] JavaTestClasspath initialization (done) | time=2ms
[Test and Build] 2018-04-17 10:32:29.451  INFO 19581 --- [.32.75.99:27017] org.mongodb.driver.connection            : Opened connection [connectionId{localValue:1, serverValue:636}] to 213.32.75.99:27017
[Test and Build] 2018-04-17 10:32:29.471  INFO 19581 --- [.32.75.99:27017] org.mongodb.driver.cluster               : Monitor thread successfully connected to server with description ServerDescription{address=213.32.75.99:27017, type=STANDALONE, state=CONNECTED, ok=true, version=ServerVersion{versionList=[3, 4, 14]}, minWireVersion=0, maxWireVersion=5, maxDocumentSize=16777216, logicalSessionTimeoutMinutes=null, roundTripTimeNanos=3782042}
[Test and Build] 2018-04-17 10:32:29.472  INFO 19581 --- [.32.75.99:27017] org.mongodb.driver.cluster               : Discovered cluster type of STANDALONE
[Test and Build] 2018-04-17 10:32:29.649  INFO 19581 --- [           main] org.mongodb.driver.connection            : Opened connection [connectionId{localValue:2, serverValue:637}] to 213.32.75.99:27017
[Test with Sonar] [INFO] Java Main Files AST scan
[Test with Sonar] [INFO] 25 source files to be analyzed
[Test and Build] 2018-04-17 10:32:30.735  INFO 19581 --- [           main] s.w.s.m.m.a.RequestMappingHandlerMapping : Mapped "{[/parseRobotTxt],methods=[GET]}" onto public com.pixalione.monetoring.v2.Robots.Models.Robot com.pixalione.monetoring.v2.Robots.Controller.RobotTxtController.parseRobotTxt(int,int,java.lang.String,java.lang.String,boolean,boolean)
[Test and Build] 2018-04-17 10:32:30.737  INFO 19581 --- [           main] s.w.s.m.m.a.RequestMappingHandlerMapping : Mapped "{[/parseRobotTxts],methods=[POST]}" onto public java.util.Collection<com.pixalione.monetoring.v2.Robots.Models.Robot> com.pixalione.monetoring.v2.Robots.Controller.RobotTxtController.parseRobotsTxts(java.util.Set<java.lang.String>,int,int,java.lang.String,boolean,boolean)
[Test and Build] 2018-04-17 10:32:30.737  INFO 19581 --- [           main] s.w.s.m.m.a.RequestMappingHandlerMapping : Mapped "{[/isAllowed],methods=[GET]}" onto public boolean com.pixalione.monetoring.v2.Robots.Controller.RulesController.isAllowed(int,int,java.lang.String,java.lang.String,java.lang.String)
[Test and Build] 2018-04-17 10:32:30.738  INFO 19581 --- [           main] s.w.s.m.m.a.RequestMappingHandlerMapping : Mapped "{[/parseSiteMaps],methods=[GET]}" onto public java.util.Set<com.pixalione.monetoring.v2.Robots.Models.SiteMap> com.pixalione.monetoring.v2.Robots.Controller.SiteMapController.getSiteMaps(int,int,java.lang.String,java.lang.String,boolean,boolean)
[Test and Build] 2018-04-17 10:32:30.739  INFO 19581 --- [           main] s.w.s.m.m.a.RequestMappingHandlerMapping : Mapped "{[/AsyncParseSiteMaps],methods=[GET]}" onto public java.util.Set<com.pixalione.monetoring.v2.Robots.Models.SiteMap> com.pixalione.monetoring.v2.Robots.Controller.SiteMapController.getAsyncSiteMaps(int,int,java.lang.String,java.lang.String,boolean,boolean)
[Test and Build] 2018-04-17 10:32:30.739  INFO 19581 --- [           main] s.w.s.m.m.a.RequestMappingHandlerMapping : Mapped "{[/setValidSiteMap],methods=[POST]}" onto public com.pixalione.monetoring.v2.Robots.Models.Robot com.pixalione.monetoring.v2.Robots.Controller.SiteMapController.setValidSiteMap(int,int,java.lang.String,java.util.Set<com.pixalione.monetoring.v2.Robots.Models.SiteMap>)
[Test and Build] 2018-04-17 10:32:30.739  INFO 19581 --- [           main] s.w.s.m.m.a.RequestMappingHandlerMapping : Mapped "{[/ParseSiteMap],methods=[POST]}" onto public java.util.Set<java.lang.String> com.pixalione.monetoring.v2.Robots.Controller.SiteMapController.ParseSiteMap(java.lang.String)
[Test and Build] 2018-04-17 10:32:30.740  INFO 19581 --- [           main] s.w.s.m.m.a.RequestMappingHandlerMapping : Mapped "{[/v2/api-docs],methods=[GET],produces=[application/json || application/hal+json]}" onto public org.springframework.http.ResponseEntity<springfox.documentation.spring.web.json.Json> springfox.documentation.swagger2.web.Swagger2Controller.getDocumentation(java.lang.String,javax.servlet.http.HttpServletRequest)
[Test and Build] 2018-04-17 10:32:30.741  INFO 19581 --- [           main] s.w.s.m.m.a.RequestMappingHandlerMapping : Mapped "{[/configuration/security]}" onto org.springframework.http.ResponseEntity<springfox.documentation.swagger.web.SecurityConfiguration> springfox.documentation.swagger.web.ApiResourceController.securityConfiguration()
[Test and Build] 2018-04-17 10:32:30.742  INFO 19581 --- [           main] s.w.s.m.m.a.RequestMappingHandlerMapping : Mapped "{[/configuration/ui]}" onto org.springframework.http.ResponseEntity<springfox.documentation.swagger.web.UiConfiguration> springfox.documentation.swagger.web.ApiResourceController.uiConfiguration()
[Test and Build] 2018-04-17 10:32:30.742  INFO 19581 --- [           main] s.w.s.m.m.a.RequestMappingHandlerMapping : Mapped "{[/swagger-resources]}" onto org.springframework.http.ResponseEntity<java.util.List<springfox.documentation.swagger.web.SwaggerResource>> springfox.documentation.swagger.web.ApiResourceController.swaggerResources()
[Test and Build] 2018-04-17 10:32:30.746  INFO 19581 --- [           main] s.w.s.m.m.a.RequestMappingHandlerMapping : Mapped "{[/error],produces=[text/html]}" onto public org.springframework.web.servlet.ModelAndView org.springframework.boot.autoconfigure.web.BasicErrorController.errorHtml(javax.servlet.http.HttpServletRequest,javax.servlet.http.HttpServletResponse)
[Test and Build] 2018-04-17 10:32:30.746  INFO 19581 --- [           main] s.w.s.m.m.a.RequestMappingHandlerMapping : Mapped "{[/error]}" onto public org.springframework.http.ResponseEntity<java.util.Map<java.lang.String, java.lang.Object>> org.springframework.boot.autoconfigure.web.BasicErrorController.error(javax.servlet.http.HttpServletRequest)
[Test and Build] 2018-04-17 10:32:31.345  INFO 19581 --- [           main] s.w.s.m.m.a.RequestMappingHandlerAdapter : Looking for @ControllerAdvice: org.springframework.web.context.support.GenericWebApplicationContext@4bd31064: startup date [Tue Apr 17 10:32:25 UTC 2018]; root of context hierarchy
[Test and Build] 2018-04-17 10:32:31.403  INFO 19581 --- [           main] o.s.w.s.handler.SimpleUrlHandlerMapping  : Mapped URL path [/webjars/**] onto handler of type [class org.springframework.web.servlet.resource.ResourceHttpRequestHandler]
[Test and Build] 2018-04-17 10:32:31.403  INFO 19581 --- [           main] o.s.w.s.handler.SimpleUrlHandlerMapping  : Mapped URL path [/**] onto handler of type [class org.springframework.web.servlet.resource.ResourceHttpRequestHandler]
[Test and Build] 2018-04-17 10:32:31.438  INFO 19581 --- [           main] o.s.w.s.handler.SimpleUrlHandlerMapping  : Mapped URL path [/**/favicon.ico] onto handler of type [class org.springframework.web.servlet.resource.ResourceHttpRequestHandler]
[Test and Build] 2018-04-17 10:32:31.633  INFO 19581 --- [           main] d.s.w.p.DocumentationPluginsBootstrapper : Context refreshed
[Test and Build] 2018-04-17 10:32:31.654  INFO 19581 --- [           main] d.s.w.p.DocumentationPluginsBootstrapper : Found 1 custom documentation plugin(s)
[Test and Build] 2018-04-17 10:32:31.664  INFO 19581 --- [           main] s.d.s.w.s.ApiListingReferenceScanner     : Scanning for api listing references
[Test and Build] 2018-04-17 10:32:31.864  INFO 19581 --- [           main] c.p.m.v2.RobotsTxtApplicationTest        : Started RobotsTxtApplicationTest in 7.295 seconds (JVM running for 8.162)
[Test and Build] Tests run: 1, Failures: 0, Errors: 0, Skipped: 0, Time elapsed: 7.434 sec - in com.pixalione.monetoring.v2.RobotsTxtApplicationTest
[Test and Build] Running com.pixalione.monetoring.v2.Robots.Core.RobotParserLogicTest
[Test and Build] 2018-04-17 10:32:31.893  INFO 19581 --- [           main] .b.t.c.SpringBootTestContextBootstrapper : Neither @ContextConfiguration nor @ContextHierarchy found for test class [com.pixalione.monetoring.v2.Robots.Core.RobotParserLogicTest], using SpringBootContextLoader
[Test and Build] 2018-04-17 10:32:31.894  INFO 19581 --- [           main] o.s.t.c.support.AbstractContextLoader    : Could not detect default resource locations for test class [com.pixalione.monetoring.v2.Robots.Core.RobotParserLogicTest]: no resource found for suffixes {-context.xml, Context.groovy}.
[Test and Build] 2018-04-17 10:32:31.894  INFO 19581 --- [           main] t.c.s.AnnotationConfigContextLoaderUtils : Could not detect default configuration classes for test class [com.pixalione.monetoring.v2.Robots.Core.RobotParserLogicTest]: RobotParserLogicTest does not declare any static, non-private, non-final, nested classes annotated with @Configuration.
[Test and Build] 2018-04-17 10:32:31.896  INFO 19581 --- [           main] .b.t.c.SpringBootTestContextBootstrapper : Found @SpringBootConfiguration com.pixalione.monetoring.v2.RobotsTxtApplication for test class com.pixalione.monetoring.v2.Robots.Core.RobotParserLogicTest
[Test and Build] 2018-04-17 10:32:31.898  INFO 19581 --- [           main] .b.t.c.SpringBootTestContextBootstrapper : Loaded default TestExecutionListener class names from location [META-INF/spring.factories]: [org.springframework.boot.test.mock.mockito.MockitoTestExecutionListener, org.springframework.boot.test.mock.mockito.ResetMocksTestExecutionListener, org.springframework.boot.test.autoconfigure.restdocs.RestDocsTestExecutionListener, org.springframework.boot.test.autoconfigure.web.client.MockRestServiceServerResetTestExecutionListener, org.springframework.boot.test.autoconfigure.web.servlet.MockMvcPrintOnlyOnFailureTestExecutionListener, org.springframework.boot.test.autoconfigure.web.servlet.WebDriverTestExecutionListener, org.springframework.test.context.web.ServletTestExecutionListener, org.springframework.test.context.support.DirtiesContextBeforeModesTestExecutionListener, org.springframework.test.context.support.DependencyInjectionTestExecutionListener, org.springframework.test.context.support.DirtiesContextTestExecutionListener, org.springframework.test.context.transaction.TransactionalTestExecutionListener, org.springframework.test.context.jdbc.SqlScriptsTestExecutionListener]
[Test and Build] 2018-04-17 10:32:31.901  INFO 19581 --- [           main] .b.t.c.SpringBootTestContextBootstrapper : Using TestExecutionListeners: [org.springframework.test.context.web.ServletTestExecutionListener@3d0352, org.springframework.test.context.support.DirtiesContextBeforeModesTestExecutionListener@bb6f3f7, org.springframework.boot.test.autoconfigure.SpringBootDependencyInjectionTestExecutionListener@388f1258, org.springframework.test.context.support.DirtiesContextTestExecutionListener@62058742, org.springframework.test.context.transaction.TransactionalTestExecutionListener@aca2fc3, org.springframework.test.context.jdbc.SqlScriptsTestExecutionListener@36df4c26, org.springframework.boot.test.autoconfigure.web.servlet.MockMvcPrintOnlyOnFailureTestExecutionListener@76828577, org.springframework.boot.test.autoconfigure.restdocs.RestDocsTestExecutionListener@38732372, org.springframework.boot.test.mock.mockito.ResetMocksTestExecutionListener@639cb788, org.springframework.boot.test.autoconfigure.web.servlet.WebDriverTestExecutionListener@2fee69a1, org.springframework.boot.test.autoconfigure.web.client.MockRestServiceServerResetTestExecutionListener@4d25f816, org.springframework.boot.test.mock.mockito.MockitoTestExecutionListener@6c6c2a73]
[Test and Build] 2018-04-17 10:32:32.197  WARN 19581 --- [           main] c.p.m.v2.Robots.Core.RobotsUtils         : Please check the permission to access data on this server : https://www.historiae-secrets.com/robots.txt
[Test and Build] # robots.txt automaticaly generated by PrestaShop e-commerce open-source solution # http://www.prestashop.com - http://www.prestashop.com/forums # This file is to prevent the crawling and indexing of certain parts # of your site by web crawlers and spiders run by sites like Yahoo! # and Google. By telling these "robots" where not to go on your site, # you save bandwidth and server resources. # For more information about the robots.txt standard, see: # http://www.robotstxt.org/robotstxt.html User-agent: * # Allow Directives Allow: */modules/*.css Allow: */modules/*.js # Private pages Disallow: /*?orderby= Disallow: /*?orderway= Disallow: /*?tag= Disallow: /*?id_currency= Disallow: /*?search_query= Disallow: /*?back= Disallow: /*?n= Disallow: /*&orderby= Disallow: /*&orderway= Disallow: /*&tag= Disallow: /*&id_currency= Disallow: /*&search_query= Disallow: /*&back= Disallow: /*&n= Disallow: /*controller=addresses Disallow: /*controller=address Disallow: /*controller=authentication Disallow: /*controller=cart Disallow: /*controller=discount Disallow: /*controller=footer Disallow: /*controller=get-file Disallow: /*controller=header Disallow: /*controller=history Disallow: /*controller=identity Disallow: /*controller=images.inc Disallow: /*controller=init Disallow: /*controller=my-account Disallow: /*controller=order Disallow: /*controller=order-opc Disallow: /*controller=order-slip Disallow: /*controller=order-detail Disallow: /*controller=order-follow Disallow: /*controller=order-return Disallow: /*controller=order-confirmation Disallow: /*controller=pagination Disallow: /*controller=password Disallow: /*controller=pdf-invoice Disallow: /*controller=pdf-order-return Disallow: /*controller=pdf-order-slip Disallow: /*controller=product-sort Disallow: /*controller=search Disallow: /*controller=statistics Disallow: /*controller=attachment Disallow: /*controller=guest-tracking # Directories Disallow: */classes/ Disallow: */config/ Disallow: */download/ Disallow: */mails/ Disallow: */modules/ Disallow: */translations/ Disallow: */tools/ # Files Disallow: /*recuperation-mot-de-passe Disallow: /*adresse Disallow: /*adresses Disallow: /*connexion Disallow: /*panier Disallow: /*reduction Disallow: /*historique-commandes Disallow: /*identite Disallow: /*mon-compte Disallow: /*suivi-commande Disallow: /*avoirs Disallow: /*commande Disallow: /*recherche Disallow: /*commande-rapide Disallow: /*suivi-commande-invite Disallow: /*confirmation-commande
[Test and Build] Tests run: 1, Failures: 0, Errors: 0, Skipped: 0, Time elapsed: 0.454 sec - in com.pixalione.monetoring.v2.Robots.Core.RobotParserLogicTest
[Test and Build] 2018-04-17 10:32:32.392  INFO 19581 --- [       Thread-1] o.s.w.c.s.GenericWebApplicationContext   : Closing org.springframework.web.context.support.GenericWebApplicationContext@4bd31064: startup date [Tue Apr 17 10:32:25 UTC 2018]; root of context hierarchy
[Test and Build] 2018-04-17 10:32:32.441  INFO 19581 --- [       Thread-1] org.mongodb.driver.connection            : Closed connection [connectionId{localValue:2, serverValue:637}] to 213.32.75.99:27017 because the pool has been closed.
[Test and Build] 
[Test and Build] Results :
[Test and Build] 
[Test and Build] Tests run: 2, Failures: 0, Errors: 0, Skipped: 0
[Test and Build] 
[Test and Build] [INFO] ------------------------------------------------------------------------
[Test and Build] [INFO] BUILD SUCCESS
[Test and Build] [INFO] ------------------------------------------------------------------------
[Test and Build] [INFO] Total time: 11.800 s
[Test and Build] [INFO] Finished at: 2018-04-17T10:32:32Z
[Test and Build] [INFO] Final Memory: 30M/543M
[Test and Build] [INFO] ------------------------------------------------------------------------
[8mha:////4M0V9PLP6zVz+MKemnNnnAazoay+mPDPpiBaS17KUDe5AAAAaB+LCAAAAAAAAP9b85aBtbiIwTG/KF0vKzUvOzOvODlTryCnNB3I0ivPL8pOy8kv18vKT9JLzs8rzs9J1QuHCgaV5jlDhPzyS1IZIICRiYGhoohBKqM0pTg/D64Hh8ICAFt0h+h/AAAA[0m[Pipeline] [Test and Build] }
[Test with Sonar] [INFO] Java Main Files AST scan (done) | time=3906ms
[Test with Sonar] [INFO] 25/25 source files have been analyzed
[Test with Sonar] [INFO] Java Test Files AST scan
[Test with Sonar] [INFO] 6 source files to be analyzed
[Test with Sonar] [INFO] 6/6 source files have been analyzed
[Test with Sonar] [INFO] Java Test Files AST scan (done) | time=63ms
[Test with Sonar] [INFO] Sensor JavaSquidSensor [java] (done) | time=4501ms
[Test with Sonar] [INFO] Sensor SurefireSensor [java]
[Test with Sonar] [INFO] parsing [/var/jenkins_home/workspace/robottxtservice_master-ETL2XKAMIY3Y7BITJJG6N6FNWIVCHQM3WT5JAWC6CJ7XZXSK2RCA/target/surefire-reports]
[Test with Sonar] [INFO] Sensor SurefireSensor [java] (done) | time=71ms
[Test with Sonar] [INFO] Sensor JaCoCoSensor [java]
[Test with Sonar] [INFO] Sensor JaCoCoSensor [java] (done) | time=0ms
[Test with Sonar] [INFO] Sensor SonarJavaXmlFileSensor [java]
[Test with Sonar] [INFO] 1 source files to be analyzed
[Test with Sonar] [INFO] Sensor SonarJavaXmlFileSensor [java] (done) | time=357ms
[Test with Sonar] [INFO] 1/1 source files have been analyzed
[Test with Sonar] [INFO] Sensor XML Sensor [xml]
[Test with Sonar] [INFO] Sensor XML Sensor [xml] (done) | time=143ms
[Test with Sonar] [INFO] Sensor Zero Coverage Sensor
[Test with Sonar] [INFO] Sensor Zero Coverage Sensor (done) | time=40ms
[Test with Sonar] [INFO] Sensor CPD Block Indexer
[Test with Sonar] [INFO] Sensor CPD Block Indexer (done) | time=53ms
[Test with Sonar] [INFO] SCM provider for this project is: git
[Test with Sonar] [INFO] 32 files to be analyzed
[Test with Sonar] [INFO] 32/32 files analyzed
[Test with Sonar] [INFO] 7 files had no CPD blocks
[Test with Sonar] [INFO] Calculating CPD for 18 files
[Test with Sonar] [INFO] CPD calculation finished
[Test with Sonar] [INFO] Analysis report generated in 172ms, dir size=206 KB
[Test with Sonar] [INFO] Analysis reports compressed in 79ms, zip size=110 KB
[Test with Sonar] [INFO] Analysis report uploaded in 281ms
[Test with Sonar] [INFO] ANALYSIS SUCCESSFUL, you can browse http://213.32.75.99:9000/dashboard/index/com.pixalione.monetoring.v2:robottxt
[Test with Sonar] [INFO] Note that you will be able to access the updated dashboard once the server has processed the submitted analysis report
[Test with Sonar] [INFO] More about the report processing at http://213.32.75.99:9000/api/ce/task?id=AWLTKc1ugr_boLqFP8We
[Test with Sonar] [INFO] Task total time: 9.824 s
[Test with Sonar] [INFO] ------------------------------------------------------------------------
[Test with Sonar] [INFO] BUILD SUCCESS
[Test with Sonar] [INFO] ------------------------------------------------------------------------
[Test with Sonar] [INFO] Total time: 13.819 s
[Test with Sonar] [INFO] Finished at: 2018-04-17T10:32:35+00:00
[Test with Sonar] [INFO] Final Memory: 50M/994M
[Test with Sonar] [INFO] ------------------------------------------------------------------------
[8mha:////4M0V9PLP6zVz+MKemnNnnAazoay+mPDPpiBaS17KUDe5AAAAaB+LCAAAAAAAAP9b85aBtbiIwTG/KF0vKzUvOzOvODlTryCnNB3I0ivPL8pOy8kv18vKT9JLzs8rzs9J1QuHCgaV5jlDhPzyS1IZIICRiYGhoohBKqM0pTg/D64Hh8ICAFt0h+h/AAAA[0m[Pipeline] [Test with Sonar] }
[8mha:////4M0V9PLP6zVz+MKemnNnnAazoay+mPDPpiBaS17KUDe5AAAAaB+LCAAAAAAAAP9b85aBtbiIwTG/KF0vKzUvOzOvODlTryCnNB3I0ivPL8pOy8kv18vKT9JLzs8rzs9J1QuHCgaV5jlDhPzyS1IZIICRiYGhoohBKqM0pTg/D64Hh8ICAFt0h+h/AAAA[0m[Pipeline] // parallel
[8mha:////4M0V9PLP6zVz+MKemnNnnAazoay+mPDPpiBaS17KUDe5AAAAaB+LCAAAAAAAAP9b85aBtbiIwTG/KF0vKzUvOzOvODlTryCnNB3I0ivPL8pOy8kv18vKT9JLzs8rzs9J1QuHCgaV5jlDhPzyS1IZIICRiYGhoohBKqM0pTg/D64Hh8ICAFt0h+h/AAAA[0m[Pipeline] }
[8mha:////4M0V9PLP6zVz+MKemnNnnAazoay+mPDPpiBaS17KUDe5AAAAaB+LCAAAAAAAAP9b85aBtbiIwTG/KF0vKzUvOzOvODlTryCnNB3I0ivPL8pOy8kv18vKT9JLzs8rzs9J1QuHCgaV5jlDhPzyS1IZIICRiYGhoohBKqM0pTg/D64Hh8ICAFt0h+h/AAAA[0m[Pipeline] // stage
[8mha:////4M0V9PLP6zVz+MKemnNnnAazoay+mPDPpiBaS17KUDe5AAAAaB+LCAAAAAAAAP9b85aBtbiIwTG/KF0vKzUvOzOvODlTryCnNB3I0ivPL8pOy8kv18vKT9JLzs8rzs9J1QuHCgaV5jlDhPzyS1IZIICRiYGhoohBKqM0pTg/D64Hh8ICAFt0h+h/AAAA[0m[Pipeline] stage
[8mha:////4M0V9PLP6zVz+MKemnNnnAazoay+mPDPpiBaS17KUDe5AAAAaB+LCAAAAAAAAP9b85aBtbiIwTG/KF0vKzUvOzOvODlTryCnNB3I0ivPL8pOy8kv18vKT9JLzs8rzs9J1QuHCgaV5jlDhPzyS1IZIICRiYGhoohBKqM0pTg/D64Hh8ICAFt0h+h/AAAA[0m[Pipeline] { (Create Docker Image)
[8mha:////4M0V9PLP6zVz+MKemnNnnAazoay+mPDPpiBaS17KUDe5AAAAaB+LCAAAAAAAAP9b85aBtbiIwTG/KF0vKzUvOzOvODlTryCnNB3I0ivPL8pOy8kv18vKT9JLzs8rzs9J1QuHCgaV5jlDhPzyS1IZIICRiYGhoohBKqM0pTg/D64Hh8ICAFt0h+h/AAAA[0m[Pipeline] sh
[robottxtservice_master-ETL2XKAMIY3Y7BITJJG6N6FNWIVCHQM3WT5JAWC6CJ7XZXSK2RCA] Running shell script
+ make create
[1;33m=> Pushing Robot txt Docker Image ...
[0mVALUE: [[: 32108761046f: value too great for base (error token is "32108761046f")
[1;33m=> Creating Robot txt Image...
[0m/var/jenkins_home/workspace/robottxtservice_master-ETL2XKAMIY3Y7BITJJG6N6FNWIVCHQM3WT5JAWC6CJ7XZXSK2RCA
[INFO] Scanning for projects...
[INFO] 
[INFO] ------------------------------------------------------------------------
[INFO] Building robottxt 0.0.1-SNAPSHOT
[INFO] ------------------------------------------------------------------------
[INFO] 
[INFO] --- maven-resources-plugin:2.6:resources (default-resources) @ robottxt ---
[INFO] Using 'UTF-8' encoding to copy filtered resources.
[INFO] Copying 2 resources
[INFO] Copying 0 resource
[INFO] 
[INFO] --- maven-compiler-plugin:3.1:compile (default-compile) @ robottxt ---
[INFO] Nothing to compile - all classes are up to date
[INFO] 
[INFO] --- maven-resources-plugin:2.6:testResources (default-testResources) @ robottxt ---
[INFO] Using 'UTF-8' encoding to copy filtered resources.
[INFO] skip non existing resourceDirectory /var/jenkins_home/workspace/robottxtservice_master-ETL2XKAMIY3Y7BITJJG6N6FNWIVCHQM3WT5JAWC6CJ7XZXSK2RCA/src/test/resources
[INFO] 
[INFO] --- maven-compiler-plugin:3.1:testCompile (default-testCompile) @ robottxt ---
[INFO] Changes detected - recompiling the module!
[INFO] Compiling 6 source files to /var/jenkins_home/workspace/robottxtservice_master-ETL2XKAMIY3Y7BITJJG6N6FNWIVCHQM3WT5JAWC6CJ7XZXSK2RCA/target/test-classes
[INFO] 
[INFO] --- maven-surefire-plugin:2.18.1:test (default-test) @ robottxt ---
[INFO] Surefire report directory: /var/jenkins_home/workspace/robottxtservice_master-ETL2XKAMIY3Y7BITJJG6N6FNWIVCHQM3WT5JAWC6CJ7XZXSK2RCA/target/surefire-reports

-------------------------------------------------------
 T E S T S
-------------------------------------------------------
10:32:41.666 [main] DEBUG org.springframework.test.context.junit4.SpringJUnit4ClassRunner - SpringJUnit4ClassRunner constructor called with [class com.pixalione.monetoring.v2.RobotsTxtApplicationTest]
10:32:41.673 [main] DEBUG org.springframework.test.context.BootstrapUtils - Instantiating CacheAwareContextLoaderDelegate from class [org.springframework.test.context.cache.DefaultCacheAwareContextLoaderDelegate]
10:32:41.681 [main] DEBUG org.springframework.test.context.BootstrapUtils - Instantiating BootstrapContext using constructor [public org.springframework.test.context.support.DefaultBootstrapContext(java.lang.Class,org.springframework.test.context.CacheAwareContextLoaderDelegate)]
10:32:41.697 [main] DEBUG org.springframework.test.context.BootstrapUtils - Instantiating TestContextBootstrapper for test class [com.pixalione.monetoring.v2.RobotsTxtApplicationTest] from class [org.springframework.boot.test.context.SpringBootTestContextBootstrapper]
10:32:41.708 [main] INFO org.springframework.boot.test.context.SpringBootTestContextBootstrapper - Neither @ContextConfiguration nor @ContextHierarchy found for test class [com.pixalione.monetoring.v2.RobotsTxtApplicationTest], using SpringBootContextLoader
10:32:41.712 [main] DEBUG org.springframework.test.context.support.AbstractContextLoader - Did not detect default resource location for test class [com.pixalione.monetoring.v2.RobotsTxtApplicationTest]: class path resource [com/pixalione/monetoring/v2/RobotsTxtApplicationTest-context.xml] does not exist
10:32:41.712 [main] DEBUG org.springframework.test.context.support.AbstractContextLoader - Did not detect default resource location for test class [com.pixalione.monetoring.v2.RobotsTxtApplicationTest]: class path resource [com/pixalione/monetoring/v2/RobotsTxtApplicationTestContext.groovy] does not exist
10:32:41.712 [main] INFO org.springframework.test.context.support.AbstractContextLoader - Could not detect default resource locations for test class [com.pixalione.monetoring.v2.RobotsTxtApplicationTest]: no resource found for suffixes {-context.xml, Context.groovy}.
10:32:41.713 [main] INFO org.springframework.test.context.support.AnnotationConfigContextLoaderUtils - Could not detect default configuration classes for test class [com.pixalione.monetoring.v2.RobotsTxtApplicationTest]: RobotsTxtApplicationTest does not declare any static, non-private, non-final, nested classes annotated with @Configuration.
10:32:41.761 [main] DEBUG org.springframework.test.context.support.ActiveProfilesUtils - Could not find an 'annotation declaring class' for annotation type [org.springframework.test.context.ActiveProfiles] and class [com.pixalione.monetoring.v2.RobotsTxtApplicationTest]
10:32:41.776 [main] DEBUG org.springframework.core.env.StandardEnvironment - Adding [systemProperties] PropertySource with lowest search precedence
10:32:41.778 [main] DEBUG org.springframework.core.env.StandardEnvironment - Adding [systemEnvironment] PropertySource with lowest search precedence
10:32:41.778 [main] DEBUG org.springframework.core.env.StandardEnvironment - Initialized StandardEnvironment with PropertySources [systemProperties,systemEnvironment]
10:32:41.794 [main] DEBUG org.springframework.core.io.support.PathMatchingResourcePatternResolver - Resolved classpath location [com/pixalione/monetoring/v2/] to resources [URL [file:/var/jenkins_home/workspace/robottxtservice_master-ETL2XKAMIY3Y7BITJJG6N6FNWIVCHQM3WT5JAWC6CJ7XZXSK2RCA/target/test-classes/com/pixalione/monetoring/v2/], URL [file:/var/jenkins_home/workspace/robottxtservice_master-ETL2XKAMIY3Y7BITJJG6N6FNWIVCHQM3WT5JAWC6CJ7XZXSK2RCA/target/classes/com/pixalione/monetoring/v2/]]
10:32:41.794 [main] DEBUG org.springframework.core.io.support.PathMatchingResourcePatternResolver - Looking for matching resources in directory tree [/var/jenkins_home/workspace/robottxtservice_master-ETL2XKAMIY3Y7BITJJG6N6FNWIVCHQM3WT5JAWC6CJ7XZXSK2RCA/target/test-classes/com/pixalione/monetoring/v2]
10:32:41.794 [main] DEBUG org.springframework.core.io.support.PathMatchingResourcePatternResolver - Searching directory [/var/jenkins_home/workspace/robottxtservice_master-ETL2XKAMIY3Y7BITJJG6N6FNWIVCHQM3WT5JAWC6CJ7XZXSK2RCA/target/test-classes/com/pixalione/monetoring/v2] for files matching pattern [/var/jenkins_home/workspace/robottxtservice_master-ETL2XKAMIY3Y7BITJJG6N6FNWIVCHQM3WT5JAWC6CJ7XZXSK2RCA/target/test-classes/com/pixalione/monetoring/v2/*.class]
10:32:41.808 [main] DEBUG org.springframework.core.io.support.PathMatchingResourcePatternResolver - Looking for matching resources in directory tree [/var/jenkins_home/workspace/robottxtservice_master-ETL2XKAMIY3Y7BITJJG6N6FNWIVCHQM3WT5JAWC6CJ7XZXSK2RCA/target/classes/com/pixalione/monetoring/v2]
10:32:41.809 [main] DEBUG org.springframework.core.io.support.PathMatchingResourcePatternResolver - Searching directory [/var/jenkins_home/workspace/robottxtservice_master-ETL2XKAMIY3Y7BITJJG6N6FNWIVCHQM3WT5JAWC6CJ7XZXSK2RCA/target/classes/com/pixalione/monetoring/v2] for files matching pattern [/var/jenkins_home/workspace/robottxtservice_master-ETL2XKAMIY3Y7BITJJG6N6FNWIVCHQM3WT5JAWC6CJ7XZXSK2RCA/target/classes/com/pixalione/monetoring/v2/*.class]
10:32:41.809 [main] DEBUG org.springframework.core.io.support.PathMatchingResourcePatternResolver - Resolved location pattern [classpath*:com/pixalione/monetoring/v2/*.class] to resources [file [/var/jenkins_home/workspace/robottxtservice_master-ETL2XKAMIY3Y7BITJJG6N6FNWIVCHQM3WT5JAWC6CJ7XZXSK2RCA/target/test-classes/com/pixalione/monetoring/v2/RobotsTxtApplicationTest.class], file [/var/jenkins_home/workspace/robottxtservice_master-ETL2XKAMIY3Y7BITJJG6N6FNWIVCHQM3WT5JAWC6CJ7XZXSK2RCA/target/classes/com/pixalione/monetoring/v2/RobotsTxtApplication.class]]
10:32:41.883 [main] DEBUG org.springframework.context.annotation.ClassPathScanningCandidateComponentProvider - Identified candidate component class: file [/var/jenkins_home/workspace/robottxtservice_master-ETL2XKAMIY3Y7BITJJG6N6FNWIVCHQM3WT5JAWC6CJ7XZXSK2RCA/target/classes/com/pixalione/monetoring/v2/RobotsTxtApplication.class]
10:32:41.884 [main] INFO org.springframework.boot.test.context.SpringBootTestContextBootstrapper - Found @SpringBootConfiguration com.pixalione.monetoring.v2.RobotsTxtApplication for test class com.pixalione.monetoring.v2.RobotsTxtApplicationTest
10:32:41.888 [main] DEBUG org.springframework.boot.test.context.SpringBootTestContextBootstrapper - @TestExecutionListeners is not present for class [com.pixalione.monetoring.v2.RobotsTxtApplicationTest]: using defaults.
10:32:41.891 [main] INFO org.springframework.boot.test.context.SpringBootTestContextBootstrapper - Loaded default TestExecutionListener class names from location [META-INF/spring.factories]: [org.springframework.boot.test.mock.mockito.MockitoTestExecutionListener, org.springframework.boot.test.mock.mockito.ResetMocksTestExecutionListener, org.springframework.boot.test.autoconfigure.restdocs.RestDocsTestExecutionListener, org.springframework.boot.test.autoconfigure.web.client.MockRestServiceServerResetTestExecutionListener, org.springframework.boot.test.autoconfigure.web.servlet.MockMvcPrintOnlyOnFailureTestExecutionListener, org.springframework.boot.test.autoconfigure.web.servlet.WebDriverTestExecutionListener, org.springframework.test.context.web.ServletTestExecutionListener, org.springframework.test.context.support.DirtiesContextBeforeModesTestExecutionListener, org.springframework.test.context.support.DependencyInjectionTestExecutionListener, org.springframework.test.context.support.DirtiesContextTestExecutionListener, org.springframework.test.context.transaction.TransactionalTestExecutionListener, org.springframework.test.context.jdbc.SqlScriptsTestExecutionListener]
10:32:41.910 [main] INFO org.springframework.boot.test.context.SpringBootTestContextBootstrapper - Using TestExecutionListeners: [org.springframework.test.context.web.ServletTestExecutionListener@2d127a61, org.springframework.test.context.support.DirtiesContextBeforeModesTestExecutionListener@2bbaf4f0, org.springframework.boot.test.autoconfigure.SpringBootDependencyInjectionTestExecutionListener@11c20519, org.springframework.test.context.support.DirtiesContextTestExecutionListener@70beb599, org.springframework.test.context.transaction.TransactionalTestExecutionListener@4e41089d, org.springframework.test.context.jdbc.SqlScriptsTestExecutionListener@32a068d1, org.springframework.boot.test.autoconfigure.web.servlet.MockMvcPrintOnlyOnFailureTestExecutionListener@33cb5951, org.springframework.boot.test.autoconfigure.restdocs.RestDocsTestExecutionListener@365c30cc, org.springframework.boot.test.mock.mockito.ResetMocksTestExecutionListener@701fc37a, org.springframework.boot.test.autoconfigure.web.servlet.WebDriverTestExecutionListener@4148db48, org.springframework.boot.test.autoconfigure.web.client.MockRestServiceServerResetTestExecutionListener@282003e1, org.springframework.boot.test.mock.mockito.MockitoTestExecutionListener@7fad8c79]
10:32:41.913 [main] DEBUG org.springframework.test.context.junit4.SpringJUnit4ClassRunner - SpringJUnit4ClassRunner constructor called with [class com.pixalione.monetoring.v2.Robots.Core.RobotParserLogicTest]
10:32:41.914 [main] DEBUG org.springframework.test.context.BootstrapUtils - Instantiating CacheAwareContextLoaderDelegate from class [org.springframework.test.context.cache.DefaultCacheAwareContextLoaderDelegate]
10:32:41.914 [main] DEBUG org.springframework.test.context.BootstrapUtils - Instantiating BootstrapContext using constructor [public org.springframework.test.context.support.DefaultBootstrapContext(java.lang.Class,org.springframework.test.context.CacheAwareContextLoaderDelegate)]
10:32:41.914 [main] DEBUG org.springframework.test.context.BootstrapUtils - Instantiating TestContextBootstrapper for test class [com.pixalione.monetoring.v2.Robots.Core.RobotParserLogicTest] from class [org.springframework.boot.test.context.SpringBootTestContextBootstrapper]
10:32:41.915 [main] INFO org.springframework.boot.test.context.SpringBootTestContextBootstrapper - Neither @ContextConfiguration nor @ContextHierarchy found for test class [com.pixalione.monetoring.v2.Robots.Core.RobotParserLogicTest], using SpringBootContextLoader
10:32:41.915 [main] DEBUG org.springframework.test.context.support.AbstractContextLoader - Did not detect default resource location for test class [com.pixalione.monetoring.v2.Robots.Core.RobotParserLogicTest]: class path resource [com/pixalione/monetoring/v2/Robots/Core/RobotParserLogicTest-context.xml] does not exist
10:32:41.916 [main] DEBUG org.springframework.test.context.support.AbstractContextLoader - Did not detect default resource location for test class [com.pixalione.monetoring.v2.Robots.Core.RobotParserLogicTest]: class path resource [com/pixalione/monetoring/v2/Robots/Core/RobotParserLogicTestContext.groovy] does not exist
10:32:41.916 [main] INFO org.springframework.test.context.support.AbstractContextLoader - Could not detect default resource locations for test class [com.pixalione.monetoring.v2.Robots.Core.RobotParserLogicTest]: no resource found for suffixes {-context.xml, Context.groovy}.
10:32:41.916 [main] INFO org.springframework.test.context.support.AnnotationConfigContextLoaderUtils - Could not detect default configuration classes for test class [com.pixalione.monetoring.v2.Robots.Core.RobotParserLogicTest]: RobotParserLogicTest does not declare any static, non-private, non-final, nested classes annotated with @Configuration.
10:32:41.921 [main] DEBUG org.springframework.test.context.support.ActiveProfilesUtils - Could not find an 'annotation declaring class' for annotation type [org.springframework.test.context.ActiveProfiles] and class [com.pixalione.monetoring.v2.Robots.Core.RobotParserLogicTest]
10:32:41.922 [main] DEBUG org.springframework.core.env.StandardEnvironment - Adding [systemProperties] PropertySource with lowest search precedence
10:32:41.922 [main] DEBUG org.springframework.core.env.StandardEnvironment - Adding [systemEnvironment] PropertySource with lowest search precedence
10:32:41.922 [main] DEBUG org.springframework.core.env.StandardEnvironment - Initialized StandardEnvironment with PropertySources [systemProperties,systemEnvironment]
10:32:41.922 [main] DEBUG org.springframework.core.io.support.PathMatchingResourcePatternResolver - Resolved classpath location [com/pixalione/monetoring/v2/Robots/Core/] to resources [URL [file:/var/jenkins_home/workspace/robottxtservice_master-ETL2XKAMIY3Y7BITJJG6N6FNWIVCHQM3WT5JAWC6CJ7XZXSK2RCA/target/test-classes/com/pixalione/monetoring/v2/Robots/Core/], URL [file:/var/jenkins_home/workspace/robottxtservice_master-ETL2XKAMIY3Y7BITJJG6N6FNWIVCHQM3WT5JAWC6CJ7XZXSK2RCA/target/classes/com/pixalione/monetoring/v2/Robots/Core/]]
10:32:41.922 [main] DEBUG org.springframework.core.io.support.PathMatchingResourcePatternResolver - Looking for matching resources in directory tree [/var/jenkins_home/workspace/robottxtservice_master-ETL2XKAMIY3Y7BITJJG6N6FNWIVCHQM3WT5JAWC6CJ7XZXSK2RCA/target/test-classes/com/pixalione/monetoring/v2/Robots/Core]
10:32:41.922 [main] DEBUG org.springframework.core.io.support.PathMatchingResourcePatternResolver - Searching directory [/var/jenkins_home/workspace/robottxtservice_master-ETL2XKAMIY3Y7BITJJG6N6FNWIVCHQM3WT5JAWC6CJ7XZXSK2RCA/target/test-classes/com/pixalione/monetoring/v2/Robots/Core] for files matching pattern [/var/jenkins_home/workspace/robottxtservice_master-ETL2XKAMIY3Y7BITJJG6N6FNWIVCHQM3WT5JAWC6CJ7XZXSK2RCA/target/test-classes/com/pixalione/monetoring/v2/Robots/Core/*.class]
10:32:41.923 [main] DEBUG org.springframework.core.io.support.PathMatchingResourcePatternResolver - Looking for matching resources in directory tree [/var/jenkins_home/workspace/robottxtservice_master-ETL2XKAMIY3Y7BITJJG6N6FNWIVCHQM3WT5JAWC6CJ7XZXSK2RCA/target/classes/com/pixalione/monetoring/v2/Robots/Core]
10:32:41.923 [main] DEBUG org.springframework.core.io.support.PathMatchingResourcePatternResolver - Searching directory [/var/jenkins_home/workspace/robottxtservice_master-ETL2XKAMIY3Y7BITJJG6N6FNWIVCHQM3WT5JAWC6CJ7XZXSK2RCA/target/classes/com/pixalione/monetoring/v2/Robots/Core] for files matching pattern [/var/jenkins_home/workspace/robottxtservice_master-ETL2XKAMIY3Y7BITJJG6N6FNWIVCHQM3WT5JAWC6CJ7XZXSK2RCA/target/classes/com/pixalione/monetoring/v2/Robots/Core/*.class]
10:32:41.924 [main] DEBUG org.springframework.core.io.support.PathMatchingResourcePatternResolver - Resolved location pattern [classpath*:com/pixalione/monetoring/v2/Robots/Core/*.class] to resources [file [/var/jenkins_home/workspace/robottxtservice_master-ETL2XKAMIY3Y7BITJJG6N6FNWIVCHQM3WT5JAWC6CJ7XZXSK2RCA/target/test-classes/com/pixalione/monetoring/v2/Robots/Core/RobotParserLogicTest.class], file [/var/jenkins_home/workspace/robottxtservice_master-ETL2XKAMIY3Y7BITJJG6N6FNWIVCHQM3WT5JAWC6CJ7XZXSK2RCA/target/classes/com/pixalione/monetoring/v2/Robots/Core/RobotParserLogic.class], file [/var/jenkins_home/workspace/robottxtservice_master-ETL2XKAMIY3Y7BITJJG6N6FNWIVCHQM3WT5JAWC6CJ7XZXSK2RCA/target/classes/com/pixalione/monetoring/v2/Robots/Core/RobotsUtils.class], file [/var/jenkins_home/workspace/robottxtservice_master-ETL2XKAMIY3Y7BITJJG6N6FNWIVCHQM3WT5JAWC6CJ7XZXSK2RCA/target/classes/com/pixalione/monetoring/v2/Robots/Core/RulesUtils.class], file [/var/jenkins_home/workspace/robottxtservice_master-ETL2XKAMIY3Y7BITJJG6N6FNWIVCHQM3WT5JAWC6CJ7XZXSK2RCA/target/classes/com/pixalione/monetoring/v2/Robots/Core/SiteMapParserLogic.class], file [/var/jenkins_home/workspace/robottxtservice_master-ETL2XKAMIY3Y7BITJJG6N6FNWIVCHQM3WT5JAWC6CJ7XZXSK2RCA/target/classes/com/pixalione/monetoring/v2/Robots/Core/UserAgentParserLogic.class], file [/var/jenkins_home/workspace/robottxtservice_master-ETL2XKAMIY3Y7BITJJG6N6FNWIVCHQM3WT5JAWC6CJ7XZXSK2RCA/target/classes/com/pixalione/monetoring/v2/Robots/Core/UserAgentUtils.class]]
10:32:41.930 [main] DEBUG org.springframework.core.io.support.PathMatchingResourcePatternResolver - Resolved classpath location [com/pixalione/monetoring/v2/Robots/] to resources [URL [file:/var/jenkins_home/workspace/robottxtservice_master-ETL2XKAMIY3Y7BITJJG6N6FNWIVCHQM3WT5JAWC6CJ7XZXSK2RCA/target/test-classes/com/pixalione/monetoring/v2/Robots/], URL [file:/var/jenkins_home/workspace/robottxtservice_master-ETL2XKAMIY3Y7BITJJG6N6FNWIVCHQM3WT5JAWC6CJ7XZXSK2RCA/target/classes/com/pixalione/monetoring/v2/Robots/]]
10:32:41.930 [main] DEBUG org.springframework.core.io.support.PathMatchingResourcePatternResolver - Looking for matching resources in directory tree [/var/jenkins_home/workspace/robottxtservice_master-ETL2XKAMIY3Y7BITJJG6N6FNWIVCHQM3WT5JAWC6CJ7XZXSK2RCA/target/test-classes/com/pixalione/monetoring/v2/Robots]
10:32:41.930 [main] DEBUG org.springframework.core.io.support.PathMatchingResourcePatternResolver - Searching directory [/var/jenkins_home/workspace/robottxtservice_master-ETL2XKAMIY3Y7BITJJG6N6FNWIVCHQM3WT5JAWC6CJ7XZXSK2RCA/target/test-classes/com/pixalione/monetoring/v2/Robots] for files matching pattern [/var/jenkins_home/workspace/robottxtservice_master-ETL2XKAMIY3Y7BITJJG6N6FNWIVCHQM3WT5JAWC6CJ7XZXSK2RCA/target/test-classes/com/pixalione/monetoring/v2/Robots/*.class]
10:32:41.930 [main] DEBUG org.springframework.core.io.support.PathMatchingResourcePatternResolver - Looking for matching resources in directory tree [/var/jenkins_home/workspace/robottxtservice_master-ETL2XKAMIY3Y7BITJJG6N6FNWIVCHQM3WT5JAWC6CJ7XZXSK2RCA/target/classes/com/pixalione/monetoring/v2/Robots]
10:32:41.931 [main] DEBUG org.springframework.core.io.support.PathMatchingResourcePatternResolver - Searching directory [/var/jenkins_home/workspace/robottxtservice_master-ETL2XKAMIY3Y7BITJJG6N6FNWIVCHQM3WT5JAWC6CJ7XZXSK2RCA/target/classes/com/pixalione/monetoring/v2/Robots] for files matching pattern [/var/jenkins_home/workspace/robottxtservice_master-ETL2XKAMIY3Y7BITJJG6N6FNWIVCHQM3WT5JAWC6CJ7XZXSK2RCA/target/classes/com/pixalione/monetoring/v2/Robots/*.class]
10:32:41.931 [main] DEBUG org.springframework.core.io.support.PathMatchingResourcePatternResolver - Resolved location pattern [classpath*:com/pixalione/monetoring/v2/Robots/*.class] to resources []
10:32:41.932 [main] DEBUG org.springframework.core.io.support.PathMatchingResourcePatternResolver - Resolved classpath location [com/pixalione/monetoring/v2/] to resources [URL [file:/var/jenkins_home/workspace/robottxtservice_master-ETL2XKAMIY3Y7BITJJG6N6FNWIVCHQM3WT5JAWC6CJ7XZXSK2RCA/target/test-classes/com/pixalione/monetoring/v2/], URL [file:/var/jenkins_home/workspace/robottxtservice_master-ETL2XKAMIY3Y7BITJJG6N6FNWIVCHQM3WT5JAWC6CJ7XZXSK2RCA/target/classes/com/pixalione/monetoring/v2/]]
10:32:41.932 [main] DEBUG org.springframework.core.io.support.PathMatchingResourcePatternResolver - Looking for matching resources in directory tree [/var/jenkins_home/workspace/robottxtservice_master-ETL2XKAMIY3Y7BITJJG6N6FNWIVCHQM3WT5JAWC6CJ7XZXSK2RCA/target/test-classes/com/pixalione/monetoring/v2]
10:32:41.932 [main] DEBUG org.springframework.core.io.support.PathMatchingResourcePatternResolver - Searching directory [/var/jenkins_home/workspace/robottxtservice_master-ETL2XKAMIY3Y7BITJJG6N6FNWIVCHQM3WT5JAWC6CJ7XZXSK2RCA/target/test-classes/com/pixalione/monetoring/v2] for files matching pattern [/var/jenkins_home/workspace/robottxtservice_master-ETL2XKAMIY3Y7BITJJG6N6FNWIVCHQM3WT5JAWC6CJ7XZXSK2RCA/target/test-classes/com/pixalione/monetoring/v2/*.class]
10:32:41.933 [main] DEBUG org.springframework.core.io.support.PathMatchingResourcePatternResolver - Looking for matching resources in directory tree [/var/jenkins_home/workspace/robottxtservice_master-ETL2XKAMIY3Y7BITJJG6N6FNWIVCHQM3WT5JAWC6CJ7XZXSK2RCA/target/classes/com/pixalione/monetoring/v2]
10:32:41.933 [main] DEBUG org.springframework.core.io.support.PathMatchingResourcePatternResolver - Searching directory [/var/jenkins_home/workspace/robottxtservice_master-ETL2XKAMIY3Y7BITJJG6N6FNWIVCHQM3WT5JAWC6CJ7XZXSK2RCA/target/classes/com/pixalione/monetoring/v2] for files matching pattern [/var/jenkins_home/workspace/robottxtservice_master-ETL2XKAMIY3Y7BITJJG6N6FNWIVCHQM3WT5JAWC6CJ7XZXSK2RCA/target/classes/com/pixalione/monetoring/v2/*.class]
10:32:41.933 [main] DEBUG org.springframework.core.io.support.PathMatchingResourcePatternResolver - Resolved location pattern [classpath*:com/pixalione/monetoring/v2/*.class] to resources [file [/var/jenkins_home/workspace/robottxtservice_master-ETL2XKAMIY3Y7BITJJG6N6FNWIVCHQM3WT5JAWC6CJ7XZXSK2RCA/target/test-classes/com/pixalione/monetoring/v2/RobotsTxtApplicationTest.class], file [/var/jenkins_home/workspace/robottxtservice_master-ETL2XKAMIY3Y7BITJJG6N6FNWIVCHQM3WT5JAWC6CJ7XZXSK2RCA/target/classes/com/pixalione/monetoring/v2/RobotsTxtApplication.class]]
10:32:41.935 [main] DEBUG org.springframework.context.annotation.ClassPathScanningCandidateComponentProvider - Identified candidate component class: file [/var/jenkins_home/workspace/robottxtservice_master-ETL2XKAMIY3Y7BITJJG6N6FNWIVCHQM3WT5JAWC6CJ7XZXSK2RCA/target/classes/com/pixalione/monetoring/v2/RobotsTxtApplication.class]
10:32:41.935 [main] INFO org.springframework.boot.test.context.SpringBootTestContextBootstrapper - Found @SpringBootConfiguration com.pixalione.monetoring.v2.RobotsTxtApplication for test class com.pixalione.monetoring.v2.Robots.Core.RobotParserLogicTest
10:32:41.937 [main] DEBUG org.springframework.boot.test.context.SpringBootTestContextBootstrapper - @TestExecutionListeners is not present for class [com.pixalione.monetoring.v2.Robots.Core.RobotParserLogicTest]: using defaults.
10:32:41.939 [main] INFO org.springframework.boot.test.context.SpringBootTestContextBootstrapper - Loaded default TestExecutionListener class names from location [META-INF/spring.factories]: [org.springframework.boot.test.mock.mockito.MockitoTestExecutionListener, org.springframework.boot.test.mock.mockito.ResetMocksTestExecutionListener, org.springframework.boot.test.autoconfigure.restdocs.RestDocsTestExecutionListener, org.springframework.boot.test.autoconfigure.web.client.MockRestServiceServerResetTestExecutionListener, org.springframework.boot.test.autoconfigure.web.servlet.MockMvcPrintOnlyOnFailureTestExecutionListener, org.springframework.boot.test.autoconfigure.web.servlet.WebDriverTestExecutionListener, org.springframework.test.context.web.ServletTestExecutionListener, org.springframework.test.context.support.DirtiesContextBeforeModesTestExecutionListener, org.springframework.test.context.support.DependencyInjectionTestExecutionListener, org.springframework.test.context.support.DirtiesContextTestExecutionListener, org.springframework.test.context.transaction.TransactionalTestExecutionListener, org.springframework.test.context.jdbc.SqlScriptsTestExecutionListener]
10:32:41.943 [main] INFO org.springframework.boot.test.context.SpringBootTestContextBootstrapper - Using TestExecutionListeners: [org.springframework.test.context.web.ServletTestExecutionListener@709ba3fb, org.springframework.test.context.support.DirtiesContextBeforeModesTestExecutionListener@3d36e4cd, org.springframework.boot.test.autoconfigure.SpringBootDependencyInjectionTestExecutionListener@6a472554, org.springframework.test.context.support.DirtiesContextTestExecutionListener@7ff2a664, org.springframework.test.context.transaction.TransactionalTestExecutionListener@525b461a, org.springframework.test.context.jdbc.SqlScriptsTestExecutionListener@58c1c010, org.springframework.boot.test.autoconfigure.web.servlet.MockMvcPrintOnlyOnFailureTestExecutionListener@b7f23d9, org.springframework.boot.test.autoconfigure.restdocs.RestDocsTestExecutionListener@61d47554, org.springframework.boot.test.mock.mockito.ResetMocksTestExecutionListener@69b794e2, org.springframework.boot.test.autoconfigure.web.servlet.WebDriverTestExecutionListener@3f200884, org.springframework.boot.test.autoconfigure.web.client.MockRestServiceServerResetTestExecutionListener@4d339552, org.springframework.boot.test.mock.mockito.MockitoTestExecutionListener@f0f2775]
10:32:41.945 [main] DEBUG org.springframework.test.annotation.ProfileValueUtils - Retrieved @ProfileValueSourceConfiguration [null] for test class [com.pixalione.monetoring.v2.RobotsTxtApplicationTest]
10:32:41.945 [main] DEBUG org.springframework.test.annotation.ProfileValueUtils - Retrieved ProfileValueSource type [class org.springframework.test.annotation.SystemProfileValueSource] for class [com.pixalione.monetoring.v2.RobotsTxtApplicationTest]
10:32:41.946 [main] DEBUG org.springframework.test.annotation.ProfileValueUtils - Retrieved @ProfileValueSourceConfiguration [null] for test class [com.pixalione.monetoring.v2.Robots.Core.RobotParserLogicTest]
10:32:41.946 [main] DEBUG org.springframework.test.annotation.ProfileValueUtils - Retrieved ProfileValueSource type [class org.springframework.test.annotation.SystemProfileValueSource] for class [com.pixalione.monetoring.v2.Robots.Core.RobotParserLogicTest]
Running com.pixalione.monetoring.v2.RobotsTxtApplicationTest
10:32:41.948 [main] DEBUG org.springframework.test.context.junit4.SpringJUnit4ClassRunner - SpringJUnit4ClassRunner constructor called with [class com.pixalione.monetoring.v2.RobotsTxtApplicationTest]
10:32:41.948 [main] DEBUG org.springframework.test.context.BootstrapUtils - Instantiating CacheAwareContextLoaderDelegate from class [org.springframework.test.context.cache.DefaultCacheAwareContextLoaderDelegate]
10:32:41.948 [main] DEBUG org.springframework.test.context.BootstrapUtils - Instantiating BootstrapContext using constructor [public org.springframework.test.context.support.DefaultBootstrapContext(java.lang.Class,org.springframework.test.context.CacheAwareContextLoaderDelegate)]
10:32:41.948 [main] DEBUG org.springframework.test.context.BootstrapUtils - Instantiating TestContextBootstrapper for test class [com.pixalione.monetoring.v2.RobotsTxtApplicationTest] from class [org.springframework.boot.test.context.SpringBootTestContextBootstrapper]
10:32:41.949 [main] INFO org.springframework.boot.test.context.SpringBootTestContextBootstrapper - Neither @ContextConfiguration nor @ContextHierarchy found for test class [com.pixalione.monetoring.v2.RobotsTxtApplicationTest], using SpringBootContextLoader
10:32:41.949 [main] DEBUG org.springframework.test.context.support.AbstractContextLoader - Did not detect default resource location for test class [com.pixalione.monetoring.v2.RobotsTxtApplicationTest]: class path resource [com/pixalione/monetoring/v2/RobotsTxtApplicationTest-context.xml] does not exist
10:32:41.950 [main] DEBUG org.springframework.test.context.support.AbstractContextLoader - Did not detect default resource location for test class [com.pixalione.monetoring.v2.RobotsTxtApplicationTest]: class path resource [com/pixalione/monetoring/v2/RobotsTxtApplicationTestContext.groovy] does not exist
10:32:41.950 [main] INFO org.springframework.test.context.support.AbstractContextLoader - Could not detect default resource locations for test class [com.pixalione.monetoring.v2.RobotsTxtApplicationTest]: no resource found for suffixes {-context.xml, Context.groovy}.
10:32:41.950 [main] INFO org.springframework.test.context.support.AnnotationConfigContextLoaderUtils - Could not detect default configuration classes for test class [com.pixalione.monetoring.v2.RobotsTxtApplicationTest]: RobotsTxtApplicationTest does not declare any static, non-private, non-final, nested classes annotated with @Configuration.
10:32:41.953 [main] DEBUG org.springframework.test.context.support.ActiveProfilesUtils - Could not find an 'annotation declaring class' for annotation type [org.springframework.test.context.ActiveProfiles] and class [com.pixalione.monetoring.v2.RobotsTxtApplicationTest]
10:32:41.953 [main] DEBUG org.springframework.core.env.StandardEnvironment - Adding [systemProperties] PropertySource with lowest search precedence
10:32:41.953 [main] DEBUG org.springframework.core.env.StandardEnvironment - Adding [systemEnvironment] PropertySource with lowest search precedence
10:32:41.953 [main] DEBUG org.springframework.core.env.StandardEnvironment - Initialized StandardEnvironment with PropertySources [systemProperties,systemEnvironment]
10:32:41.954 [main] INFO org.springframework.boot.test.context.SpringBootTestContextBootstrapper - Found @SpringBootConfiguration com.pixalione.monetoring.v2.RobotsTxtApplication for test class com.pixalione.monetoring.v2.RobotsTxtApplicationTest
10:32:41.955 [main] DEBUG org.springframework.boot.test.context.SpringBootTestContextBootstrapper - @TestExecutionListeners is not present for class [com.pixalione.monetoring.v2.RobotsTxtApplicationTest]: using defaults.
10:32:41.956 [main] INFO org.springframework.boot.test.context.SpringBootTestContextBootstrapper - Loaded default TestExecutionListener class names from location [META-INF/spring.factories]: [org.springframework.boot.test.mock.mockito.MockitoTestExecutionListener, org.springframework.boot.test.mock.mockito.ResetMocksTestExecutionListener, org.springframework.boot.test.autoconfigure.restdocs.RestDocsTestExecutionListener, org.springframework.boot.test.autoconfigure.web.client.MockRestServiceServerResetTestExecutionListener, org.springframework.boot.test.autoconfigure.web.servlet.MockMvcPrintOnlyOnFailureTestExecutionListener, org.springframework.boot.test.autoconfigure.web.servlet.WebDriverTestExecutionListener, org.springframework.test.context.web.ServletTestExecutionListener, org.springframework.test.context.support.DirtiesContextBeforeModesTestExecutionListener, org.springframework.test.context.support.DependencyInjectionTestExecutionListener, org.springframework.test.context.support.DirtiesContextTestExecutionListener, org.springframework.test.context.transaction.TransactionalTestExecutionListener, org.springframework.test.context.jdbc.SqlScriptsTestExecutionListener]
10:32:41.959 [main] INFO org.springframework.boot.test.context.SpringBootTestContextBootstrapper - Using TestExecutionListeners: [org.springframework.test.context.web.ServletTestExecutionListener@5ea434c8, org.springframework.test.context.support.DirtiesContextBeforeModesTestExecutionListener@3bbc39f8, org.springframework.boot.test.autoconfigure.SpringBootDependencyInjectionTestExecutionListener@4ae3c1cd, org.springframework.test.context.support.DirtiesContextTestExecutionListener@29f69090, org.springframework.test.context.transaction.TransactionalTestExecutionListener@568bf312, org.springframework.test.context.jdbc.SqlScriptsTestExecutionListener@ca263c2, org.springframework.boot.test.autoconfigure.web.servlet.MockMvcPrintOnlyOnFailureTestExecutionListener@589b3632, org.springframework.boot.test.autoconfigure.restdocs.RestDocsTestExecutionListener@45f45fa1, org.springframework.boot.test.mock.mockito.ResetMocksTestExecutionListener@4c6e276e, org.springframework.boot.test.autoconfigure.web.servlet.WebDriverTestExecutionListener@534df152, org.springframework.boot.test.autoconfigure.web.client.MockRestServiceServerResetTestExecutionListener@52e677af, org.springframework.boot.test.mock.mockito.MockitoTestExecutionListener@35083305]
10:32:41.959 [main] DEBUG org.springframework.test.annotation.ProfileValueUtils - Retrieved @ProfileValueSourceConfiguration [null] for test class [com.pixalione.monetoring.v2.RobotsTxtApplicationTest]
10:32:41.960 [main] DEBUG org.springframework.test.annotation.ProfileValueUtils - Retrieved ProfileValueSource type [class org.springframework.test.annotation.SystemProfileValueSource] for class [com.pixalione.monetoring.v2.RobotsTxtApplicationTest]
10:32:41.960 [main] DEBUG org.springframework.test.annotation.ProfileValueUtils - Retrieved @ProfileValueSourceConfiguration [null] for test class [com.pixalione.monetoring.v2.RobotsTxtApplicationTest]
10:32:41.960 [main] DEBUG org.springframework.test.annotation.ProfileValueUtils - Retrieved ProfileValueSource type [class org.springframework.test.annotation.SystemProfileValueSource] for class [com.pixalione.monetoring.v2.RobotsTxtApplicationTest]
10:32:41.964 [main] DEBUG org.springframework.test.context.support.AbstractDirtiesContextTestExecutionListener - Before test class: context [DefaultTestContext@2893de87 testClass = RobotsTxtApplicationTest, testInstance = [null], testMethod = [null], testException = [null], mergedContextConfiguration = [WebMergedContextConfiguration@55ca8de8 testClass = RobotsTxtApplicationTest, locations = '{}', classes = '{class com.pixalione.monetoring.v2.RobotsTxtApplication}', contextInitializerClasses = '[]', activeProfiles = '{}', propertySourceLocations = '{}', propertySourceProperties = '{org.springframework.boot.test.context.SpringBootTestContextBootstrapper=true}', contextCustomizers = set[org.springframework.boot.test.context.SpringBootTestContextCustomizer@2b2948e2, org.springframework.boot.test.context.filter.ExcludeFilterContextCustomizer@3b0143d3, org.springframework.boot.test.mock.mockito.MockitoContextCustomizer@0, org.springframework.boot.test.autoconfigure.properties.PropertyMappingContextCustomizer@0, org.springframework.boot.test.autoconfigure.web.servlet.WebDriverContextCustomizerFactory$Customizer@79be0360], resourceBasePath = 'src/main/webapp', contextLoader = 'org.springframework.boot.test.context.SpringBootContextLoader', parent = [null]]], class annotated with @DirtiesContext [false] with mode [null].
10:32:41.964 [main] DEBUG org.springframework.test.annotation.ProfileValueUtils - Retrieved @ProfileValueSourceConfiguration [null] for test class [com.pixalione.monetoring.v2.RobotsTxtApplicationTest]
10:32:41.964 [main] DEBUG org.springframework.test.annotation.ProfileValueUtils - Retrieved ProfileValueSource type [class org.springframework.test.annotation.SystemProfileValueSource] for class [com.pixalione.monetoring.v2.RobotsTxtApplicationTest]
10:32:42.026 [main] DEBUG org.springframework.core.env.StandardEnvironment - Adding [systemProperties] PropertySource with lowest search precedence
10:32:42.026 [main] DEBUG org.springframework.core.env.StandardEnvironment - Adding [systemEnvironment] PropertySource with lowest search precedence
10:32:42.026 [main] DEBUG org.springframework.core.env.StandardEnvironment - Initialized StandardEnvironment with PropertySources [systemProperties,systemEnvironment]
10:32:42.027 [main] DEBUG org.springframework.test.context.support.TestPropertySourceUtils - Adding inlined properties to environment: {spring.jmx.enabled=false, org.springframework.boot.test.context.SpringBootTestContextBootstrapper=true, server.port=-1}
10:32:42.028 [main] DEBUG org.springframework.core.env.StandardEnvironment - Adding [Inlined Test Properties] PropertySource with highest search precedence

  .   ____          _            __ _ _
 /\\ / ___'_ __ _ _(_)_ __  __ _ \ \ \ \
( ( )\___ | '_ | '_| | '_ \/ _` | \ \ \ \
 \\/  ___)| |_)| | | | | || (_| |  ) ) ) )
  '  |____| .__|_| |_|_| |_\__, | / / / /
 =========|_|==============|___/=/_/_/_/
 :: Spring Boot ::        (v1.4.3.RELEASE)

2018-04-17 10:32:42.730  INFO 19747 --- [           main] c.p.m.v2.RobotsTxtApplicationTest        : Starting RobotsTxtApplicationTest on 58305515bd83 with PID 19747 (started by root in /var/jenkins_home/workspace/robottxtservice_master-ETL2XKAMIY3Y7BITJJG6N6FNWIVCHQM3WT5JAWC6CJ7XZXSK2RCA)
2018-04-17 10:32:42.732  INFO 19747 --- [           main] c.p.m.v2.RobotsTxtApplicationTest        : No active profile set, falling back to default profiles: default
2018-04-17 10:32:42.793  INFO 19747 --- [           main] o.s.w.c.s.GenericWebApplicationContext   : Refreshing org.springframework.web.context.support.GenericWebApplicationContext@4bd31064: startup date [Tue Apr 17 10:32:42 UTC 2018]; root of context hierarchy
2018-04-17 10:32:43.782  INFO 19747 --- [           main] o.s.b.f.s.DefaultListableBeanFactory     : Overriding bean definition for bean 'mongo' with a different definition: replacing [Root bean: class [null]; scope=; abstract=false; lazyInit=false; autowireMode=3; dependencyCheck=0; autowireCandidate=true; primary=false; factoryBeanName=mongoConfig; factoryMethodName=mongo; initMethodName=null; destroyMethodName=(inferred); defined in class path resource [com/pixalione/monetoring/v2/Robots/Config/MongoConfig.class]] with [Root bean: class [null]; scope=; abstract=false; lazyInit=false; autowireMode=3; dependencyCheck=0; autowireCandidate=true; primary=false; factoryBeanName=org.springframework.boot.autoconfigure.mongo.MongoAutoConfiguration; factoryMethodName=mongo; initMethodName=null; destroyMethodName=(inferred); defined in class path resource [org/springframework/boot/autoconfigure/mongo/MongoAutoConfiguration.class]]
2018-04-17 10:32:44.777  INFO 19747 --- [           main] org.mongodb.driver.cluster               : Cluster created with settings {hosts=[213.32.75.99:27017], mode=MULTIPLE, requiredClusterType=UNKNOWN, serverSelectionTimeout='30000 ms', maxWaitQueueSize=500}
2018-04-17 10:32:44.777  INFO 19747 --- [           main] org.mongodb.driver.cluster               : Adding discovered server 213.32.75.99:27017 to client view of cluster
2018-04-17 10:32:45.028  INFO 19747 --- [.32.75.99:27017] org.mongodb.driver.connection            : Opened connection [connectionId{localValue:1, serverValue:638}] to 213.32.75.99:27017
2018-04-17 10:32:45.031  INFO 19747 --- [.32.75.99:27017] org.mongodb.driver.cluster               : Monitor thread successfully connected to server with description ServerDescription{address=213.32.75.99:27017, type=STANDALONE, state=CONNECTED, ok=true, version=ServerVersion{versionList=[3, 4, 14]}, minWireVersion=0, maxWireVersion=5, maxDocumentSize=16777216, logicalSessionTimeoutMinutes=null, roundTripTimeNanos=1220457}
2018-04-17 10:32:45.032  INFO 19747 --- [.32.75.99:27017] org.mongodb.driver.cluster               : Discovered cluster type of STANDALONE
2018-04-17 10:32:45.081  INFO 19747 --- [           main] org.mongodb.driver.connection            : Opened connection [connectionId{localValue:2, serverValue:639}] to 213.32.75.99:27017
2018-04-17 10:32:45.748  INFO 19747 --- [           main] s.w.s.m.m.a.RequestMappingHandlerMapping : Mapped "{[/parseRobotTxts],methods=[POST]}" onto public java.util.Collection<com.pixalione.monetoring.v2.Robots.Models.Robot> com.pixalione.monetoring.v2.Robots.Controller.RobotTxtController.parseRobotsTxts(java.util.Set<java.lang.String>,int,int,java.lang.String,boolean,boolean)
2018-04-17 10:32:45.749  INFO 19747 --- [           main] s.w.s.m.m.a.RequestMappingHandlerMapping : Mapped "{[/parseRobotTxt],methods=[GET]}" onto public com.pixalione.monetoring.v2.Robots.Models.Robot com.pixalione.monetoring.v2.Robots.Controller.RobotTxtController.parseRobotTxt(int,int,java.lang.String,java.lang.String,boolean,boolean)
2018-04-17 10:32:45.750  INFO 19747 --- [           main] s.w.s.m.m.a.RequestMappingHandlerMapping : Mapped "{[/isAllowed],methods=[GET]}" onto public boolean com.pixalione.monetoring.v2.Robots.Controller.RulesController.isAllowed(int,int,java.lang.String,java.lang.String,java.lang.String)
2018-04-17 10:32:45.752  INFO 19747 --- [           main] s.w.s.m.m.a.RequestMappingHandlerMapping : Mapped "{[/parseSiteMaps],methods=[GET]}" onto public java.util.Set<com.pixalione.monetoring.v2.Robots.Models.SiteMap> com.pixalione.monetoring.v2.Robots.Controller.SiteMapController.getSiteMaps(int,int,java.lang.String,java.lang.String,boolean,boolean)
2018-04-17 10:32:45.753  INFO 19747 --- [           main] s.w.s.m.m.a.RequestMappingHandlerMapping : Mapped "{[/AsyncParseSiteMaps],methods=[GET]}" onto public java.util.Set<com.pixalione.monetoring.v2.Robots.Models.SiteMap> com.pixalione.monetoring.v2.Robots.Controller.SiteMapController.getAsyncSiteMaps(int,int,java.lang.String,java.lang.String,boolean,boolean)
2018-04-17 10:32:45.753  INFO 19747 --- [           main] s.w.s.m.m.a.RequestMappingHandlerMapping : Mapped "{[/setValidSiteMap],methods=[POST]}" onto public com.pixalione.monetoring.v2.Robots.Models.Robot com.pixalione.monetoring.v2.Robots.Controller.SiteMapController.setValidSiteMap(int,int,java.lang.String,java.util.Set<com.pixalione.monetoring.v2.Robots.Models.SiteMap>)
2018-04-17 10:32:45.753  INFO 19747 --- [           main] s.w.s.m.m.a.RequestMappingHandlerMapping : Mapped "{[/ParseSiteMap],methods=[POST]}" onto public java.util.Set<java.lang.String> com.pixalione.monetoring.v2.Robots.Controller.SiteMapController.ParseSiteMap(java.lang.String)
2018-04-17 10:32:45.754  INFO 19747 --- [           main] s.w.s.m.m.a.RequestMappingHandlerMapping : Mapped "{[/v2/api-docs],methods=[GET],produces=[application/json || application/hal+json]}" onto public org.springframework.http.ResponseEntity<springfox.documentation.spring.web.json.Json> springfox.documentation.swagger2.web.Swagger2Controller.getDocumentation(java.lang.String,javax.servlet.http.HttpServletRequest)
2018-04-17 10:32:45.757  INFO 19747 --- [           main] s.w.s.m.m.a.RequestMappingHandlerMapping : Mapped "{[/configuration/security]}" onto org.springframework.http.ResponseEntity<springfox.documentation.swagger.web.SecurityConfiguration> springfox.documentation.swagger.web.ApiResourceController.securityConfiguration()
2018-04-17 10:32:45.758  INFO 19747 --- [           main] s.w.s.m.m.a.RequestMappingHandlerMapping : Mapped "{[/configuration/ui]}" onto org.springframework.http.ResponseEntity<springfox.documentation.swagger.web.UiConfiguration> springfox.documentation.swagger.web.ApiResourceController.uiConfiguration()
2018-04-17 10:32:45.759  INFO 19747 --- [           main] s.w.s.m.m.a.RequestMappingHandlerMapping : Mapped "{[/swagger-resources]}" onto org.springframework.http.ResponseEntity<java.util.List<springfox.documentation.swagger.web.SwaggerResource>> springfox.documentation.swagger.web.ApiResourceController.swaggerResources()
2018-04-17 10:32:45.766  INFO 19747 --- [           main] s.w.s.m.m.a.RequestMappingHandlerMapping : Mapped "{[/error],produces=[text/html]}" onto public org.springframework.web.servlet.ModelAndView org.springframework.boot.autoconfigure.web.BasicErrorController.errorHtml(javax.servlet.http.HttpServletRequest,javax.servlet.http.HttpServletResponse)
2018-04-17 10:32:45.767  INFO 19747 --- [           main] s.w.s.m.m.a.RequestMappingHandlerMapping : Mapped "{[/error]}" onto public org.springframework.http.ResponseEntity<java.util.Map<java.lang.String, java.lang.Object>> org.springframework.boot.autoconfigure.web.BasicErrorController.error(javax.servlet.http.HttpServletRequest)
2018-04-17 10:32:46.271  INFO 19747 --- [           main] s.w.s.m.m.a.RequestMappingHandlerAdapter : Looking for @ControllerAdvice: org.springframework.web.context.support.GenericWebApplicationContext@4bd31064: startup date [Tue Apr 17 10:32:42 UTC 2018]; root of context hierarchy
2018-04-17 10:32:46.316  INFO 19747 --- [           main] o.s.w.s.handler.SimpleUrlHandlerMapping  : Mapped URL path [/webjars/**] onto handler of type [class org.springframework.web.servlet.resource.ResourceHttpRequestHandler]
2018-04-17 10:32:46.316  INFO 19747 --- [           main] o.s.w.s.handler.SimpleUrlHandlerMapping  : Mapped URL path [/**] onto handler of type [class org.springframework.web.servlet.resource.ResourceHttpRequestHandler]
2018-04-17 10:32:46.363  INFO 19747 --- [           main] o.s.w.s.handler.SimpleUrlHandlerMapping  : Mapped URL path [/**/favicon.ico] onto handler of type [class org.springframework.web.servlet.resource.ResourceHttpRequestHandler]
2018-04-17 10:32:46.578  INFO 19747 --- [           main] d.s.w.p.DocumentationPluginsBootstrapper : Context refreshed
2018-04-17 10:32:46.599  INFO 19747 --- [           main] d.s.w.p.DocumentationPluginsBootstrapper : Found 1 custom documentation plugin(s)
2018-04-17 10:32:46.608  INFO 19747 --- [           main] s.d.s.w.s.ApiListingReferenceScanner     : Scanning for api listing references
2018-04-17 10:32:46.828  INFO 19747 --- [           main] c.p.m.v2.RobotsTxtApplicationTest        : Started RobotsTxtApplicationTest in 4.792 seconds (JVM running for 5.646)
Tests run: 1, Failures: 0, Errors: 0, Skipped: 0, Time elapsed: 4.915 sec - in com.pixalione.monetoring.v2.RobotsTxtApplicationTest
Running com.pixalione.monetoring.v2.Robots.Core.RobotParserLogicTest
2018-04-17 10:32:46.869  INFO 19747 --- [           main] .b.t.c.SpringBootTestContextBootstrapper : Neither @ContextConfiguration nor @ContextHierarchy found for test class [com.pixalione.monetoring.v2.Robots.Core.RobotParserLogicTest], using SpringBootContextLoader
2018-04-17 10:32:46.870  INFO 19747 --- [           main] o.s.t.c.support.AbstractContextLoader    : Could not detect default resource locations for test class [com.pixalione.monetoring.v2.Robots.Core.RobotParserLogicTest]: no resource found for suffixes {-context.xml, Context.groovy}.
2018-04-17 10:32:46.870  INFO 19747 --- [           main] t.c.s.AnnotationConfigContextLoaderUtils : Could not detect default configuration classes for test class [com.pixalione.monetoring.v2.Robots.Core.RobotParserLogicTest]: RobotParserLogicTest does not declare any static, non-private, non-final, nested classes annotated with @Configuration.
2018-04-17 10:32:46.875  INFO 19747 --- [           main] .b.t.c.SpringBootTestContextBootstrapper : Found @SpringBootConfiguration com.pixalione.monetoring.v2.RobotsTxtApplication for test class com.pixalione.monetoring.v2.Robots.Core.RobotParserLogicTest
2018-04-17 10:32:46.878  INFO 19747 --- [           main] .b.t.c.SpringBootTestContextBootstrapper : Loaded default TestExecutionListener class names from location [META-INF/spring.factories]: [org.springframework.boot.test.mock.mockito.MockitoTestExecutionListener, org.springframework.boot.test.mock.mockito.ResetMocksTestExecutionListener, org.springframework.boot.test.autoconfigure.restdocs.RestDocsTestExecutionListener, org.springframework.boot.test.autoconfigure.web.client.MockRestServiceServerResetTestExecutionListener, org.springframework.boot.test.autoconfigure.web.servlet.MockMvcPrintOnlyOnFailureTestExecutionListener, org.springframework.boot.test.autoconfigure.web.servlet.WebDriverTestExecutionListener, org.springframework.test.context.web.ServletTestExecutionListener, org.springframework.test.context.support.DirtiesContextBeforeModesTestExecutionListener, org.springframework.test.context.support.DependencyInjectionTestExecutionListener, org.springframework.test.context.support.DirtiesContextTestExecutionListener, org.springframework.test.context.transaction.TransactionalTestExecutionListener, org.springframework.test.context.jdbc.SqlScriptsTestExecutionListener]
2018-04-17 10:32:46.884  INFO 19747 --- [           main] .b.t.c.SpringBootTestContextBootstrapper : Using TestExecutionListeners: [org.springframework.test.context.web.ServletTestExecutionListener@3d0352, org.springframework.test.context.support.DirtiesContextBeforeModesTestExecutionListener@bb6f3f7, org.springframework.boot.test.autoconfigure.SpringBootDependencyInjectionTestExecutionListener@388f1258, org.springframework.test.context.support.DirtiesContextTestExecutionListener@62058742, org.springframework.test.context.transaction.TransactionalTestExecutionListener@aca2fc3, org.springframework.test.context.jdbc.SqlScriptsTestExecutionListener@36df4c26, org.springframework.boot.test.autoconfigure.web.servlet.MockMvcPrintOnlyOnFailureTestExecutionListener@76828577, org.springframework.boot.test.autoconfigure.restdocs.RestDocsTestExecutionListener@38732372, org.springframework.boot.test.mock.mockito.ResetMocksTestExecutionListener@639cb788, org.springframework.boot.test.autoconfigure.web.servlet.WebDriverTestExecutionListener@2fee69a1, org.springframework.boot.test.autoconfigure.web.client.MockRestServiceServerResetTestExecutionListener@4d25f816, org.springframework.boot.test.mock.mockito.MockitoTestExecutionListener@6c6c2a73]
2018-04-17 10:32:47.087  WARN 19747 --- [           main] c.p.m.v2.Robots.Core.RobotsUtils         : Please check the permission to access data on this server : https://www.historiae-secrets.com/robots.txt
# robots.txt automaticaly generated by PrestaShop e-commerce open-source solution # http://www.prestashop.com - http://www.prestashop.com/forums # This file is to prevent the crawling and indexing of certain parts # of your site by web crawlers and spiders run by sites like Yahoo! # and Google. By telling these "robots" where not to go on your site, # you save bandwidth and server resources. # For more information about the robots.txt standard, see: # http://www.robotstxt.org/robotstxt.html User-agent: * # Allow Directives Allow: */modules/*.css Allow: */modules/*.js # Private pages Disallow: /*?orderby= Disallow: /*?orderway= Disallow: /*?tag= Disallow: /*?id_currency= Disallow: /*?search_query= Disallow: /*?back= Disallow: /*?n= Disallow: /*&orderby= Disallow: /*&orderway= Disallow: /*&tag= Disallow: /*&id_currency= Disallow: /*&search_query= Disallow: /*&back= Disallow: /*&n= Disallow: /*controller=addresses Disallow: /*controller=address Disallow: /*controller=authentication Disallow: /*controller=cart Disallow: /*controller=discount Disallow: /*controller=footer Disallow: /*controller=get-file Disallow: /*controller=header Disallow: /*controller=history Disallow: /*controller=identity Disallow: /*controller=images.inc Disallow: /*controller=init Disallow: /*controller=my-account Disallow: /*controller=order Disallow: /*controller=order-opc Disallow: /*controller=order-slip Disallow: /*controller=order-detail Disallow: /*controller=order-follow Disallow: /*controller=order-return Disallow: /*controller=order-confirmation Disallow: /*controller=pagination Disallow: /*controller=password Disallow: /*controller=pdf-invoice Disallow: /*controller=pdf-order-return Disallow: /*controller=pdf-order-slip Disallow: /*controller=product-sort Disallow: /*controller=search Disallow: /*controller=statistics Disallow: /*controller=attachment Disallow: /*controller=guest-tracking # Directories Disallow: */classes/ Disallow: */config/ Disallow: */download/ Disallow: */mails/ Disallow: */modules/ Disallow: */translations/ Disallow: */tools/ # Files Disallow: /*recuperation-mot-de-passe Disallow: /*adresse Disallow: /*adresses Disallow: /*connexion Disallow: /*panier Disallow: /*reduction Disallow: /*historique-commandes Disallow: /*identite Disallow: /*mon-compte Disallow: /*suivi-commande Disallow: /*avoirs Disallow: /*commande Disallow: /*recherche Disallow: /*commande-rapide Disallow: /*suivi-commande-invite Disallow: /*confirmation-commande
Tests run: 1, Failures: 0, Errors: 0, Skipped: 0, Time elapsed: 0.329 sec - in com.pixalione.monetoring.v2.Robots.Core.RobotParserLogicTest
2018-04-17 10:32:47.208  INFO 19747 --- [       Thread-1] o.s.w.c.s.GenericWebApplicationContext   : Closing org.springframework.web.context.support.GenericWebApplicationContext@4bd31064: startup date [Tue Apr 17 10:32:42 UTC 2018]; root of context hierarchy
2018-04-17 10:32:47.223  INFO 19747 --- [       Thread-1] org.mongodb.driver.connection            : Closed connection [connectionId{localValue:2, serverValue:639}] to 213.32.75.99:27017 because the pool has been closed.

Results :

Tests run: 2, Failures: 0, Errors: 0, Skipped: 0

[INFO] 
[INFO] --- maven-jar-plugin:2.6:jar (default-jar) @ robottxt ---
[INFO] Building jar: /var/jenkins_home/workspace/robottxtservice_master-ETL2XKAMIY3Y7BITJJG6N6FNWIVCHQM3WT5JAWC6CJ7XZXSK2RCA/target/robottxt-0.0.1-SNAPSHOT.jar
[INFO] 
[INFO] --- spring-boot-maven-plugin:1.4.3.RELEASE:repackage (default) @ robottxt ---
[INFO] 
[INFO] --- dockerfile-maven-plugin:1.4.0:build (default) @ robottxt ---
[INFO] Building Docker context /var/jenkins_home/workspace/robottxtservice_master-ETL2XKAMIY3Y7BITJJG6N6FNWIVCHQM3WT5JAWC6CJ7XZXSK2RCA
[INFO] 
[INFO] Image will be built as robottxt:latest
[INFO] 
[INFO] Step 1/6 : FROM openjdk:8-jdk-alpine
[INFO] 
[INFO] Pulling from library/openjdk
[INFO] Digest: sha256:e82316151c501a2a0f73b3089da8dc867816470a464fcb191db9f88c2343ad53
[INFO] Status: Image is up to date for openjdk:8-jdk-alpine
[INFO]  ---> 224765a6bdbe
[INFO] Step 2/6 : VOLUME /tmp
[INFO] 
[INFO]  ---> Using cache
[INFO]  ---> ea6e1d43f07b
[INFO] Step 3/6 : ARG JAR_FILE
[INFO] 
[INFO]  ---> Using cache
[INFO]  ---> 3921928e2bd8
[INFO] Step 4/6 : ADD ${JAR_FILE} app.jar
[INFO] 
[INFO]  ---> eef538b65428
[INFO] Step 5/6 : EXPOSE 6060/tcp
[INFO] 
[INFO]  ---> Running in d7ebb9ce63d3
[INFO] Removing intermediate container d7ebb9ce63d3
[INFO]  ---> b1505060a03e
[INFO] Step 6/6 : ENTRYPOINT ["java","-Djava.security.egd=file:/dev/./urandom","-jar","/app.jar"]
[INFO] 
[INFO]  ---> Running in cae5ebaeb7ba
[INFO] Removing intermediate container cae5ebaeb7ba
[INFO]  ---> d689b153168f
[INFO] Successfully built d689b153168f
[INFO] Successfully tagged robottxt:latest
[INFO] 
[INFO] Detected build of image with id d689b153168f
[INFO] Building jar: /var/jenkins_home/workspace/robottxtservice_master-ETL2XKAMIY3Y7BITJJG6N6FNWIVCHQM3WT5JAWC6CJ7XZXSK2RCA/target/robottxt-0.0.1-SNAPSHOT-docker-info.jar
[INFO] Successfully built robottxt:latest
[INFO] ------------------------------------------------------------------------
[INFO] BUILD SUCCESS
[INFO] ------------------------------------------------------------------------
[INFO] Total time: 16.831 s
[INFO] Finished at: 2018-04-17T10:32:55Z
[INFO] Final Memory: 53M/857M
[INFO] ------------------------------------------------------------------------
[8mha:////4M0V9PLP6zVz+MKemnNnnAazoay+mPDPpiBaS17KUDe5AAAAaB+LCAAAAAAAAP9b85aBtbiIwTG/KF0vKzUvOzOvODlTryCnNB3I0ivPL8pOy8kv18vKT9JLzs8rzs9J1QuHCgaV5jlDhPzyS1IZIICRiYGhoohBKqM0pTg/D64Hh8ICAFt0h+h/AAAA[0m[Pipeline] }
[8mha:////4M0V9PLP6zVz+MKemnNnnAazoay+mPDPpiBaS17KUDe5AAAAaB+LCAAAAAAAAP9b85aBtbiIwTG/KF0vKzUvOzOvODlTryCnNB3I0ivPL8pOy8kv18vKT9JLzs8rzs9J1QuHCgaV5jlDhPzyS1IZIICRiYGhoohBKqM0pTg/D64Hh8ICAFt0h+h/AAAA[0m[Pipeline] // stage
[8mha:////4M0V9PLP6zVz+MKemnNnnAazoay+mPDPpiBaS17KUDe5AAAAaB+LCAAAAAAAAP9b85aBtbiIwTG/KF0vKzUvOzOvODlTryCnNB3I0ivPL8pOy8kv18vKT9JLzs8rzs9J1QuHCgaV5jlDhPzyS1IZIICRiYGhoohBKqM0pTg/D64Hh8ICAFt0h+h/AAAA[0m[Pipeline] stage
[8mha:////4M0V9PLP6zVz+MKemnNnnAazoay+mPDPpiBaS17KUDe5AAAAaB+LCAAAAAAAAP9b85aBtbiIwTG/KF0vKzUvOzOvODlTryCnNB3I0ivPL8pOy8kv18vKT9JLzs8rzs9J1QuHCgaV5jlDhPzyS1IZIICRiYGhoohBKqM0pTg/D64Hh8ICAFt0h+h/AAAA[0m[Pipeline] { (Push Image)
[8mha:////4M0V9PLP6zVz+MKemnNnnAazoay+mPDPpiBaS17KUDe5AAAAaB+LCAAAAAAAAP9b85aBtbiIwTG/KF0vKzUvOzOvODlTryCnNB3I0ivPL8pOy8kv18vKT9JLzs8rzs9J1QuHCgaV5jlDhPzyS1IZIICRiYGhoohBKqM0pTg/D64Hh8ICAFt0h+h/AAAA[0m[Pipeline] sh
[robottxtservice_master-ETL2XKAMIY3Y7BITJJG6N6FNWIVCHQM3WT5JAWC6CJ7XZXSK2RCA] Running shell script
+ make push
[1;33m=> Pushing Robot txt Docker Image ...
[0mLoaded image: robottxt:latest
[1;33m=> Stage Test and Build Complete
[0m[8mha:////4M0V9PLP6zVz+MKemnNnnAazoay+mPDPpiBaS17KUDe5AAAAaB+LCAAAAAAAAP9b85aBtbiIwTG/KF0vKzUvOzOvODlTryCnNB3I0ivPL8pOy8kv18vKT9JLzs8rzs9J1QuHCgaV5jlDhPzyS1IZIICRiYGhoohBKqM0pTg/D64Hh8ICAFt0h+h/AAAA[0m[Pipeline] }
[8mha:////4M0V9PLP6zVz+MKemnNnnAazoay+mPDPpiBaS17KUDe5AAAAaB+LCAAAAAAAAP9b85aBtbiIwTG/KF0vKzUvOzOvODlTryCnNB3I0ivPL8pOy8kv18vKT9JLzs8rzs9J1QuHCgaV5jlDhPzyS1IZIICRiYGhoohBKqM0pTg/D64Hh8ICAFt0h+h/AAAA[0m[Pipeline] // stage
[8mha:////4M0V9PLP6zVz+MKemnNnnAazoay+mPDPpiBaS17KUDe5AAAAaB+LCAAAAAAAAP9b85aBtbiIwTG/KF0vKzUvOzOvODlTryCnNB3I0ivPL8pOy8kv18vKT9JLzs8rzs9J1QuHCgaV5jlDhPzyS1IZIICRiYGhoohBKqM0pTg/D64Hh8ICAFt0h+h/AAAA[0m[Pipeline] stage
[8mha:////4M0V9PLP6zVz+MKemnNnnAazoay+mPDPpiBaS17KUDe5AAAAaB+LCAAAAAAAAP9b85aBtbiIwTG/KF0vKzUvOzOvODlTryCnNB3I0ivPL8pOy8kv18vKT9JLzs8rzs9J1QuHCgaV5jlDhPzyS1IZIICRiYGhoohBKqM0pTg/D64Hh8ICAFt0h+h/AAAA[0m[Pipeline] { (Clean Env)
[8mha:////4M0V9PLP6zVz+MKemnNnnAazoay+mPDPpiBaS17KUDe5AAAAaB+LCAAAAAAAAP9b85aBtbiIwTG/KF0vKzUvOzOvODlTryCnNB3I0ivPL8pOy8kv18vKT9JLzs8rzs9J1QuHCgaV5jlDhPzyS1IZIICRiYGhoohBKqM0pTg/D64Hh8ICAFt0h+h/AAAA[0m[Pipeline] sh
[robottxtservice_master-ETL2XKAMIY3Y7BITJJG6N6FNWIVCHQM3WT5JAWC6CJ7XZXSK2RCA] Running shell script
+ make clean
[1;33m=> Destroying the build environment...
[0mDeleted: sha256:d188107c46aeccba45dd7d86cd1a5c48d966d8ec350b097461d2ceffa7c98ced
Deleted: sha256:dde059e43fe2a7c0b8b4f4cf5fabb6e6c6100d1728e240a0a5f128f64b0a913b
Deleted: sha256:20516f274f6ce278705cc068d9556781917b66d27ca886cfe631a4de75553fda
Deleted: sha256:6047354c015eef66e79d87852ba22486be6d8e5123b40a837ce80f7be81d5c75
[1;33m=> Clean Complete
[0m[8mha:////4M0V9PLP6zVz+MKemnNnnAazoay+mPDPpiBaS17KUDe5AAAAaB+LCAAAAAAAAP9b85aBtbiIwTG/KF0vKzUvOzOvODlTryCnNB3I0ivPL8pOy8kv18vKT9JLzs8rzs9J1QuHCgaV5jlDhPzyS1IZIICRiYGhoohBKqM0pTg/D64Hh8ICAFt0h+h/AAAA[0m[Pipeline] }
[8mha:////4M0V9PLP6zVz+MKemnNnnAazoay+mPDPpiBaS17KUDe5AAAAaB+LCAAAAAAAAP9b85aBtbiIwTG/KF0vKzUvOzOvODlTryCnNB3I0ivPL8pOy8kv18vKT9JLzs8rzs9J1QuHCgaV5jlDhPzyS1IZIICRiYGhoohBKqM0pTg/D64Hh8ICAFt0h+h/AAAA[0m[Pipeline] // stage
[8mha:////4M0V9PLP6zVz+MKemnNnnAazoay+mPDPpiBaS17KUDe5AAAAaB+LCAAAAAAAAP9b85aBtbiIwTG/KF0vKzUvOzOvODlTryCnNB3I0ivPL8pOy8kv18vKT9JLzs8rzs9J1QuHCgaV5jlDhPzyS1IZIICRiYGhoohBKqM0pTg/D64Hh8ICAFt0h+h/AAAA[0m[Pipeline] stage
[8mha:////4M0V9PLP6zVz+MKemnNnnAazoay+mPDPpiBaS17KUDe5AAAAaB+LCAAAAAAAAP9b85aBtbiIwTG/KF0vKzUvOzOvODlTryCnNB3I0ivPL8pOy8kv18vKT9JLzs8rzs9J1QuHCgaV5jlDhPzyS1IZIICRiYGhoohBKqM0pTg/D64Hh8ICAFt0h+h/AAAA[0m[Pipeline] { (Run Image)
[8mha:////4M0V9PLP6zVz+MKemnNnnAazoay+mPDPpiBaS17KUDe5AAAAaB+LCAAAAAAAAP9b85aBtbiIwTG/KF0vKzUvOzOvODlTryCnNB3I0ivPL8pOy8kv18vKT9JLzs8rzs9J1QuHCgaV5jlDhPzyS1IZIICRiYGhoohBKqM0pTg/D64Hh8ICAFt0h+h/AAAA[0m[Pipeline] sh
[robottxtservice_master-ETL2XKAMIY3Y7BITJJG6N6FNWIVCHQM3WT5JAWC6CJ7XZXSK2RCA] Running shell script
+ make release
[1;33m=> Starting Release phase...
[0m4d8075698175789b55d232d9c0edbe3e0e2a2d5d7b0c028eb55bbc9db8b5c041
[1;33m=> Realising is Done ! ...
[0m[8mha:////4M0V9PLP6zVz+MKemnNnnAazoay+mPDPpiBaS17KUDe5AAAAaB+LCAAAAAAAAP9b85aBtbiIwTG/KF0vKzUvOzOvODlTryCnNB3I0ivPL8pOy8kv18vKT9JLzs8rzs9J1QuHCgaV5jlDhPzyS1IZIICRiYGhoohBKqM0pTg/D64Hh8ICAFt0h+h/AAAA[0m[Pipeline] }
[8mha:////4M0V9PLP6zVz+MKemnNnnAazoay+mPDPpiBaS17KUDe5AAAAaB+LCAAAAAAAAP9b85aBtbiIwTG/KF0vKzUvOzOvODlTryCnNB3I0ivPL8pOy8kv18vKT9JLzs8rzs9J1QuHCgaV5jlDhPzyS1IZIICRiYGhoohBKqM0pTg/D64Hh8ICAFt0h+h/AAAA[0m[Pipeline] // stage
[8mha:////4M0V9PLP6zVz+MKemnNnnAazoay+mPDPpiBaS17KUDe5AAAAaB+LCAAAAAAAAP9b85aBtbiIwTG/KF0vKzUvOzOvODlTryCnNB3I0ivPL8pOy8kv18vKT9JLzs8rzs9J1QuHCgaV5jlDhPzyS1IZIICRiYGhoohBKqM0pTg/D64Hh8ICAFt0h+h/AAAA[0m[Pipeline] }
[8mha:////4M0V9PLP6zVz+MKemnNnnAazoay+mPDPpiBaS17KUDe5AAAAaB+LCAAAAAAAAP9b85aBtbiIwTG/KF0vKzUvOzOvODlTryCnNB3I0ivPL8pOy8kv18vKT9JLzs8rzs9J1QuHCgaV5jlDhPzyS1IZIICRiYGhoohBKqM0pTg/D64Hh8ICAFt0h+h/AAAA[0m[Pipeline] // node
[8mha:////4M0V9PLP6zVz+MKemnNnnAazoay+mPDPpiBaS17KUDe5AAAAaB+LCAAAAAAAAP9b85aBtbiIwTG/KF0vKzUvOzOvODlTryCnNB3I0ivPL8pOy8kv18vKT9JLzs8rzs9J1QuHCgaV5jlDhPzyS1IZIICRiYGhoohBKqM0pTg/D64Hh8ICAFt0h+h/AAAA[0m[Pipeline] End of Pipeline
[Bitbucket] Notifying commit build result
[Bitbucket] Build result notified
Finished: SUCCESS
